{"/home/marsh-office/papercupai-workspace/papercusp/libs/test-config/src/admin-test-runs-reporter.ts": {"path":"/home/marsh-office/papercupai-workspace/papercusp/libs/test-config/src/admin-test-runs-reporter.ts","statementMap":{"0":{"start":{"line":61,"column":2},"end":{"line":67,"column":null}},"1":{"start":{"line":62,"column":10},"end":{"line":62,"column":null}},"2":{"start":{"line":63,"column":4},"end":{"line":63,"column":null}},"3":{"start":{"line":63,"column":26},"end":{"line":63,"column":null}},"4":{"start":{"line":64,"column":4},"end":{"line":64,"column":null}},"5":{"start":{"line":66,"column":4},"end":{"line":66,"column":null}},"6":{"start":{"line":68,"column":2},"end":{"line":68,"column":null}},"7":{"start":{"line":68,"column":15},"end":{"line":68,"column":null}},"8":{"start":{"line":69,"column":2},"end":{"line":89,"column":null}},"9":{"start":{"line":71,"column":10},"end":{"line":71,"column":null}},"10":{"start":{"line":72,"column":14},"end":{"line":72,"column":null}},"11":{"start":{"line":73,"column":4},"end":{"line":73,"column":null}},"12":{"start":{"line":73,"column":12},"end":{"line":73,"column":null}},"13":{"start":{"line":75,"column":19},"end":{"line":75,"column":null}},"14":{"start":{"line":79,"column":27},"end":{"line":79,"column":null}},"15":{"start":{"line":80,"column":26},"end":{"line":80,"column":null}},"16":{"start":{"line":81,"column":4},"end":{"line":84,"column":null}},"17":{"start":{"line":82,"column":29},"end":{"line":82,"column":null}},"18":{"start":{"line":83,"column":6},"end":{"line":83,"column":null}},"19":{"start":{"line":85,"column":4},"end":{"line":85,"column":null}},"20":{"start":{"line":85,"column":49},"end":{"line":85,"column":null}},"21":{"start":{"line":86,"column":4},"end":{"line":86,"column":null}},"22":{"start":{"line":88,"column":4},"end":{"line":88,"column":null}},"23":{"start":{"line":94,"column":33},"end":{"line":94,"column":null}},"24":{"start":{"line":96,"column":2},"end":{"line":96,"column":null}},"25":{"start":{"line":96,"column":19},"end":{"line":96,"column":null}},"26":{"start":{"line":107,"column":6},"end":{"line":107,"column":null}},"27":{"start":{"line":108,"column":2},"end":{"line":116,"column":null}},"28":{"start":{"line":109,"column":4},"end":{"line":112,"column":null}},"29":{"start":{"line":110,"column":6},"end":{"line":110,"column":null}},"30":{"start":{"line":111,"column":6},"end":{"line":111,"column":null}},"31":{"start":{"line":113,"column":10},"end":{"line":113,"column":null}},"32":{"start":{"line":114,"column":4},"end":{"line":114,"column":null}},"33":{"start":{"line":114,"column":24},"end":{"line":114,"column":null}},"34":{"start":{"line":115,"column":4},"end":{"line":115,"column":null}},"35":{"start":{"line":117,"column":2},"end":{"line":117,"column":null}},"36":{"start":{"line":118,"column":2},"end":{"line":118,"column":null}},"37":{"start":{"line":134,"column":2},"end":{"line":134,"column":null}},"38":{"start":{"line":134,"column":19},"end":{"line":134,"column":null}},"39":{"start":{"line":135,"column":8},"end":{"line":135,"column":null}},"40":{"start":{"line":136,"column":2},"end":{"line":136,"column":null}},"41":{"start":{"line":141,"column":50},"end":{"line":141,"column":null}},"42":{"start":{"line":143,"column":19},"end":{"line":143,"column":null}},"43":{"start":{"line":144,"column":2},"end":{"line":144,"column":null}},"44":{"start":{"line":144,"column":64},"end":{"line":144,"column":null}},"45":{"start":{"line":145,"column":2},"end":{"line":145,"column":null}},"46":{"start":{"line":166,"column":2},"end":{"line":166,"column":null}},"47":{"start":{"line":187,"column":18},"end":{"line":187,"column":null}},"48":{"start":{"line":188,"column":2},"end":{"line":188,"column":null}},"49":{"start":{"line":199,"column":2},"end":{"line":199,"column":null}},"50":{"start":{"line":220,"column":2},"end":{"line":220,"column":null}},"51":{"start":{"line":220,"column":39},"end":{"line":220,"column":null}},"52":{"start":{"line":221,"column":2},"end":{"line":221,"column":null}},"53":{"start":{"line":221,"column":38},"end":{"line":221,"column":null}},"54":{"start":{"line":222,"column":2},"end":{"line":222,"column":null}},"55":{"start":{"line":222,"column":61},"end":{"line":222,"column":null}},"56":{"start":{"line":223,"column":2},"end":{"line":223,"column":null}},"57":{"start":{"line":223,"column":42},"end":{"line":223,"column":null}},"58":{"start":{"line":224,"column":2},"end":{"line":224,"column":null}},"59":{"start":{"line":224,"column":41},"end":{"line":224,"column":null}},"60":{"start":{"line":225,"column":2},"end":{"line":225,"column":null}},"61":{"start":{"line":228,"column":65},"end":{"line":228,"column":null}},"62":{"start":{"line":230,"column":2},"end":{"line":239,"column":null}},"63":{"start":{"line":231,"column":4},"end":{"line":238,"column":null}},"64":{"start":{"line":232,"column":12},"end":{"line":234,"column":null}},"65":{"start":{"line":233,"column":8},"end":{"line":233,"column":null}},"66":{"start":{"line":235,"column":6},"end":{"line":235,"column":null}},"67":{"start":{"line":235,"column":30},"end":{"line":235,"column":44}},"68":{"start":{"line":237,"column":6},"end":{"line":237,"column":null}},"69":{"start":{"line":242,"column":14},"end":{"line":242,"column":null}},"70":{"start":{"line":243,"column":2},"end":{"line":243,"column":null}},"71":{"start":{"line":243,"column":46},"end":{"line":243,"column":null}},"72":{"start":{"line":244,"column":15},"end":{"line":244,"column":null}},"73":{"start":{"line":245,"column":33},"end":{"line":248,"column":null}},"74":{"start":{"line":249,"column":28},"end":{"line":252,"column":null}},"75":{"start":{"line":253,"column":2},"end":{"line":253,"column":null}},"76":{"start":{"line":254,"column":2},"end":{"line":254,"column":null}},"77":{"start":{"line":265,"column":15},"end":{"line":265,"column":null}},"78":{"start":{"line":266,"column":30},"end":{"line":269,"column":null}},"79":{"start":{"line":270,"column":2},"end":{"line":270,"column":null}},"80":{"start":{"line":312,"column":32},"end":{"line":312,"column":null}},"81":{"start":{"line":314,"column":39},"end":{"line":314,"column":null}},"82":{"start":{"line":315,"column":36},"end":{"line":315,"column":null}},"83":{"start":{"line":318,"column":2},"end":{"line":318,"column":null}},"84":{"start":{"line":318,"column":21},"end":{"line":318,"column":null}},"85":{"start":{"line":319,"column":2},"end":{"line":319,"column":null}},"86":{"start":{"line":323,"column":2},"end":{"line":323,"column":null}},"87":{"start":{"line":323,"column":33},"end":{"line":323,"column":null}},"88":{"start":{"line":324,"column":2},"end":{"line":337,"column":null}},"89":{"start":{"line":325,"column":17},"end":{"line":325,"column":null}},"90":{"start":{"line":326,"column":20},"end":{"line":333,"column":null}},"91":{"start":{"line":327,"column":6},"end":{"line":327,"column":null}},"92":{"start":{"line":327,"column":37},"end":{"line":327,"column":null}},"93":{"start":{"line":328,"column":6},"end":{"line":331,"column":null}},"94":{"start":{"line":329,"column":8},"end":{"line":329,"column":null}},"95":{"start":{"line":329,"column":29},"end":{"line":329,"column":null}},"96":{"start":{"line":330,"column":8},"end":{"line":330,"column":null}},"97":{"start":{"line":332,"column":6},"end":{"line":332,"column":null}},"98":{"start":{"line":334,"column":4},"end":{"line":334,"column":null}},"99":{"start":{"line":334,"column":31},"end":{"line":334,"column":null}},"100":{"start":{"line":338,"column":2},"end":{"line":342,"column":null}},"101":{"start":{"line":339,"column":4},"end":{"line":339,"column":null}},"102":{"start":{"line":341,"column":4},"end":{"line":341,"column":null}},"103":{"start":{"line":346,"column":2},"end":{"line":350,"column":null}},"104":{"start":{"line":347,"column":4},"end":{"line":347,"column":null}},"105":{"start":{"line":347,"column":44},"end":{"line":347,"column":null}},"106":{"start":{"line":351,"column":2},"end":{"line":351,"column":null}},"107":{"start":{"line":361,"column":2},"end":{"line":366,"column":null}},"108":{"start":{"line":362,"column":16},"end":{"line":362,"column":null}},"109":{"start":{"line":363,"column":4},"end":{"line":363,"column":null}},"110":{"start":{"line":363,"column":43},"end":{"line":363,"column":null}},"111":{"start":{"line":367,"column":16},"end":{"line":367,"column":null}},"112":{"start":{"line":368,"column":2},"end":{"line":372,"column":null}},"113":{"start":{"line":369,"column":18},"end":{"line":369,"column":null}},"114":{"start":{"line":370,"column":4},"end":{"line":370,"column":null}},"115":{"start":{"line":370,"column":29},"end":{"line":370,"column":null}},"116":{"start":{"line":371,"column":4},"end":{"line":371,"column":null}},"117":{"start":{"line":373,"column":2},"end":{"line":373,"column":null}},"118":{"start":{"line":373,"column":24},"end":{"line":373,"column":null}},"119":{"start":{"line":374,"column":2},"end":{"line":374,"column":null}},"120":{"start":{"line":378,"column":2},"end":{"line":400,"column":null}},"121":{"start":{"line":379,"column":19},"end":{"line":379,"column":null}},"122":{"start":{"line":383,"column":16},"end":{"line":383,"column":null}},"123":{"start":{"line":384,"column":4},"end":{"line":384,"column":null}},"124":{"start":{"line":384,"column":29},"end":{"line":384,"column":null}},"125":{"start":{"line":385,"column":4},"end":{"line":397,"column":null}},"126":{"start":{"line":387,"column":8},"end":{"line":387,"column":null}},"127":{"start":{"line":387,"column":49},"end":{"line":387,"column":null}},"128":{"start":{"line":388,"column":22},"end":{"line":388,"column":null}},"129":{"start":{"line":389,"column":8},"end":{"line":389,"column":null}},"130":{"start":{"line":389,"column":108},"end":{"line":389,"column":null}},"131":{"start":{"line":390,"column":42},"end":{"line":390,"column":null}},"132":{"start":{"line":391,"column":8},"end":{"line":393,"column":null}},"133":{"start":{"line":392,"column":10},"end":{"line":392,"column":null}},"134":{"start":{"line":392,"column":42},"end":{"line":392,"column":null}},"135":{"start":{"line":394,"column":8},"end":{"line":394,"column":null}},"136":{"start":{"line":396,"column":53},"end":{"line":396,"column":67}},"137":{"start":{"line":399,"column":4},"end":{"line":399,"column":null}},"138":{"start":{"line":404,"column":15},"end":{"line":404,"column":null}},"139":{"start":{"line":405,"column":2},"end":{"line":405,"column":null}},"140":{"start":{"line":405,"column":37},"end":{"line":405,"column":null}},"141":{"start":{"line":407,"column":19},"end":{"line":407,"column":null}},"142":{"start":{"line":408,"column":17},"end":{"line":408,"column":null}},"143":{"start":{"line":409,"column":2},"end":{"line":419,"column":null}},"144":{"start":{"line":410,"column":16},"end":{"line":410,"column":null}},"145":{"start":{"line":411,"column":21},"end":{"line":411,"column":null}},"146":{"start":{"line":412,"column":4},"end":{"line":418,"column":null}},"147":{"start":{"line":421,"column":18},"end":{"line":421,"column":null}},"148":{"start":{"line":422,"column":15},"end":{"line":422,"column":null}},"149":{"start":{"line":423,"column":2},"end":{"line":428,"column":null}},"150":{"start":{"line":424,"column":4},"end":{"line":424,"column":null}},"151":{"start":{"line":425,"column":4},"end":{"line":425,"column":null}},"152":{"start":{"line":427,"column":4},"end":{"line":427,"column":null}},"153":{"start":{"line":427,"column":10},"end":{"line":427,"column":28}},"154":{"start":{"line":449,"column":2},"end":{"line":449,"column":null}},"155":{"start":{"line":449,"column":49},"end":{"line":449,"column":null}},"156":{"start":{"line":450,"column":2},"end":{"line":450,"column":null}},"157":{"start":{"line":450,"column":77},"end":{"line":450,"column":null}},"158":{"start":{"line":451,"column":15},"end":{"line":451,"column":null}},"159":{"start":{"line":455,"column":17},"end":{"line":455,"column":null}},"160":{"start":{"line":456,"column":2},"end":{"line":456,"column":null}},"161":{"start":{"line":456,"column":80},"end":{"line":456,"column":null}},"162":{"start":{"line":457,"column":2},"end":{"line":457,"column":null}},"163":{"start":{"line":457,"column":94},"end":{"line":457,"column":null}},"164":{"start":{"line":458,"column":23},"end":{"line":460,"column":null}},"165":{"start":{"line":461,"column":2},"end":{"line":461,"column":null}},"166":{"start":{"line":461,"column":63},"end":{"line":461,"column":null}},"167":{"start":{"line":462,"column":16},"end":{"line":462,"column":null}},"168":{"start":{"line":463,"column":2},"end":{"line":463,"column":null}},"169":{"start":{"line":463,"column":37},"end":{"line":463,"column":null}},"170":{"start":{"line":464,"column":2},"end":{"line":464,"column":null}},"171":{"start":{"line":467,"column":89},"end":{"line":467,"column":null}},"172":{"start":{"line":470,"column":19},"end":{"line":470,"column":null}},"173":{"start":{"line":471,"column":2},"end":{"line":474,"column":null}},"174":{"start":{"line":472,"column":18},"end":{"line":472,"column":null}},"175":{"start":{"line":473,"column":4},"end":{"line":473,"column":null}},"176":{"start":{"line":473,"column":46},"end":{"line":473,"column":null}},"177":{"start":{"line":475,"column":20},"end":{"line":477,"column":null}},"178":{"start":{"line":478,"column":8},"end":{"line":478,"column":null}},"179":{"start":{"line":479,"column":2},"end":{"line":481,"column":null}},"180":{"start":{"line":480,"column":4},"end":{"line":480,"column":null}},"181":{"start":{"line":482,"column":29},"end":{"line":482,"column":null}},"182":{"start":{"line":483,"column":2},"end":{"line":488,"column":null}},"183":{"start":{"line":484,"column":21},"end":{"line":484,"column":null}},"184":{"start":{"line":485,"column":4},"end":{"line":485,"column":null}},"185":{"start":{"line":487,"column":4},"end":{"line":487,"column":null}},"186":{"start":{"line":489,"column":2},"end":{"line":489,"column":null}},"187":{"start":{"line":490,"column":2},"end":{"line":490,"column":null}},"188":{"start":{"line":496,"column":23},"end":{"line":496,"column":null}},"189":{"start":{"line":497,"column":29},"end":{"line":497,"column":null}},"190":{"start":{"line":498,"column":2},"end":{"line":502,"column":null}},"191":{"start":{"line":499,"column":4},"end":{"line":499,"column":null}},"192":{"start":{"line":501,"column":4},"end":{"line":501,"column":null}},"193":{"start":{"line":503,"column":2},"end":{"line":503,"column":null}},"194":{"start":{"line":516,"column":15},"end":{"line":516,"column":null}},"195":{"start":{"line":517,"column":2},"end":{"line":517,"column":null}},"196":{"start":{"line":520,"column":28},"end":{"line":524,"column":null}},"197":{"start":{"line":538,"column":2},"end":{"line":538,"column":null}},"198":{"start":{"line":538,"column":65},"end":{"line":538,"column":null}},"199":{"start":{"line":539,"column":2},"end":{"line":539,"column":null}},"200":{"start":{"line":539,"column":75},"end":{"line":539,"column":null}},"201":{"start":{"line":540,"column":2},"end":{"line":540,"column":null}},"202":{"start":{"line":540,"column":103},"end":{"line":540,"column":null}},"203":{"start":{"line":546,"column":2},"end":{"line":546,"column":null}},"204":{"start":{"line":546,"column":46},"end":{"line":546,"column":null}},"205":{"start":{"line":554,"column":2},"end":{"line":554,"column":null}},"206":{"start":{"line":554,"column":42},"end":{"line":554,"column":null}},"207":{"start":{"line":555,"column":2},"end":{"line":555,"column":null}},"208":{"start":{"line":555,"column":60},"end":{"line":555,"column":null}},"209":{"start":{"line":560,"column":2},"end":{"line":560,"column":null}},"210":{"start":{"line":560,"column":52},"end":{"line":560,"column":null}},"211":{"start":{"line":561,"column":2},"end":{"line":561,"column":null}},"212":{"start":{"line":561,"column":43},"end":{"line":561,"column":70}},"213":{"start":{"line":561,"column":73},"end":{"line":561,"column":null}},"214":{"start":{"line":562,"column":2},"end":{"line":562,"column":null}},"215":{"start":{"line":567,"column":2},"end":{"line":571,"column":null}},"216":{"start":{"line":568,"column":4},"end":{"line":568,"column":null}},"217":{"start":{"line":570,"column":4},"end":{"line":570,"column":null}},"218":{"start":{"line":572,"column":2},"end":{"line":577,"column":null}},"219":{"start":{"line":573,"column":19},"end":{"line":573,"column":null}},"220":{"start":{"line":574,"column":19},"end":{"line":574,"column":null}},"221":{"start":{"line":575,"column":20},"end":{"line":575,"column":null}},"222":{"start":{"line":576,"column":13},"end":{"line":576,"column":null}},"223":{"start":{"line":596,"column":2},"end":{"line":596,"column":null}},"224":{"start":{"line":596,"column":18},"end":{"line":596,"column":null}},"225":{"start":{"line":597,"column":2},"end":{"line":618,"column":null}},"226":{"start":{"line":598,"column":4},"end":{"line":617,"column":null}},"227":{"start":{"line":601,"column":19},"end":{"line":601,"column":null}},"228":{"start":{"line":602,"column":18},"end":{"line":602,"column":null}},"229":{"start":{"line":604,"column":8},"end":{"line":606,"column":null}},"230":{"start":{"line":607,"column":18},"end":{"line":607,"column":null}},"231":{"start":{"line":608,"column":6},"end":{"line":608,"column":null}},"232":{"start":{"line":610,"column":6},"end":{"line":615,"column":null}},"233":{"start":{"line":611,"column":8},"end":{"line":614,"column":null}},"234":{"start":{"line":612,"column":21},"end":{"line":612,"column":null}},"235":{"start":{"line":613,"column":10},"end":{"line":613,"column":null}},"236":{"start":{"line":616,"column":6},"end":{"line":616,"column":null}},"237":{"start":{"line":619,"column":2},"end":{"line":619,"column":null}},"238":{"start":{"line":623,"column":12},"end":{"line":623,"column":null}},"239":{"start":{"line":624,"column":2},"end":{"line":624,"column":null}},"240":{"start":{"line":625,"column":2},"end":{"line":625,"column":null}},"241":{"start":{"line":625,"column":10},"end":{"line":625,"column":null}},"242":{"start":{"line":626,"column":2},"end":{"line":631,"column":null}},"243":{"start":{"line":627,"column":19},"end":{"line":627,"column":null}},"244":{"start":{"line":628,"column":4},"end":{"line":628,"column":null}},"245":{"start":{"line":628,"column":21},"end":{"line":628,"column":null}},"246":{"start":{"line":662,"column":2},"end":{"line":666,"column":null}},"247":{"start":{"line":672,"column":2},"end":{"line":672,"column":null}},"248":{"start":{"line":676,"column":30},"end":{"line":676,"column":null}},"249":{"start":{"line":677,"column":30},"end":{"line":677,"column":null}},"250":{"start":{"line":678,"column":2},"end":{"line":682,"column":null}},"251":{"start":{"line":679,"column":16},"end":{"line":679,"column":null}},"252":{"start":{"line":680,"column":4},"end":{"line":680,"column":null}},"253":{"start":{"line":681,"column":4},"end":{"line":681,"column":null}},"254":{"start":{"line":684,"column":13},"end":{"line":684,"column":null}},"255":{"start":{"line":685,"column":2},"end":{"line":685,"column":null}},"256":{"start":{"line":685,"column":11},"end":{"line":685,"column":null}},"257":{"start":{"line":689,"column":17},"end":{"line":689,"column":null}},"258":{"start":{"line":690,"column":2},"end":{"line":690,"column":null}},"259":{"start":{"line":691,"column":21},"end":{"line":691,"column":null}},"260":{"start":{"line":692,"column":22},"end":{"line":692,"column":null}},"261":{"start":{"line":693,"column":22},"end":{"line":693,"column":null}},"262":{"start":{"line":694,"column":34},"end":{"line":694,"column":null}},"263":{"start":{"line":696,"column":2},"end":{"line":711,"column":null}},"264":{"start":{"line":697,"column":4},"end":{"line":708,"column":null}},"265":{"start":{"line":705,"column":33},"end":{"line":705,"column":95}},"266":{"start":{"line":705,"column":50},"end":{"line":705,"column":90}},"267":{"start":{"line":728,"column":28},"end":{"line":728,"column":null}},"268":{"start":{"line":729,"column":2},"end":{"line":737,"column":null}},"269":{"start":{"line":730,"column":17},"end":{"line":730,"column":null}},"270":{"start":{"line":731,"column":4},"end":{"line":736,"column":null}},"271":{"start":{"line":732,"column":6},"end":{"line":735,"column":null}},"272":{"start":{"line":733,"column":29},"end":{"line":733,"column":51}},"273":{"start":{"line":738,"column":2},"end":{"line":738,"column":null}},"274":{"start":{"line":738,"column":33},"end":{"line":738,"column":null}},"275":{"start":{"line":739,"column":2},"end":{"line":758,"column":null}},"276":{"start":{"line":740,"column":28},"end":{"line":740,"column":null}},"277":{"start":{"line":741,"column":24},"end":{"line":743,"column":null}},"278":{"start":{"line":744,"column":4},"end":{"line":756,"column":null}},"279":{"start":{"line":745,"column":17},"end":{"line":745,"column":null}},"280":{"start":{"line":749,"column":18},"end":{"line":749,"column":null}},"281":{"start":{"line":750,"column":6},"end":{"line":750,"column":null}},"282":{"start":{"line":750,"column":35},"end":{"line":750,"column":null}},"283":{"start":{"line":751,"column":6},"end":{"line":754,"column":null}},"284":{"start":{"line":752,"column":8},"end":{"line":752,"column":null}},"285":{"start":{"line":753,"column":8},"end":{"line":753,"column":null}},"286":{"start":{"line":753,"column":32},"end":{"line":753,"column":null}},"287":{"start":{"line":755,"column":6},"end":{"line":755,"column":null}},"288":{"start":{"line":755,"column":30},"end":{"line":755,"column":null}},"289":{"start":{"line":757,"column":4},"end":{"line":757,"column":null}},"290":{"start":{"line":757,"column":26},"end":{"line":757,"column":null}},"291":{"start":{"line":759,"column":2},"end":{"line":759,"column":null}},"292":{"start":{"line":763,"column":39},"end":{"line":763,"column":null}},"293":{"start":{"line":771,"column":27},"end":{"line":771,"column":null}},"294":{"start":{"line":772,"column":2},"end":{"line":804,"column":null}},"295":{"start":{"line":773,"column":24},"end":{"line":775,"column":null}},"296":{"start":{"line":776,"column":4},"end":{"line":801,"column":null}},"297":{"start":{"line":777,"column":17},"end":{"line":777,"column":null}},"298":{"start":{"line":784,"column":21},"end":{"line":784,"column":null}},"299":{"start":{"line":785,"column":6},"end":{"line":785,"column":null}},"300":{"start":{"line":785,"column":38},"end":{"line":785,"column":null}},"301":{"start":{"line":786,"column":6},"end":{"line":786,"column":null}},"302":{"start":{"line":787,"column":19},"end":{"line":787,"column":null}},"303":{"start":{"line":788,"column":6},"end":{"line":799,"column":null}},"304":{"start":{"line":789,"column":8},"end":{"line":789,"column":null}},"305":{"start":{"line":789,"column":20},"end":{"line":789,"column":null}},"306":{"start":{"line":790,"column":42},"end":{"line":790,"column":null}},"307":{"start":{"line":791,"column":24},"end":{"line":791,"column":null}},"308":{"start":{"line":792,"column":23},"end":{"line":792,"column":null}},"309":{"start":{"line":793,"column":25},"end":{"line":793,"column":null}},"310":{"start":{"line":794,"column":8},"end":{"line":794,"column":null}},"311":{"start":{"line":794,"column":35},"end":{"line":794,"column":null}},"312":{"start":{"line":795,"column":8},"end":{"line":795,"column":null}},"313":{"start":{"line":795,"column":34},"end":{"line":795,"column":null}},"314":{"start":{"line":796,"column":8},"end":{"line":796,"column":null}},"315":{"start":{"line":796,"column":36},"end":{"line":796,"column":null}},"316":{"start":{"line":797,"column":8},"end":{"line":797,"column":null}},"317":{"start":{"line":797,"column":74},"end":{"line":797,"column":null}},"318":{"start":{"line":798,"column":8},"end":{"line":798,"column":null}},"319":{"start":{"line":800,"column":6},"end":{"line":800,"column":null}},"320":{"start":{"line":800,"column":32},"end":{"line":800,"column":null}},"321":{"start":{"line":821,"column":2},"end":{"line":835,"column":null}},"322":{"start":{"line":822,"column":4},"end":{"line":834,"column":null}},"323":{"start":{"line":823,"column":6},"end":{"line":831,"column":null}},"324":{"start":{"line":824,"column":21},"end":{"line":824,"column":null}},"325":{"start":{"line":825,"column":8},"end":{"line":830,"column":null}},"326":{"start":{"line":826,"column":26},"end":{"line":826,"column":null}},"327":{"start":{"line":827,"column":10},"end":{"line":829,"column":null}},"328":{"start":{"line":828,"column":12},"end":{"line":828,"column":null}},"329":{"start":{"line":836,"column":2},"end":{"line":836,"column":null}},"330":{"start":{"line":850,"column":2},"end":{"line":854,"column":null}},"331":{"start":{"line":851,"column":4},"end":{"line":851,"column":null}},"332":{"start":{"line":853,"column":4},"end":{"line":853,"column":null}},"333":{"start":{"line":860,"column":41},"end":{"line":860,"column":null}},"334":{"start":{"line":862,"column":64},"end":{"line":862,"column":null}},"335":{"start":{"line":864,"column":20},"end":{"line":864,"column":null}},"336":{"start":{"line":867,"column":28},"end":{"line":867,"column":null}},"337":{"start":{"line":869,"column":48},"end":{"line":869,"column":null}},"338":{"start":{"line":870,"column":34},"end":{"line":870,"column":null}},"339":{"start":{"line":879,"column":4},"end":{"line":880,"column":null}},"340":{"start":{"line":881,"column":4},"end":{"line":881,"column":null}},"341":{"start":{"line":888,"column":4},"end":{"line":888,"column":null}},"342":{"start":{"line":889,"column":4},"end":{"line":889,"column":null}},"343":{"start":{"line":890,"column":4},"end":{"line":890,"column":null}},"344":{"start":{"line":891,"column":4},"end":{"line":891,"column":null}},"345":{"start":{"line":892,"column":4},"end":{"line":892,"column":null}},"346":{"start":{"line":897,"column":4},"end":{"line":916,"column":null}},"347":{"start":{"line":898,"column":6},"end":{"line":898,"column":null}},"348":{"start":{"line":898,"column":32},"end":{"line":898,"column":null}},"349":{"start":{"line":899,"column":23},"end":{"line":899,"column":null}},"350":{"start":{"line":900,"column":6},"end":{"line":900,"column":null}},"351":{"start":{"line":900,"column":46},"end":{"line":900,"column":null}},"352":{"start":{"line":901,"column":21},"end":{"line":901,"column":null}},"353":{"start":{"line":902,"column":26},"end":{"line":902,"column":null}},"354":{"start":{"line":903,"column":6},"end":{"line":905,"column":null}},"355":{"start":{"line":904,"column":8},"end":{"line":904,"column":null}},"356":{"start":{"line":906,"column":25},"end":{"line":906,"column":null}},"357":{"start":{"line":907,"column":25},"end":{"line":907,"column":null}},"358":{"start":{"line":908,"column":24},"end":{"line":908,"column":null}},"359":{"start":{"line":910,"column":25},"end":{"line":910,"column":null}},"360":{"start":{"line":911,"column":6},"end":{"line":911,"column":null}},"361":{"start":{"line":913,"column":6},"end":{"line":913,"column":null}},"362":{"start":{"line":920,"column":4},"end":{"line":920,"column":null}},"363":{"start":{"line":920,"column":22},"end":{"line":920,"column":null}},"364":{"start":{"line":921,"column":4},"end":{"line":921,"column":null}},"365":{"start":{"line":922,"column":4},"end":{"line":922,"column":null}},"366":{"start":{"line":922,"column":35},"end":{"line":922,"column":null}},"367":{"start":{"line":924,"column":24},"end":{"line":924,"column":null}},"368":{"start":{"line":925,"column":35},"end":{"line":925,"column":null}},"369":{"start":{"line":926,"column":4},"end":{"line":934,"column":null}},"370":{"start":{"line":927,"column":21},"end":{"line":927,"column":null}},"371":{"start":{"line":928,"column":20},"end":{"line":928,"column":null}},"372":{"start":{"line":929,"column":6},"end":{"line":929,"column":null}},"373":{"start":{"line":930,"column":6},"end":{"line":930,"column":null}},"374":{"start":{"line":933,"column":6},"end":{"line":933,"column":null}},"375":{"start":{"line":936,"column":17},"end":{"line":936,"column":null}},"376":{"start":{"line":937,"column":4},"end":{"line":940,"column":null}},"377":{"start":{"line":938,"column":43},"end":{"line":938,"column":94}},"378":{"start":{"line":939,"column":25},"end":{"line":939,"column":44}},"379":{"start":{"line":944,"column":4},"end":{"line":944,"column":null}},"380":{"start":{"line":944,"column":36},"end":{"line":944,"column":null}},"381":{"start":{"line":945,"column":4},"end":{"line":945,"column":null}},"382":{"start":{"line":946,"column":20},"end":{"line":946,"column":null}},"383":{"start":{"line":947,"column":4},"end":{"line":947,"column":null}},"384":{"start":{"line":951,"column":4},"end":{"line":958,"column":null}},"385":{"start":{"line":952,"column":6},"end":{"line":952,"column":null}},"386":{"start":{"line":956,"column":6},"end":{"line":956,"column":null}},"387":{"start":{"line":957,"column":6},"end":{"line":957,"column":null}},"388":{"start":{"line":962,"column":4},"end":{"line":969,"column":null}},"389":{"start":{"line":963,"column":6},"end":{"line":963,"column":null}},"390":{"start":{"line":967,"column":6},"end":{"line":967,"column":null}},"391":{"start":{"line":968,"column":6},"end":{"line":968,"column":null}}},"fnMap":{"0":{"name":"classifyGitEntry","decl":{"start":{"line":59,"column":16},"end":{"line":59,"column":33}},"loc":{"start":{"line":59,"column":72},"end":{"line":90,"column":null}},"line":59},"1":{"name":"inferWorkspaceRoot","decl":{"start":{"line":95,"column":9},"end":{"line":95,"column":28}},"loc":{"start":{"line":95,"column":58},"end":{"line":119,"column":null}},"line":95},"2":{"name":"isScratchConfigFile","decl":{"start":{"line":133,"column":16},"end":{"line":133,"column":36}},"loc":{"start":{"line":133,"column":103},"end":{"line":137,"column":null}},"line":133},"3":{"name":"resolveTestRunSource","decl":{"start":{"line":142,"column":9},"end":{"line":142,"column":47}},"loc":{"start":{"line":142,"column":47},"end":{"line":146,"column":null}},"line":142},"4":{"name":"resolveRecordedTestRunSource","decl":{"start":{"line":162,"column":16},"end":{"line":162,"column":null}},"loc":{"start":{"line":165,"column":17},"end":{"line":167,"column":null}},"line":165},"5":{"name":"resolveTestRunCommit","decl":{"start":{"line":186,"column":16},"end":{"line":186,"column":37}},"loc":{"start":{"line":186,"column":77},"end":{"line":189,"column":null}},"line":186},"6":{"name":"isMutationProbeRun","decl":{"start":{"line":198,"column":16},"end":{"line":198,"column":46}},"loc":{"start":{"line":198,"column":46},"end":{"line":200,"column":null}},"line":198},"7":{"name":"computeWorktreeDirty","decl":{"start":{"line":219,"column":16},"end":{"line":219,"column":37}},"loc":{"start":{"line":219,"column":103},"end":{"line":226,"column":null}},"line":219},"8":{"name":"runGit","decl":{"start":{"line":229,"column":9},"end":{"line":229,"column":16}},"loc":{"start":{"line":229,"column":85},"end":{"line":240,"column":null}},"line":229},"9":{"name":"(anonymous_9)","decl":{"start":{"line":230,"column":21},"end":{"line":230,"column":22}},"loc":{"start":{"line":230,"column":35},"end":{"line":239,"column":3}},"line":230},"10":{"name":"(anonymous_10)","decl":{"start":{"line":232,"column":59},"end":{"line":232,"column":60}},"loc":{"start":{"line":232,"column":76},"end":{"line":234,"column":7}},"line":232},"11":{"name":"(anonymous_11)","decl":{"start":{"line":235,"column":24},"end":{"line":235,"column":30}},"loc":{"start":{"line":235,"column":30},"end":{"line":235,"column":44}},"line":235},"12":{"name":"resolveGitContext","decl":{"start":{"line":241,"column":15},"end":{"line":241,"column":56}},"loc":{"start":{"line":241,"column":56},"end":{"line":255,"column":null}},"line":241},"13":{"name":"captureWorktreeSnapshot","decl":{"start":{"line":264,"column":15},"end":{"line":264,"column":71}},"loc":{"start":{"line":264,"column":71},"end":{"line":271,"column":null}},"line":264},"14":{"name":"boundFailureText","decl":{"start":{"line":317,"column":9},"end":{"line":317,"column":26}},"loc":{"start":{"line":317,"column":92},"end":{"line":320,"column":null}},"line":317},"15":{"name":"stringifyFailureValue","decl":{"start":{"line":322,"column":9},"end":{"line":322,"column":31}},"loc":{"start":{"line":322,"column":55},"end":{"line":343,"column":null}},"line":322},"16":{"name":"(anonymous_16)","decl":{"start":{"line":326,"column":42},"end":{"line":326,"column":43}},"loc":{"start":{"line":326,"column":68},"end":{"line":333,"column":5}},"line":326},"17":{"name":"errorField","decl":{"start":{"line":345,"column":9},"end":{"line":345,"column":20}},"loc":{"start":{"line":345,"column":87},"end":{"line":352,"column":null}},"line":345},"18":{"name":"formatTestCaseError","decl":{"start":{"line":359,"column":16},"end":{"line":359,"column":36}},"loc":{"start":{"line":359,"column":60},"end":{"line":375,"column":null}},"line":359},"19":{"name":"readFailureDetailsFile","decl":{"start":{"line":377,"column":9},"end":{"line":377,"column":32}},"loc":{"start":{"line":377,"column":67},"end":{"line":401,"column":null}},"line":377},"20":{"name":"(anonymous_20)","decl":{"start":{"line":386,"column":11},"end":{"line":386,"column":12}},"loc":{"start":{"line":386,"column":48},"end":{"line":395,"column":7}},"line":386},"21":{"name":"(anonymous_21)","decl":{"start":{"line":396,"column":14},"end":{"line":396,"column":15}},"loc":{"start":{"line":396,"column":53},"end":{"line":396,"column":67}},"line":396},"22":{"name":"writeFailureDetails","decl":{"start":{"line":403,"column":9},"end":{"line":403,"column":29}},"loc":{"start":{"line":403,"column":65},"end":{"line":429,"column":null}},"line":403},"23":{"name":"resolveReporterHostLoopLag","decl":{"start":{"line":444,"column":16},"end":{"line":444,"column":null}},"loc":{"start":{"line":448,"column":17},"end":{"line":465,"column":null}},"line":448},"24":{"name":"readReporterHostLoopLag","decl":{"start":{"line":469,"column":9},"end":{"line":469,"column":33}},"loc":{"start":{"line":469,"column":106},"end":{"line":491,"column":null}},"line":469},"25":{"name":"captureReporterSaturationSnapshot","decl":{"start":{"line":493,"column":16},"end":{"line":493,"column":107}},"loc":{"start":{"line":493,"column":107},"end":{"line":504,"column":null}},"line":493},"26":{"name":"toWorkspaceRel","decl":{"start":{"line":515,"column":16},"end":{"line":515,"column":31}},"loc":{"start":{"line":515,"column":56},"end":{"line":518,"column":null}},"line":515},"27":{"name":"shouldRecordTestRunPath","decl":{"start":{"line":526,"column":16},"end":{"line":526,"column":40}},"loc":{"start":{"line":526,"column":67},"end":{"line":563,"column":null}},"line":526},"28":{"name":"(anonymous_28)","decl":{"start":{"line":561,"column":31},"end":{"line":561,"column":32}},"loc":{"start":{"line":561,"column":43},"end":{"line":561,"column":70}},"line":561},"29":{"name":"moduleStatus","decl":{"start":{"line":565,"column":9},"end":{"line":565,"column":22}},"loc":{"start":{"line":565,"column":59},"end":{"line":578,"column":null}},"line":565},"30":{"name":"tryGetPg","decl":{"start":{"line":595,"column":9},"end":{"line":595,"column":39}},"loc":{"start":{"line":595,"column":39},"end":{"line":620,"column":null}},"line":595},"31":{"name":"(anonymous_31)","decl":{"start":{"line":597,"column":16},"end":{"line":597,"column":47}},"loc":{"start":{"line":597,"column":47},"end":{"line":618,"column":5}},"line":597},"32":{"name":"(anonymous_32)","decl":{"start":{"line":607,"column":66},"end":{"line":607,"column":72}},"loc":{"start":{"line":607,"column":72},"end":{"line":607,"column":75}},"line":607},"33":{"name":"closeSharedPg","decl":{"start":{"line":622,"column":15},"end":{"line":622,"column":46}},"loc":{"start":{"line":622,"column":46},"end":{"line":632,"column":null}},"line":622},"34":{"name":"resolveTestRunHarnessSlug","decl":{"start":{"line":661,"column":16},"end":{"line":661,"column":59}},"loc":{"start":{"line":661,"column":59},"end":{"line":668,"column":null}},"line":661},"35":{"name":"resolveTestRunWorkspaceId","decl":{"start":{"line":671,"column":16},"end":{"line":671,"column":59}},"loc":{"start":{"line":671,"column":59},"end":{"line":673,"column":null}},"line":671},"36":{"name":"insertRow","decl":{"start":{"line":675,"column":15},"end":{"line":675,"column":25}},"loc":{"start":{"line":675,"column":57},"end":{"line":712,"column":null}},"line":675},"37":{"name":"(anonymous_37)","decl":{"start":{"line":705,"column":18},"end":{"line":705,"column":19}},"loc":{"start":{"line":705,"column":33},"end":{"line":705,"column":95}},"line":705},"38":{"name":"(anonymous_38)","decl":{"start":{"line":705,"column":44},"end":{"line":705,"column":50}},"loc":{"start":{"line":705,"column":50},"end":{"line":705,"column":90}},"line":705},"39":{"name":"(anonymous_39)","decl":{"start":{"line":706,"column":13},"end":{"line":706,"column":19}},"loc":{"start":{"line":706,"column":19},"end":{"line":708,"column":5}},"line":706},"40":{"name":"buildOutputTail","decl":{"start":{"line":724,"column":16},"end":{"line":724,"column":null}},"loc":{"start":{"line":727,"column":17},"end":{"line":760,"column":null}},"line":727},"41":{"name":"(anonymous_41)","decl":{"start":{"line":733,"column":13},"end":{"line":733,"column":14}},"loc":{"start":{"line":733,"column":29},"end":{"line":733,"column":51}},"line":733},"42":{"name":"collectTestFailureDetails","decl":{"start":{"line":762,"column":9},"end":{"line":762,"column":35}},"loc":{"start":{"line":762,"column":94},"end":{"line":837,"column":null}},"line":762},"43":{"name":"computeIsScratchConfig","decl":{"start":{"line":849,"column":16},"end":{"line":849,"column":39}},"loc":{"start":{"line":849,"column":75},"end":{"line":855,"column":null}},"line":849},"44":{"name":"(anonymous_44)","decl":{"start":{"line":872,"column":2},"end":{"line":872,"column":null}},"loc":{"start":{"line":875,"column":4},"end":{"line":882,"column":null}},"line":875},"45":{"name":"(anonymous_45)","decl":{"start":{"line":887,"column":2},"end":{"line":887,"column":9}},"loc":{"start":{"line":887,"column":28},"end":{"line":893,"column":null}},"line":887},"46":{"name":"(anonymous_46)","decl":{"start":{"line":896,"column":2},"end":{"line":896,"column":18}},"loc":{"start":{"line":896,"column":48},"end":{"line":917,"column":null}},"line":896},"47":{"name":"(anonymous_47)","decl":{"start":{"line":919,"column":16},"end":{"line":919,"column":46}},"loc":{"start":{"line":919,"column":46},"end":{"line":941,"column":null}},"line":919},"48":{"name":"(anonymous_48)","decl":{"start":{"line":938,"column":34},"end":{"line":938,"column":35}},"loc":{"start":{"line":938,"column":43},"end":{"line":938,"column":94}},"line":938},"49":{"name":"(anonymous_49)","decl":{"start":{"line":939,"column":18},"end":{"line":939,"column":19}},"loc":{"start":{"line":939,"column":25},"end":{"line":939,"column":44}},"line":939},"50":{"name":"(anonymous_50)","decl":{"start":{"line":943,"column":10},"end":{"line":943,"column":38}},"loc":{"start":{"line":943,"column":38},"end":{"line":948,"column":null}},"line":943},"51":{"name":"(anonymous_51)","decl":{"start":{"line":950,"column":8},"end":{"line":950,"column":38}},"loc":{"start":{"line":950,"column":38},"end":{"line":959,"column":null}},"line":950},"52":{"name":"(anonymous_52)","decl":{"start":{"line":961,"column":8},"end":{"line":961,"column":32}},"loc":{"start":{"line":961,"column":32},"end":{"line":970,"column":null}},"line":961}},"branchMap":{"0":{"loc":{"start":{"line":63,"column":4},"end":{"line":63,"column":null}},"type":"if","locations":[{"start":{"line":63,"column":4},"end":{"line":63,"column":null}},{"start":{},"end":{}}],"line":63},"1":{"loc":{"start":{"line":68,"column":2},"end":{"line":68,"column":null}},"type":"if","locations":[{"start":{"line":68,"column":2},"end":{"line":68,"column":null}},{"start":{},"end":{}}],"line":68},"2":{"loc":{"start":{"line":73,"column":4},"end":{"line":73,"column":null}},"type":"if","locations":[{"start":{"line":73,"column":4},"end":{"line":73,"column":null}},{"start":{},"end":{}}],"line":73},"3":{"loc":{"start":{"line":81,"column":4},"end":{"line":84,"column":null}},"type":"if","locations":[{"start":{"line":81,"column":4},"end":{"line":84,"column":null}},{"start":{},"end":{}}],"line":81},"4":{"loc":{"start":{"line":83,"column":13},"end":{"line":83,"column":null}},"type":"cond-expr","locations":[{"start":{"line":83,"column":56},"end":{"line":83,"column":65}},{"start":{"line":83,"column":65},"end":{"line":83,"column":null}}],"line":83},"5":{"loc":{"start":{"line":85,"column":4},"end":{"line":85,"column":null}},"type":"if","locations":[{"start":{"line":85,"column":4},"end":{"line":85,"column":null}},{"start":{},"end":{}}],"line":85},"6":{"loc":{"start":{"line":95,"column":28},"end":{"line":95,"column":58}},"type":"default-arg","locations":[{"start":{"line":95,"column":35},"end":{"line":95,"column":58}}],"line":95},"7":{"loc":{"start":{"line":96,"column":2},"end":{"line":96,"column":null}},"type":"if","locations":[{"start":{"line":96,"column":2},"end":{"line":96,"column":null}},{"start":{},"end":{}}],"line":96},"8":{"loc":{"start":{"line":109,"column":4},"end":{"line":112,"column":null}},"type":"if","locations":[{"start":{"line":109,"column":4},"end":{"line":112,"column":null}},{"start":{},"end":{}}],"line":109},"9":{"loc":{"start":{"line":114,"column":4},"end":{"line":114,"column":null}},"type":"if","locations":[{"start":{"line":114,"column":4},"end":{"line":114,"column":null}},{"start":{},"end":{}}],"line":114},"10":{"loc":{"start":{"line":134,"column":2},"end":{"line":134,"column":null}},"type":"if","locations":[{"start":{"line":134,"column":2},"end":{"line":134,"column":null}},{"start":{},"end":{}}],"line":134},"11":{"loc":{"start":{"line":136,"column":9},"end":{"line":136,"column":null}},"type":"binary-expr","locations":[{"start":{"line":136,"column":9},"end":{"line":136,"column":33}},{"start":{"line":136,"column":28},"end":{"line":136,"column":null}}],"line":136},"12":{"loc":{"start":{"line":144,"column":2},"end":{"line":144,"column":null}},"type":"if","locations":[{"start":{"line":144,"column":2},"end":{"line":144,"column":null}},{"start":{},"end":{}}],"line":144},"13":{"loc":{"start":{"line":144,"column":6},"end":{"line":144,"column":64}},"type":"binary-expr","locations":[{"start":{"line":144,"column":6},"end":{"line":144,"column":18}},{"start":{"line":144,"column":18},"end":{"line":144,"column":64}}],"line":144},"14":{"loc":{"start":{"line":145,"column":9},"end":{"line":145,"column":null}},"type":"cond-expr","locations":[{"start":{"line":145,"column":26},"end":{"line":145,"column":33}},{"start":{"line":145,"column":33},"end":{"line":145,"column":null}}],"line":145},"15":{"loc":{"start":{"line":166,"column":9},"end":{"line":166,"column":null}},"type":"cond-expr","locations":[{"start":{"line":166,"column":46},"end":{"line":166,"column":56}},{"start":{"line":166,"column":56},"end":{"line":166,"column":null}}],"line":166},"16":{"loc":{"start":{"line":166,"column":9},"end":{"line":166,"column":46}},"type":"binary-expr","locations":[{"start":{"line":166,"column":9},"end":{"line":166,"column":30}},{"start":{"line":166,"column":30},"end":{"line":166,"column":46}}],"line":166},"17":{"loc":{"start":{"line":188,"column":9},"end":{"line":188,"column":null}},"type":"binary-expr","locations":[{"start":{"line":188,"column":9},"end":{"line":188,"column":20}},{"start":{"line":188,"column":20},"end":{"line":188,"column":null}}],"line":188},"18":{"loc":{"start":{"line":220,"column":2},"end":{"line":220,"column":null}},"type":"if","locations":[{"start":{"line":220,"column":2},"end":{"line":220,"column":null}},{"start":{},"end":{}}],"line":220},"19":{"loc":{"start":{"line":220,"column":6},"end":{"line":220,"column":39}},"type":"binary-expr","locations":[{"start":{"line":220,"column":6},"end":{"line":220,"column":24}},{"start":{"line":220,"column":24},"end":{"line":220,"column":39}}],"line":220},"20":{"loc":{"start":{"line":221,"column":2},"end":{"line":221,"column":null}},"type":"if","locations":[{"start":{"line":221,"column":2},"end":{"line":221,"column":null}},{"start":{},"end":{}}],"line":221},"21":{"loc":{"start":{"line":222,"column":2},"end":{"line":222,"column":null}},"type":"if","locations":[{"start":{"line":222,"column":2},"end":{"line":222,"column":null}},{"start":{},"end":{}}],"line":222},"22":{"loc":{"start":{"line":222,"column":6},"end":{"line":222,"column":61}},"type":"binary-expr","locations":[{"start":{"line":222,"column":6},"end":{"line":222,"column":35}},{"start":{"line":222,"column":35},"end":{"line":222,"column":61}}],"line":222},"23":{"loc":{"start":{"line":223,"column":2},"end":{"line":223,"column":null}},"type":"if","locations":[{"start":{"line":223,"column":2},"end":{"line":223,"column":null}},{"start":{},"end":{}}],"line":223},"24":{"loc":{"start":{"line":224,"column":2},"end":{"line":224,"column":null}},"type":"if","locations":[{"start":{"line":224,"column":2},"end":{"line":224,"column":null}},{"start":{},"end":{}}],"line":224},"25":{"loc":{"start":{"line":233,"column":17},"end":{"line":233,"column":43}},"type":"cond-expr","locations":[{"start":{"line":233,"column":23},"end":{"line":233,"column":30}},{"start":{"line":233,"column":30},"end":{"line":233,"column":43}}],"line":233},"26":{"loc":{"start":{"line":243,"column":2},"end":{"line":243,"column":null}},"type":"if","locations":[{"start":{"line":243,"column":2},"end":{"line":243,"column":null}},{"start":{},"end":{}}],"line":243},"27":{"loc":{"start":{"line":243,"column":6},"end":{"line":243,"column":46}},"type":"binary-expr","locations":[{"start":{"line":243,"column":6},"end":{"line":243,"column":19}},{"start":{"line":243,"column":19},"end":{"line":243,"column":46}}],"line":243},"28":{"loc":{"start":{"line":250,"column":12},"end":{"line":250,"column":null}},"type":"cond-expr","locations":[{"start":{"line":250,"column":48},"end":{"line":250,"column":60}},{"start":{"line":250,"column":60},"end":{"line":250,"column":null}}],"line":250},"29":{"loc":{"start":{"line":250,"column":12},"end":{"line":250,"column":48}},"type":"binary-expr","locations":[{"start":{"line":250,"column":12},"end":{"line":250,"column":25}},{"start":{"line":250,"column":25},"end":{"line":250,"column":48}}],"line":250},"30":{"loc":{"start":{"line":251,"column":12},"end":{"line":251,"column":null}},"type":"binary-expr","locations":[{"start":{"line":251,"column":12},"end":{"line":251,"column":25}},{"start":{"line":251,"column":25},"end":{"line":251,"column":null}}],"line":251},"31":{"loc":{"start":{"line":317,"column":41},"end":{"line":317,"column":92}},"type":"default-arg","locations":[{"start":{"line":317,"column":52},"end":{"line":317,"column":92}}],"line":317},"32":{"loc":{"start":{"line":318,"column":2},"end":{"line":318,"column":null}},"type":"if","locations":[{"start":{"line":318,"column":2},"end":{"line":318,"column":null}},{"start":{},"end":{}}],"line":318},"33":{"loc":{"start":{"line":319,"column":9},"end":{"line":319,"column":null}},"type":"cond-expr","locations":[{"start":{"line":319,"column":36},"end":{"line":319,"column":44}},{"start":{"line":319,"column":44},"end":{"line":319,"column":null}}],"line":319},"34":{"loc":{"start":{"line":323,"column":2},"end":{"line":323,"column":null}},"type":"if","locations":[{"start":{"line":323,"column":2},"end":{"line":323,"column":null}},{"start":{},"end":{}}],"line":323},"35":{"loc":{"start":{"line":327,"column":6},"end":{"line":327,"column":null}},"type":"if","locations":[{"start":{"line":327,"column":6},"end":{"line":327,"column":null}},{"start":{},"end":{}}],"line":327},"36":{"loc":{"start":{"line":328,"column":6},"end":{"line":331,"column":null}},"type":"if","locations":[{"start":{"line":328,"column":6},"end":{"line":331,"column":null}},{"start":{},"end":{}}],"line":328},"37":{"loc":{"start":{"line":328,"column":10},"end":{"line":328,"column":55}},"type":"binary-expr","locations":[{"start":{"line":328,"column":10},"end":{"line":328,"column":39}},{"start":{"line":328,"column":39},"end":{"line":328,"column":55}}],"line":328},"38":{"loc":{"start":{"line":329,"column":8},"end":{"line":329,"column":null}},"type":"if","locations":[{"start":{"line":329,"column":8},"end":{"line":329,"column":null}},{"start":{},"end":{}}],"line":329},"39":{"loc":{"start":{"line":334,"column":4},"end":{"line":334,"column":null}},"type":"if","locations":[{"start":{"line":334,"column":4},"end":{"line":334,"column":null}},{"start":{},"end":{}}],"line":334},"40":{"loc":{"start":{"line":347,"column":4},"end":{"line":347,"column":null}},"type":"if","locations":[{"start":{"line":347,"column":4},"end":{"line":347,"column":null}},{"start":{},"end":{}}],"line":347},"41":{"loc":{"start":{"line":347,"column":8},"end":{"line":347,"column":44}},"type":"binary-expr","locations":[{"start":{"line":347,"column":8},"end":{"line":347,"column":17}},{"start":{"line":347,"column":17},"end":{"line":347,"column":44}}],"line":347},"42":{"loc":{"start":{"line":362,"column":16},"end":{"line":362,"column":null}},"type":"cond-expr","locations":[{"start":{"line":362,"column":41},"end":{"line":362,"column":57}},{"start":{"line":362,"column":57},"end":{"line":362,"column":null}}],"line":362},"43":{"loc":{"start":{"line":363,"column":4},"end":{"line":363,"column":null}},"type":"if","locations":[{"start":{"line":363,"column":4},"end":{"line":363,"column":null}},{"start":{},"end":{}}],"line":363},"44":{"loc":{"start":{"line":363,"column":8},"end":{"line":363,"column":43}},"type":"binary-expr","locations":[{"start":{"line":363,"column":8},"end":{"line":363,"column":29}},{"start":{"line":363,"column":29},"end":{"line":363,"column":43}}],"line":363},"45":{"loc":{"start":{"line":367,"column":16},"end":{"line":367,"column":null}},"type":"cond-expr","locations":[{"start":{"line":367,"column":26},"end":{"line":367,"column":38}},{"start":{"line":367,"column":38},"end":{"line":367,"column":null}}],"line":367},"46":{"loc":{"start":{"line":370,"column":4},"end":{"line":370,"column":null}},"type":"if","locations":[{"start":{"line":370,"column":4},"end":{"line":370,"column":null}},{"start":{},"end":{}}],"line":370},"47":{"loc":{"start":{"line":373,"column":2},"end":{"line":373,"column":null}},"type":"if","locations":[{"start":{"line":373,"column":2},"end":{"line":373,"column":null}},{"start":{},"end":{}}],"line":373},"48":{"loc":{"start":{"line":383,"column":16},"end":{"line":383,"column":null}},"type":"cond-expr","locations":[{"start":{"line":383,"column":40},"end":{"line":383,"column":50}},{"start":{"line":383,"column":50},"end":{"line":383,"column":null}}],"line":383},"49":{"loc":{"start":{"line":383,"column":50},"end":{"line":383,"column":null}},"type":"cond-expr","locations":[{"start":{"line":383,"column":83},"end":{"line":383,"column":101}},{"start":{"line":383,"column":101},"end":{"line":383,"column":null}}],"line":383},"50":{"loc":{"start":{"line":384,"column":4},"end":{"line":384,"column":null}},"type":"if","locations":[{"start":{"line":384,"column":4},"end":{"line":384,"column":null}},{"start":{},"end":{}}],"line":384},"51":{"loc":{"start":{"line":387,"column":8},"end":{"line":387,"column":null}},"type":"if","locations":[{"start":{"line":387,"column":8},"end":{"line":387,"column":null}},{"start":{},"end":{}}],"line":387},"52":{"loc":{"start":{"line":387,"column":12},"end":{"line":387,"column":49}},"type":"binary-expr","locations":[{"start":{"line":387,"column":12},"end":{"line":387,"column":22}},{"start":{"line":387,"column":22},"end":{"line":387,"column":49}}],"line":387},"53":{"loc":{"start":{"line":389,"column":8},"end":{"line":389,"column":null}},"type":"if","locations":[{"start":{"line":389,"column":8},"end":{"line":389,"column":null}},{"start":{},"end":{}}],"line":389},"54":{"loc":{"start":{"line":389,"column":12},"end":{"line":389,"column":108}},"type":"binary-expr","locations":[{"start":{"line":389,"column":12},"end":{"line":389,"column":46}},{"start":{"line":389,"column":46},"end":{"line":389,"column":61}},{"start":{"line":389,"column":61},"end":{"line":389,"column":95}},{"start":{"line":389,"column":95},"end":{"line":389,"column":108}}],"line":389},"55":{"loc":{"start":{"line":392,"column":10},"end":{"line":392,"column":null}},"type":"if","locations":[{"start":{"line":392,"column":10},"end":{"line":392,"column":null}},{"start":{},"end":{}}],"line":392},"56":{"loc":{"start":{"line":405,"column":2},"end":{"line":405,"column":null}},"type":"if","locations":[{"start":{"line":405,"column":2},"end":{"line":405,"column":null}},{"start":{},"end":{}}],"line":405},"57":{"loc":{"start":{"line":405,"column":6},"end":{"line":405,"column":37}},"type":"binary-expr","locations":[{"start":{"line":405,"column":6},"end":{"line":405,"column":15}},{"start":{"line":405,"column":15},"end":{"line":405,"column":37}}],"line":405},"58":{"loc":{"start":{"line":413,"column":10},"end":{"line":413,"column":null}},"type":"binary-expr","locations":[{"start":{"line":413,"column":10},"end":{"line":413,"column":22}},{"start":{"line":413,"column":22},"end":{"line":413,"column":null}}],"line":413},"59":{"loc":{"start":{"line":415,"column":10},"end":{"line":415,"column":null}},"type":"cond-expr","locations":[{"start":{"line":415,"column":49},"end":{"line":415,"column":81}},{"start":{"line":415,"column":81},"end":{"line":415,"column":null}}],"line":415},"60":{"loc":{"start":{"line":415,"column":10},"end":{"line":415,"column":49}},"type":"binary-expr","locations":[{"start":{"line":415,"column":10},"end":{"line":415,"column":31}},{"start":{"line":415,"column":31},"end":{"line":415,"column":49}}],"line":415},"61":{"loc":{"start":{"line":416,"column":10},"end":{"line":416,"column":null}},"type":"cond-expr","locations":[{"start":{"line":416,"column":74},"end":{"line":416,"column":104}},{"start":{"line":416,"column":104},"end":{"line":416,"column":null}}],"line":416},"62":{"loc":{"start":{"line":416,"column":10},"end":{"line":416,"column":74}},"type":"binary-expr","locations":[{"start":{"line":416,"column":10},"end":{"line":416,"column":44}},{"start":{"line":416,"column":44},"end":{"line":416,"column":74}}],"line":416},"63":{"loc":{"start":{"line":417,"column":10},"end":{"line":417,"column":null}},"type":"cond-expr","locations":[{"start":{"line":417,"column":78},"end":{"line":417,"column":112}},{"start":{"line":417,"column":112},"end":{"line":417,"column":null}}],"line":417},"64":{"loc":{"start":{"line":417,"column":10},"end":{"line":417,"column":78}},"type":"binary-expr","locations":[{"start":{"line":417,"column":10},"end":{"line":417,"column":46}},{"start":{"line":417,"column":46},"end":{"line":417,"column":78}}],"line":417},"65":{"loc":{"start":{"line":447,"column":2},"end":{"line":447,"column":null}},"type":"default-arg","locations":[{"start":{"line":447,"column":13},"end":{"line":447,"column":null}}],"line":447},"66":{"loc":{"start":{"line":449,"column":2},"end":{"line":449,"column":null}},"type":"if","locations":[{"start":{"line":449,"column":2},"end":{"line":449,"column":null}},{"start":{},"end":{}}],"line":449},"67":{"loc":{"start":{"line":449,"column":6},"end":{"line":449,"column":49}},"type":"binary-expr","locations":[{"start":{"line":449,"column":6},"end":{"line":449,"column":19}},{"start":{"line":449,"column":19},"end":{"line":449,"column":49}}],"line":449},"68":{"loc":{"start":{"line":450,"column":2},"end":{"line":450,"column":null}},"type":"if","locations":[{"start":{"line":450,"column":2},"end":{"line":450,"column":null}},{"start":{},"end":{}}],"line":450},"69":{"loc":{"start":{"line":450,"column":6},"end":{"line":450,"column":77}},"type":"binary-expr","locations":[{"start":{"line":450,"column":6},"end":{"line":450,"column":33}},{"start":{"line":450,"column":33},"end":{"line":450,"column":63}},{"start":{"line":450,"column":63},"end":{"line":450,"column":77}}],"line":450},"70":{"loc":{"start":{"line":456,"column":2},"end":{"line":456,"column":null}},"type":"if","locations":[{"start":{"line":456,"column":2},"end":{"line":456,"column":null}},{"start":{},"end":{}}],"line":456},"71":{"loc":{"start":{"line":456,"column":6},"end":{"line":456,"column":80}},"type":"binary-expr","locations":[{"start":{"line":456,"column":6},"end":{"line":456,"column":17}},{"start":{"line":456,"column":17},"end":{"line":456,"column":48}},{"start":{"line":456,"column":48},"end":{"line":456,"column":80}}],"line":456},"72":{"loc":{"start":{"line":457,"column":2},"end":{"line":457,"column":null}},"type":"if","locations":[{"start":{"line":457,"column":2},"end":{"line":457,"column":null}},{"start":{},"end":{}}],"line":457},"73":{"loc":{"start":{"line":457,"column":6},"end":{"line":457,"column":94}},"type":"binary-expr","locations":[{"start":{"line":457,"column":6},"end":{"line":457,"column":42}},{"start":{"line":457,"column":42},"end":{"line":457,"column":76}},{"start":{"line":457,"column":76},"end":{"line":457,"column":94}}],"line":457},"74":{"loc":{"start":{"line":458,"column":23},"end":{"line":460,"column":null}},"type":"cond-expr","locations":[{"start":{"line":459,"column":6},"end":{"line":459,"column":null}},{"start":{"line":460,"column":7},"end":{"line":460,"column":null}}],"line":458},"75":{"loc":{"start":{"line":460,"column":7},"end":{"line":460,"column":null}},"type":"cond-expr","locations":[{"start":{"line":460,"column":46},"end":{"line":460,"column":65}},{"start":{"line":460,"column":65},"end":{"line":460,"column":null}}],"line":460},"76":{"loc":{"start":{"line":461,"column":2},"end":{"line":461,"column":null}},"type":"if","locations":[{"start":{"line":461,"column":2},"end":{"line":461,"column":null}},{"start":{},"end":{}}],"line":461},"77":{"loc":{"start":{"line":461,"column":6},"end":{"line":461,"column":63}},"type":"binary-expr","locations":[{"start":{"line":461,"column":6},"end":{"line":461,"column":31}},{"start":{"line":461,"column":31},"end":{"line":461,"column":63}}],"line":461},"78":{"loc":{"start":{"line":463,"column":2},"end":{"line":463,"column":null}},"type":"if","locations":[{"start":{"line":463,"column":2},"end":{"line":463,"column":null}},{"start":{},"end":{}}],"line":463},"79":{"loc":{"start":{"line":463,"column":6},"end":{"line":463,"column":37}},"type":"binary-expr","locations":[{"start":{"line":463,"column":6},"end":{"line":463,"column":19}},{"start":{"line":463,"column":19},"end":{"line":463,"column":37}}],"line":463},"80":{"loc":{"start":{"line":469,"column":33},"end":{"line":469,"column":71}},"type":"default-arg","locations":[{"start":{"line":469,"column":58},"end":{"line":469,"column":71}}],"line":469},"81":{"loc":{"start":{"line":469,"column":71},"end":{"line":469,"column":106}},"type":"default-arg","locations":[{"start":{"line":469,"column":79},"end":{"line":469,"column":106}}],"line":469},"82":{"loc":{"start":{"line":471,"column":2},"end":{"line":474,"column":null}},"type":"if","locations":[{"start":{"line":471,"column":2},"end":{"line":474,"column":null}},{"start":{},"end":{}}],"line":471},"83":{"loc":{"start":{"line":473,"column":4},"end":{"line":473,"column":null}},"type":"if","locations":[{"start":{"line":473,"column":4},"end":{"line":473,"column":null}},{"start":{},"end":{}}],"line":473},"84":{"loc":{"start":{"line":473,"column":8},"end":{"line":473,"column":46}},"type":"binary-expr","locations":[{"start":{"line":473,"column":8},"end":{"line":473,"column":34}},{"start":{"line":473,"column":34},"end":{"line":473,"column":46}}],"line":473},"85":{"loc":{"start":{"line":475,"column":20},"end":{"line":477,"column":null}},"type":"cond-expr","locations":[{"start":{"line":476,"column":6},"end":{"line":476,"column":null}},{"start":{"line":476,"column":10},"end":{"line":477,"column":null}}],"line":475},"86":{"loc":{"start":{"line":479,"column":2},"end":{"line":481,"column":null}},"type":"if","locations":[{"start":{"line":479,"column":2},"end":{"line":481,"column":null}},{"start":{},"end":{}}],"line":479},"87":{"loc":{"start":{"line":479,"column":6},"end":{"line":479,"column":112}},"type":"binary-expr","locations":[{"start":{"line":479,"column":6},"end":{"line":479,"column":27}},{"start":{"line":479,"column":27},"end":{"line":479,"column":68}},{"start":{"line":479,"column":68},"end":{"line":479,"column":112}}],"line":479},"88":{"loc":{"start":{"line":538,"column":2},"end":{"line":538,"column":null}},"type":"if","locations":[{"start":{"line":538,"column":2},"end":{"line":538,"column":null}},{"start":{},"end":{}}],"line":538},"89":{"loc":{"start":{"line":538,"column":6},"end":{"line":538,"column":65}},"type":"binary-expr","locations":[{"start":{"line":538,"column":6},"end":{"line":538,"column":36}},{"start":{"line":538,"column":36},"end":{"line":538,"column":65}}],"line":538},"90":{"loc":{"start":{"line":539,"column":2},"end":{"line":539,"column":null}},"type":"if","locations":[{"start":{"line":539,"column":2},"end":{"line":539,"column":null}},{"start":{},"end":{}}],"line":539},"91":{"loc":{"start":{"line":539,"column":6},"end":{"line":539,"column":75}},"type":"binary-expr","locations":[{"start":{"line":539,"column":6},"end":{"line":539,"column":42}},{"start":{"line":539,"column":42},"end":{"line":539,"column":75}}],"line":539},"92":{"loc":{"start":{"line":540,"column":2},"end":{"line":540,"column":null}},"type":"if","locations":[{"start":{"line":540,"column":2},"end":{"line":540,"column":null}},{"start":{},"end":{}}],"line":540},"93":{"loc":{"start":{"line":540,"column":6},"end":{"line":540,"column":103}},"type":"binary-expr","locations":[{"start":{"line":540,"column":6},"end":{"line":540,"column":56}},{"start":{"line":540,"column":56},"end":{"line":540,"column":103}}],"line":540},"94":{"loc":{"start":{"line":546,"column":2},"end":{"line":546,"column":null}},"type":"if","locations":[{"start":{"line":546,"column":2},"end":{"line":546,"column":null}},{"start":{},"end":{}}],"line":546},"95":{"loc":{"start":{"line":554,"column":2},"end":{"line":554,"column":null}},"type":"if","locations":[{"start":{"line":554,"column":2},"end":{"line":554,"column":null}},{"start":{},"end":{}}],"line":554},"96":{"loc":{"start":{"line":555,"column":2},"end":{"line":555,"column":null}},"type":"if","locations":[{"start":{"line":555,"column":2},"end":{"line":555,"column":null}},{"start":{},"end":{}}],"line":555},"97":{"loc":{"start":{"line":560,"column":2},"end":{"line":560,"column":null}},"type":"if","locations":[{"start":{"line":560,"column":2},"end":{"line":560,"column":null}},{"start":{},"end":{}}],"line":560},"98":{"loc":{"start":{"line":561,"column":2},"end":{"line":561,"column":null}},"type":"if","locations":[{"start":{"line":561,"column":2},"end":{"line":561,"column":null}},{"start":{},"end":{}}],"line":561},"99":{"loc":{"start":{"line":572,"column":2},"end":{"line":577,"column":null}},"type":"switch","locations":[{"start":{"line":573,"column":4},"end":{"line":573,"column":null}},{"start":{"line":574,"column":4},"end":{"line":574,"column":null}},{"start":{"line":575,"column":4},"end":{"line":575,"column":null}},{"start":{"line":576,"column":4},"end":{"line":576,"column":null}}],"line":572},"100":{"loc":{"start":{"line":596,"column":2},"end":{"line":596,"column":null}},"type":"if","locations":[{"start":{"line":596,"column":2},"end":{"line":596,"column":null}},{"start":{},"end":{}}],"line":596},"101":{"loc":{"start":{"line":602,"column":18},"end":{"line":602,"column":null}},"type":"binary-expr","locations":[{"start":{"line":602,"column":18},"end":{"line":602,"column":33}},{"start":{"line":602,"column":33},"end":{"line":602,"column":null}}],"line":602},"102":{"loc":{"start":{"line":604,"column":8},"end":{"line":606,"column":null}},"type":"binary-expr","locations":[{"start":{"line":604,"column":8},"end":{"line":604,"column":null}},{"start":{"line":605,"column":8},"end":{"line":605,"column":null}},{"start":{"line":606,"column":8},"end":{"line":606,"column":null}}],"line":604},"103":{"loc":{"start":{"line":610,"column":6},"end":{"line":615,"column":null}},"type":"if","locations":[{"start":{"line":610,"column":6},"end":{"line":615,"column":null}},{"start":{},"end":{}}],"line":610},"104":{"loc":{"start":{"line":613,"column":91},"end":{"line":613,"column":133}},"type":"cond-expr","locations":[{"start":{"line":613,"column":112},"end":{"line":613,"column":124}},{"start":{"line":613,"column":124},"end":{"line":613,"column":133}}],"line":613},"105":{"loc":{"start":{"line":625,"column":2},"end":{"line":625,"column":null}},"type":"if","locations":[{"start":{"line":625,"column":2},"end":{"line":625,"column":null}},{"start":{},"end":{}}],"line":625},"106":{"loc":{"start":{"line":628,"column":4},"end":{"line":628,"column":null}},"type":"if","locations":[{"start":{"line":628,"column":4},"end":{"line":628,"column":null}},{"start":{},"end":{}}],"line":628},"107":{"loc":{"start":{"line":663,"column":4},"end":{"line":666,"column":null}},"type":"binary-expr","locations":[{"start":{"line":663,"column":4},"end":{"line":663,"column":null}},{"start":{"line":664,"column":4},"end":{"line":664,"column":null}},{"start":{"line":665,"column":4},"end":{"line":665,"column":null}},{"start":{"line":666,"column":4},"end":{"line":666,"column":null}}],"line":663},"108":{"loc":{"start":{"line":672,"column":9},"end":{"line":672,"column":null}},"type":"binary-expr","locations":[{"start":{"line":672,"column":9},"end":{"line":672,"column":47}},{"start":{"line":672,"column":47},"end":{"line":672,"column":82}},{"start":{"line":672,"column":82},"end":{"line":672,"column":null}}],"line":672},"109":{"loc":{"start":{"line":685,"column":2},"end":{"line":685,"column":null}},"type":"if","locations":[{"start":{"line":685,"column":2},"end":{"line":685,"column":null}},{"start":{},"end":{}}],"line":685},"110":{"loc":{"start":{"line":691,"column":21},"end":{"line":691,"column":null}},"type":"binary-expr","locations":[{"start":{"line":691,"column":21},"end":{"line":691,"column":61}},{"start":{"line":691,"column":61},"end":{"line":691,"column":null}}],"line":691},"111":{"loc":{"start":{"line":730,"column":17},"end":{"line":730,"column":null}},"type":"binary-expr","locations":[{"start":{"line":730,"column":17},"end":{"line":730,"column":42}},{"start":{"line":730,"column":42},"end":{"line":730,"column":null}}],"line":730},"112":{"loc":{"start":{"line":731,"column":4},"end":{"line":736,"column":null}},"type":"if","locations":[{"start":{"line":731,"column":4},"end":{"line":736,"column":null}},{"start":{},"end":{}}],"line":731},"113":{"loc":{"start":{"line":738,"column":2},"end":{"line":738,"column":null}},"type":"if","locations":[{"start":{"line":738,"column":2},"end":{"line":738,"column":null}},{"start":{},"end":{}}],"line":738},"114":{"loc":{"start":{"line":738,"column":6},"end":{"line":738,"column":33}},"type":"binary-expr","locations":[{"start":{"line":738,"column":6},"end":{"line":738,"column":14}},{"start":{"line":738,"column":14},"end":{"line":738,"column":33}}],"line":738},"115":{"loc":{"start":{"line":744,"column":20},"end":{"line":744,"column":52}},"type":"binary-expr","locations":[{"start":{"line":744,"column":20},"end":{"line":744,"column":48}},{"start":{"line":744,"column":48},"end":{"line":744,"column":52}}],"line":744},"116":{"loc":{"start":{"line":750,"column":6},"end":{"line":750,"column":null}},"type":"if","locations":[{"start":{"line":750,"column":6},"end":{"line":750,"column":null}},{"start":{},"end":{}}],"line":750},"117":{"loc":{"start":{"line":751,"column":22},"end":{"line":751,"column":40}},"type":"binary-expr","locations":[{"start":{"line":751,"column":22},"end":{"line":751,"column":36}},{"start":{"line":751,"column":36},"end":{"line":751,"column":40}}],"line":751},"118":{"loc":{"start":{"line":752,"column":22},"end":{"line":752,"column":45}},"type":"binary-expr","locations":[{"start":{"line":752,"column":22},"end":{"line":752,"column":37}},{"start":{"line":752,"column":37},"end":{"line":752,"column":45}}],"line":752},"119":{"loc":{"start":{"line":753,"column":8},"end":{"line":753,"column":null}},"type":"if","locations":[{"start":{"line":753,"column":8},"end":{"line":753,"column":null}},{"start":{},"end":{}}],"line":753},"120":{"loc":{"start":{"line":755,"column":6},"end":{"line":755,"column":null}},"type":"if","locations":[{"start":{"line":755,"column":6},"end":{"line":755,"column":null}},{"start":{},"end":{}}],"line":755},"121":{"loc":{"start":{"line":757,"column":4},"end":{"line":757,"column":null}},"type":"if","locations":[{"start":{"line":757,"column":4},"end":{"line":757,"column":null}},{"start":{},"end":{}}],"line":757},"122":{"loc":{"start":{"line":776,"column":20},"end":{"line":776,"column":52}},"type":"binary-expr","locations":[{"start":{"line":776,"column":20},"end":{"line":776,"column":48}},{"start":{"line":776,"column":48},"end":{"line":776,"column":52}}],"line":776},"123":{"loc":{"start":{"line":785,"column":6},"end":{"line":785,"column":null}},"type":"if","locations":[{"start":{"line":785,"column":6},"end":{"line":785,"column":null}},{"start":{},"end":{}}],"line":785},"124":{"loc":{"start":{"line":787,"column":19},"end":{"line":787,"column":null}},"type":"cond-expr","locations":[{"start":{"line":787,"column":75},"end":{"line":787,"column":89}},{"start":{"line":787,"column":89},"end":{"line":787,"column":null}}],"line":787},"125":{"loc":{"start":{"line":787,"column":19},"end":{"line":787,"column":75}},"type":"binary-expr","locations":[{"start":{"line":787,"column":19},"end":{"line":787,"column":54}},{"start":{"line":787,"column":54},"end":{"line":787,"column":75}}],"line":787},"126":{"loc":{"start":{"line":788,"column":26},"end":{"line":788,"column":47}},"type":"binary-expr","locations":[{"start":{"line":788,"column":26},"end":{"line":788,"column":43}},{"start":{"line":788,"column":43},"end":{"line":788,"column":47}}],"line":788},"127":{"loc":{"start":{"line":789,"column":8},"end":{"line":789,"column":null}},"type":"if","locations":[{"start":{"line":789,"column":8},"end":{"line":789,"column":null}},{"start":{},"end":{}}],"line":789},"128":{"loc":{"start":{"line":794,"column":8},"end":{"line":794,"column":null}},"type":"if","locations":[{"start":{"line":794,"column":8},"end":{"line":794,"column":null}},{"start":{},"end":{}}],"line":794},"129":{"loc":{"start":{"line":795,"column":8},"end":{"line":795,"column":null}},"type":"if","locations":[{"start":{"line":795,"column":8},"end":{"line":795,"column":null}},{"start":{},"end":{}}],"line":795},"130":{"loc":{"start":{"line":796,"column":8},"end":{"line":796,"column":null}},"type":"if","locations":[{"start":{"line":796,"column":8},"end":{"line":796,"column":null}},{"start":{},"end":{}}],"line":796},"131":{"loc":{"start":{"line":797,"column":8},"end":{"line":797,"column":null}},"type":"if","locations":[{"start":{"line":797,"column":8},"end":{"line":797,"column":null}},{"start":{},"end":{}}],"line":797},"132":{"loc":{"start":{"line":797,"column":12},"end":{"line":797,"column":74}},"type":"binary-expr","locations":[{"start":{"line":797,"column":12},"end":{"line":797,"column":43}},{"start":{"line":797,"column":43},"end":{"line":797,"column":74}}],"line":797},"133":{"loc":{"start":{"line":800,"column":6},"end":{"line":800,"column":null}},"type":"if","locations":[{"start":{"line":800,"column":6},"end":{"line":800,"column":null}},{"start":{},"end":{}}],"line":800},"134":{"loc":{"start":{"line":821,"column":2},"end":{"line":835,"column":null}},"type":"if","locations":[{"start":{"line":821,"column":2},"end":{"line":835,"column":null}},{"start":{},"end":{}}],"line":821},"135":{"loc":{"start":{"line":823,"column":6},"end":{"line":831,"column":null}},"type":"if","locations":[{"start":{"line":823,"column":6},"end":{"line":831,"column":null}},{"start":{},"end":{}}],"line":823},"136":{"loc":{"start":{"line":824,"column":21},"end":{"line":824,"column":null}},"type":"binary-expr","locations":[{"start":{"line":824,"column":21},"end":{"line":824,"column":46}},{"start":{"line":824,"column":46},"end":{"line":824,"column":null}}],"line":824},"137":{"loc":{"start":{"line":825,"column":8},"end":{"line":830,"column":null}},"type":"if","locations":[{"start":{"line":825,"column":8},"end":{"line":830,"column":null}},{"start":{},"end":{}}],"line":825},"138":{"loc":{"start":{"line":827,"column":10},"end":{"line":829,"column":null}},"type":"if","locations":[{"start":{"line":827,"column":10},"end":{"line":829,"column":null}},{"start":{},"end":{}}],"line":827},"139":{"loc":{"start":{"line":880,"column":6},"end":{"line":880,"column":null}},"type":"cond-expr","locations":[{"start":{"line":880,"column":60},"end":{"line":880,"column":92}},{"start":{"line":880,"column":92},"end":{"line":880,"column":null}}],"line":880},"140":{"loc":{"start":{"line":881,"column":20},"end":{"line":881,"column":null}},"type":"binary-expr","locations":[{"start":{"line":881,"column":20},"end":{"line":881,"column":32}},{"start":{"line":881,"column":32},"end":{"line":881,"column":null}}],"line":881},"141":{"loc":{"start":{"line":898,"column":6},"end":{"line":898,"column":null}},"type":"if","locations":[{"start":{"line":898,"column":6},"end":{"line":898,"column":null}},{"start":{},"end":{}}],"line":898},"142":{"loc":{"start":{"line":900,"column":6},"end":{"line":900,"column":null}},"type":"if","locations":[{"start":{"line":900,"column":6},"end":{"line":900,"column":null}},{"start":{},"end":{}}],"line":900},"143":{"loc":{"start":{"line":904,"column":24},"end":{"line":904,"column":null}},"type":"binary-expr","locations":[{"start":{"line":904,"column":24},"end":{"line":904,"column":60}},{"start":{"line":904,"column":60},"end":{"line":904,"column":null}}],"line":904},"144":{"loc":{"start":{"line":920,"column":4},"end":{"line":920,"column":null}},"type":"if","locations":[{"start":{"line":920,"column":4},"end":{"line":920,"column":null}},{"start":{},"end":{}}],"line":920},"145":{"loc":{"start":{"line":922,"column":4},"end":{"line":922,"column":null}},"type":"if","locations":[{"start":{"line":922,"column":4},"end":{"line":922,"column":null}},{"start":{},"end":{}}],"line":922},"146":{"loc":{"start":{"line":927,"column":21},"end":{"line":927,"column":null}},"type":"cond-expr","locations":[{"start":{"line":927,"column":43},"end":{"line":927,"column":71}},{"start":{"line":927,"column":71},"end":{"line":927,"column":null}}],"line":927},"147":{"loc":{"start":{"line":944,"column":4},"end":{"line":944,"column":null}},"type":"if","locations":[{"start":{"line":944,"column":4},"end":{"line":944,"column":null}},{"start":{},"end":{}}],"line":944}},"s":{"0":0,"1":0,"2":0,"3":0,"4":0,"5":0,"6":0,"7":0,"8":0,"9":0,"10":0,"11":0,"12":0,"13":0,"14":0,"15":0,"16":0,"17":0,"18":0,"19":0,"20":0,"21":0,"22":0,"23":0,"24":0,"25":0,"26":0,"27":0,"28":0,"29":0,"30":0,"31":0,"32":0,"33":0,"34":0,"35":0,"36":0,"37":0,"38":0,"39":0,"40":0,"41":0,"42":0,"43":0,"44":0,"45":0,"46":0,"47":0,"48":0,"49":0,"50":0,"51":0,"52":0,"53":0,"54":0,"55":0,"56":0,"57":0,"58":0,"59":0,"60":0,"61":0,"62":0,"63":0,"64":0,"65":0,"66":0,"67":0,"68":0,"69":0,"70":0,"71":0,"72":0,"73":0,"74":0,"75":0,"76":0,"77":0,"78":0,"79":0,"80":0,"81":0,"82":0,"83":0,"84":0,"85":0,"86":0,"87":0,"88":0,"89":0,"90":0,"91":0,"92":0,"93":0,"94":0,"95":0,"96":0,"97":0,"98":0,"99":0,"100":0,"101":0,"102":0,"103":0,"104":0,"105":0,"106":0,"107":0,"108":0,"109":0,"110":0,"111":0,"112":0,"113":0,"114":0,"115":0,"116":0,"117":0,"118":0,"119":0,"120":0,"121":0,"122":0,"123":0,"124":0,"125":0,"126":0,"127":0,"128":0,"129":0,"130":0,"131":0,"132":0,"133":0,"134":0,"135":0,"136":0,"137":0,"138":0,"139":0,"140":0,"141":0,"142":0,"143":0,"144":0,"145":0,"146":0,"147":0,"148":0,"149":0,"150":0,"151":0,"152":0,"153":0,"154":0,"155":0,"156":0,"157":0,"158":0,"159":0,"160":0,"161":0,"162":0,"163":0,"164":0,"165":0,"166":0,"167":0,"168":0,"169":0,"170":0,"171":0,"172":0,"173":0,"174":0,"175":0,"176":0,"177":0,"178":0,"179":0,"180":0,"181":0,"182":0,"183":0,"184":0,"185":0,"186":0,"187":0,"188":0,"189":0,"190":0,"191":0,"192":0,"193":0,"194":0,"195":0,"196":0,"197":0,"198":0,"199":0,"200":0,"201":0,"202":0,"203":0,"204":0,"205":0,"206":0,"207":0,"208":0,"209":0,"210":0,"211":0,"212":0,"213":0,"214":0,"215":0,"216":0,"217":0,"218":0,"219":0,"220":0,"221":0,"222":0,"223":0,"224":0,"225":0,"226":0,"227":0,"228":0,"229":0,"230":0,"231":0,"232":0,"233":0,"234":0,"235":0,"236":0,"237":0,"238":0,"239":0,"240":0,"241":0,"242":0,"243":0,"244":0,"245":0,"246":0,"247":0,"248":0,"249":0,"250":0,"251":0,"252":0,"253":0,"254":0,"255":0,"256":0,"257":0,"258":0,"259":0,"260":0,"261":0,"262":0,"263":0,"264":0,"265":0,"266":0,"267":0,"268":0,"269":0,"270":0,"271":0,"272":0,"273":0,"274":0,"275":0,"276":0,"277":0,"278":0,"279":0,"280":0,"281":0,"282":0,"283":0,"284":0,"285":0,"286":0,"287":0,"288":0,"289":0,"290":0,"291":0,"292":0,"293":0,"294":0,"295":0,"296":0,"297":0,"298":0,"299":0,"300":0,"301":0,"302":0,"303":0,"304":0,"305":0,"306":0,"307":0,"308":0,"309":0,"310":0,"311":0,"312":0,"313":0,"314":0,"315":0,"316":0,"317":0,"318":0,"319":0,"320":0,"321":0,"322":0,"323":0,"324":0,"325":0,"326":0,"327":0,"328":0,"329":0,"330":0,"331":0,"332":0,"333":0,"334":0,"335":0,"336":0,"337":0,"338":0,"339":0,"340":0,"341":0,"342":0,"343":0,"344":0,"345":0,"346":0,"347":0,"348":0,"349":0,"350":0,"351":0,"352":0,"353":0,"354":0,"355":0,"356":0,"357":0,"358":0,"359":0,"360":0,"361":0,"362":0,"363":0,"364":0,"365":0,"366":0,"367":0,"368":0,"369":0,"370":0,"371":0,"372":0,"373":0,"374":0,"375":0,"376":0,"377":0,"378":0,"379":0,"380":0,"381":0,"382":0,"383":0,"384":0,"385":0,"386":0,"387":0,"388":0,"389":0,"390":0,"391":0},"f":{"0":0,"1":0,"2":0,"3":0,"4":0,"5":0,"6":0,"7":0,"8":0,"9":0,"10":0,"11":0,"12":0,"13":0,"14":0,"15":0,"16":0,"17":0,"18":0,"19":0,"20":0,"21":0,"22":0,"23":0,"24":0,"25":0,"26":0,"27":0,"28":0,"29":0,"30":0,"31":0,"32":0,"33":0,"34":0,"35":0,"36":0,"37":0,"38":0,"39":0,"40":0,"41":0,"42":0,"43":0,"44":0,"45":0,"46":0,"47":0,"48":0,"49":0,"50":0,"51":0,"52":0},"b":{"0":[0,0],"1":[0,0],"2":[0,0],"3":[0,0],"4":[0,0],"5":[0,0],"6":[0],"7":[0,0],"8":[0,0],"9":[0,0],"10":[0,0],"11":[0,0],"12":[0,0],"13":[0,0],"14":[0,0],"15":[0,0],"16":[0,0],"17":[0,0],"18":[0,0],"19":[0,0],"20":[0,0],"21":[0,0],"22":[0,0],"23":[0,0],"24":[0,0],"25":[0,0],"26":[0,0],"27":[0,0],"28":[0,0],"29":[0,0],"30":[0,0],"31":[0],"32":[0,0],"33":[0,0],"34":[0,0],"35":[0,0],"36":[0,0],"37":[0,0],"38":[0,0],"39":[0,0],"40":[0,0],"41":[0,0],"42":[0,0],"43":[0,0],"44":[0,0],"45":[0,0],"46":[0,0],"47":[0,0],"48":[0,0],"49":[0,0],"50":[0,0],"51":[0,0],"52":[0,0],"53":[0,0],"54":[0,0,0,0],"55":[0,0],"56":[0,0],"57":[0,0],"58":[0,0],"59":[0,0],"60":[0,0],"61":[0,0],"62":[0,0],"63":[0,0],"64":[0,0],"65":[0],"66":[0,0],"67":[0,0],"68":[0,0],"69":[0,0,0],"70":[0,0],"71":[0,0,0],"72":[0,0],"73":[0,0,0],"74":[0,0],"75":[0,0],"76":[0,0],"77":[0,0],"78":[0,0],"79":[0,0],"80":[0],"81":[0],"82":[0,0],"83":[0,0],"84":[0,0],"85":[0,0],"86":[0,0],"87":[0,0,0],"88":[0,0],"89":[0,0],"90":[0,0],"91":[0,0],"92":[0,0],"93":[0,0],"94":[0,0],"95":[0,0],"96":[0,0],"97":[0,0],"98":[0,0],"99":[0,0,0,0],"100":[0,0],"101":[0,0],"102":[0,0,0],"103":[0,0],"104":[0,0],"105":[0,0],"106":[0,0],"107":[0,0,0,0],"108":[0,0,0],"109":[0,0],"110":[0,0],"111":[0,0],"112":[0,0],"113":[0,0],"114":[0,0],"115":[0,0],"116":[0,0],"117":[0,0],"118":[0,0],"119":[0,0],"120":[0,0],"121":[0,0],"122":[0,0],"123":[0,0],"124":[0,0],"125":[0,0],"126":[0,0],"127":[0,0],"128":[0,0],"129":[0,0],"130":[0,0],"131":[0,0],"132":[0,0],"133":[0,0],"134":[0,0],"135":[0,0],"136":[0,0],"137":[0,0],"138":[0,0],"139":[0,0],"140":[0,0],"141":[0,0],"142":[0,0],"143":[0,0],"144":[0,0],"145":[0,0],"146":[0,0],"147":[0,0]},"meta":{"lastBranch":148,"lastFunction":53,"lastStatement":392,"seen":{"f:59:16:59:33":0,"s:61:2:67:Infinity":0,"s:62:10:62:Infinity":1,"b:63:4:63:Infinity:undefined:undefined:undefined:undefined":0,"s:63:4:63:Infinity":2,"s:63:26:63:Infinity":3,"s:64:4:64:Infinity":4,"s:66:4:66:Infinity":5,"b:68:2:68:Infinity:undefined:undefined:undefined:undefined":1,"s:68:2:68:Infinity":6,"s:68:15:68:Infinity":7,"s:69:2:89:Infinity":8,"s:71:10:71:Infinity":9,"s:72:14:72:Infinity":10,"b:73:4:73:Infinity:undefined:undefined:undefined:undefined":2,"s:73:4:73:Infinity":11,"s:73:12:73:Infinity":12,"s:75:19:75:Infinity":13,"s:79:27:79:Infinity":14,"s:80:26:80:Infinity":15,"b:81:4:84:Infinity:undefined:undefined:undefined:undefined":3,"s:81:4:84:Infinity":16,"s:82:29:82:Infinity":17,"s:83:6:83:Infinity":18,"b:83:56:83:65:83:65:83:Infinity":4,"b:85:4:85:Infinity:undefined:undefined:undefined:undefined":5,"s:85:4:85:Infinity":19,"s:85:49:85:Infinity":20,"s:86:4:86:Infinity":21,"s:88:4:88:Infinity":22,"s:94:33:94:Infinity":23,"f:95:9:95:28":1,"b:95:35:95:58":6,"b:96:2:96:Infinity:undefined:undefined:undefined:undefined":7,"s:96:2:96:Infinity":24,"s:96:19:96:Infinity":25,"s:107:6:107:Infinity":26,"s:108:2:11
[...]
,"column":38},"end":{"line":131,"column":65}},"line":131},"3":{"name":"findMisroutedReproTests","decl":{"start":{"line":163,"column":16},"end":{"line":163,"column":40}},"loc":{"start":{"line":163,"column":76},"end":{"line":165,"column":null}},"line":163},"4":{"name":"(anonymous_4)","decl":{"start":{"line":164,"column":22},"end":{"line":164,"column":23}},"loc":{"start":{"line":164,"column":29},"end":{"line":164,"column":57}},"line":164},"5":{"name":"sharedHostWorkerCap","decl":{"start":{"line":192,"column":16},"end":{"line":192,"column":36}},"loc":{"start":{"line":195,"column":2},"end":{"line":207,"column":null}},"line":195},"6":{"name":"resolveRequestedLane","decl":{"start":{"line":247,"column":9},"end":{"line":247,"column":30}},"loc":{"start":{"line":247,"column":85},"end":{"line":263,"column":null}},"line":247},"7":{"name":"defineVitestConfig","decl":{"start":{"line":265,"column":16},"end":{"line":265,"column":35}},"loc":{"start":{"line":265,"column":80},"end":{"line":536,"column":null}},"line":265},"8":{"name":"(anonymous_8)","decl":{"start":{"line":444,"column":24},"end":{"line":444,"column":25}},"loc":{"start":{"line":444,"column":35},"end":{"line":468,"column":null}},"line":444}},"branchMap":{"0":{"loc":{"start":{"line":102,"column":2},"end":{"line":102,"column":null}},"type":"cond-expr","locations":[{"start":{"line":102,"column":61},"end":{"line":102,"column":66}},{"start":{"line":102,"column":66},"end":{"line":102,"column":null}}],"line":102},"1":{"loc":{"start":{"line":129,"column":19},"end":{"line":129,"column":66}},"type":"binary-expr","locations":[{"start":{"line":129,"column":19},"end":{"line":129,"column":41}},{"start":{"line":129,"column":41},"end":{"line":129,"column":66}}],"line":129},"2":{"loc":{"start":{"line":130,"column":2},"end":{"line":130,"column":null}},"type":"if","locations":[{"start":{"line":130,"column":2},"end":{"line":130,"column":null}},{"start":{},"end":{}}],"line":130},"3":{"loc":{"start":{"line":131,"column":16},"end":{"line":131,"column":null}},"type":"cond-expr","locations":[{"start":{"line":131,"column":69},"end":{"line":131,"column":81}},{"start":{"line":131,"column":81},"end":{"line":131,"column":null}}],"line":131},"4":{"loc":{"start":{"line":132,"column":17},"end":{"line":132,"column":null}},"type":"cond-expr","locations":[{"start":{"line":132,"column":39},"end":{"line":132,"column":68}},{"start":{"line":132,"column":68},"end":{"line":132,"column":null}}],"line":132},"5":{"loc":{"start":{"line":133,"column":18},"end":{"line":133,"column":null}},"type":"cond-expr","locations":[{"start":{"line":133,"column":44},"end":{"line":133,"column":51}},{"start":{"line":133,"column":51},"end":{"line":133,"column":null}}],"line":133},"6":{"loc":{"start":{"line":192,"column":36},"end":{"line":192,"column":null}},"type":"default-arg","locations":[{"start":{"line":192,"column":64},"end":{"line":192,"column":null}}],"line":192},"7":{"loc":{"start":{"line":196,"column":14},"end":{"line":196,"column":null}},"type":"cond-expr","locations":[{"start":{"line":196,"column":35},"end":{"line":196,"column":68}},{"start":{"line":196,"column":68},"end":{"line":196,"column":null}}],"line":196},"8":{"loc":{"start":{"line":199,"column":4},"end":{"line":205,"column":null}},"type":"cond-expr","locations":[{"start":{"line":200,"column":8},"end":{"line":200,"column":null}},{"start":{"line":201,"column":8},"end":{"line":205,"column":null}}],"line":199},"9":{"loc":{"start":{"line":199,"column":4},"end":{"line":199,"column":null}},"type":"binary-expr","locations":[{"start":{"line":199,"column":4},"end":{"line":199,"column":25}},{"start":{"line":199,"column":25},"end":{"line":199,"column":null}}],"line":199},"10":{"loc":{"start":{"line":201,"column":8},"end":{"line":205,"column":null}},"type":"cond-expr","locations":[{"start":{"line":202,"column":10},"end":{"line":202,"column":null}},{"start":{"line":203,"column":10},"end":{"line":205,"column":null}}],"line":201},"11":{"loc":{"start":{"line":203,"column":10},"end":{"line":205,"column":null}},"type":"cond-expr","locations":[{"start":{"line":204,"column":12},"end":{"line":204,"column":null}},{"start":{"line":205,"column":12},"end":{"line":205,"column":null}}],"line":203},"12":{"loc":{"start":{"line":206,"column":9},"end":{"line":206,"column":null}},"type":"cond-expr","locations":[{"start":{"line":206,"column":19},"end":{"line":206,"column":56}},{"start":{"line":206,"column":56},"end":{"line":206,"column":null}}],"line":206},"13":{"loc":{"start":{"line":249,"column":2},"end":{"line":249,"column":null}},"type":"if","locations":[{"start":{"line":249,"column":2},"end":{"line":249,"column":null}},{"start":{},"end":{}}],"line":249},"14":{"loc":{"start":{"line":252,"column":2},"end":{"line":252,"column":null}},"type":"if","locations":[{"start":{"line":252,"column":2},"end":{"line":252,"column":null}},{"start":{},"end":{}}],"line":252},"15":{"loc":{"start":{"line":253,"column":2},"end":{"line":258,"column":null}},"type":"if","locations":[{"start":{"line":253,"column":2},"end":{"line":258,"column":null}},{"start":{},"end":{}}],"line":253},"16":{"loc":{"start":{"line":259,"column":2},"end":{"line":261,"column":null}},"type":"if","locations":[{"start":{"line":259,"column":2},"end":{"line":261,"column":null}},{"start":{},"end":{}}],"line":259},"17":{"loc":{"start":{"line":259,"column":6},"end":{"line":259,"column":44}},"type":"binary-expr","locations":[{"start":{"line":259,"column":6},"end":{"line":259,"column":24}},{"start":{"line":259,"column":24},"end":{"line":259,"column":44}}],"line":259},"18":{"loc":{"start":{"line":268,"column":4},"end":{"line":268,"column":null}},"type":"default-arg","locations":[{"start":{"line":268,"column":17},"end":{"line":268,"column":null}}],"line":268},"19":{"loc":{"start":{"line":269,"column":4},"end":{"line":269,"column":null}},"type":"default-arg","locations":[{"start":{"line":269,"column":18},"end":{"line":269,"column":null}}],"line":269},"20":{"loc":{"start":{"line":271,"column":4},"end":{"line":271,"column":null}},"type":"default-arg","locations":[{"start":{"line":271,"column":14},"end":{"line":271,"column":null}}],"line":271},"21":{"loc":{"start":{"line":272,"column":4},"end":{"line":272,"column":null}},"type":"default-arg","locations":[{"start":{"line":272,"column":24},"end":{"line":272,"column":null}}],"line":272},"22":{"loc":{"start":{"line":273,"column":4},"end":{"line":273,"column":null}},"type":"default-arg","locations":[{"start":{"line":273,"column":16},"end":{"line":273,"column":null}}],"line":273},"23":{"loc":{"start":{"line":277,"column":2},"end":{"line":277,"column":null}},"type":"if","locations":[{"start":{"line":277,"column":2},"end":{"line":277,"column":null}},{"start":{},"end":{}}],"line":277},"24":{"loc":{"start":{"line":283,"column":2},"end":{"line":285,"column":null}},"type":"if","locations":[{"start":{"line":283,"column":2},"end":{"line":285,"column":null}},{"start":{},"end":{}}],"line":283},"25":{"loc":{"start":{"line":283,"column":6},"end":{"line":283,"column":83}},"type":"binary-expr","locations":[{"start":{"line":283,"column":6},"end":{"line":283,"column":33}},{"start":{"line":283,"column":33},"end":{"line":283,"column":83}}],"line":283},"26":{"loc":{"start":{"line":290,"column":21},"end":{"line":290,"column":null}},"type":"cond-expr","locations":[{"start":{"line":290,"column":40},"end":{"line":290,"column":61}},{"start":{"line":290,"column":61},"end":{"line":290,"column":null}}],"line":290},"27":{"loc":{"start":{"line":301,"column":20},"end":{"line":301,"column":null}},"type":"cond-expr","locations":[{"start":{"line":301,"column":42},"end":{"line":301,"column":47}},{"start":{"line":301,"column":47},"end":{"line":301,"column":null}}],"line":301},"28":{"loc":{"start":{"line":302,"column":21},"end":{"line":311,"column":null}},"type":"cond-expr","locations":[{"start":{"line":303,"column":6},"end":{"line":303,"column":null}},{"start":{"line":304,"column":6},"end":{"line":311,"column":null}}],"line":302},"29":{"loc":{"start":{"line":314,"column":4},"end":{"line":319,"column":null}},"type":"binary-expr","locations":[{"start":{"line":314,"column":4},"end":{"line":314,"column":null}},{"start":{"line":315,"column":5},"end":{"line":319,"column":null}}],"line":314},"30":{"loc":{"start":{"line":315,"column":5},"end":{"line":319,"column":null}},"type":"cond-expr","locations":[{"start":{"line":316,"column":8},"end":{"line":316,"column":null}},{"start":{"line":317,"column":8},"end":{"line":319,"column":null}}],"line":315},"31":{"loc":{"start":{"line":317,"column":8},"end":{"line":319,"column":null}},"type":"cond-expr","locations":[{"start":{"line":318,"column":8},"end":{"line":318,"column":null}},{"start":{"line":319,"column":8},"end":{"line":319,"column":null}}],"line":317},"32":{"loc":{"start":{"line":328,"column":2},"end":{"line":353,"column":null}},"type":"if","locations":[{"start":{"line":328,"column":2},"end":{"line":353,"column":null}},{"start":{},"end":{}}],"line":328},"33":{"loc":{"start":{"line":329,"column":4},"end":{"line":336,"column":null}},"type":"if","locations":[{"start":{"line":329,"column":4},"end":{"line":336,"column":null}},{"start":{},"end":{}}],"line":329},"34":{"loc":{"start":{"line":339,"column":4},"end":{"line":347,"column":null}},"type":"if","locations":[{"start":{"line":339,"column":4},"end":{"line":347,"column":null}},{"start":{},"end":{}}],"line":339},"35":{"loc":{"start":{"line":350,"column":41},"end":{"line":350,"column":65}},"type":"binary-expr","locations":[{"start":{"line":350,"column":41},"end":{"line":350,"column":64}},{"start":{"line":350,"column":64},"end":{"line":350,"column":65}}],"line":350},"36":{"loc":{"start":{"line":351,"column":19},"end":{"line":351,"column":53}},"type":"cond-expr","locations":[{"start":{"line":351,"column":37},"end":{"line":351,"column":47}},{"start":{"line":351,"column":47},"end":{"line":351,"column":53}}],"line":351},"37":{"loc":{"start":{"line":371,"column":15},"end":{"line":371,"column":null}},"type":"cond-expr","locations":[{"start":{"line":371,"column":23},"end":{"line":371,"column":62}},{"start":{"line":371,"column":62},"end":{"line":371,"column":null}}],"line":371},"38":{"loc":{"start":{"line":371,"column":23},"end":{"line":371,"column":62}},"type":"binary-expr","locations":[{"start":{"line":371,"column":23},"end":{"line":371,"column":38}},{"start":{"line":371,"column":38},"end":{"line":371,"column":62}}],"line":371},"39":{"loc":{"start":{"line":375,"column":10},"end":{"line":375,"column":null}},"type":"cond-expr","locations":[{"start":{"line":375,"column":28},"end":{"line":375,"column":49}},{"start":{"line":375,"column":49},"end":{"line":375,"column":null}}],"line":375},"40":{"loc":{"start":{"line":379,"column":12},"end":{"line":381,"column":null}},"type":"cond-expr","locations":[{"start":{"line":380,"column":12},"end":{"line":380,"column":null}},{"start":{"line":381,"column":12},"end":{"line":381,"column":null}}],"line":379},"41":{"loc":{"start":{"line":392,"column":12},"end":{"line":392,"column":null}},"type":"cond-expr","locations":[{"start":{"line":392,"column":34},"end":{"line":392,"column":46}},{"start":{"line":392,"column":46},"end":{"line":392,"column":null}}],"line":392},"42":{"loc":{"start":{"line":395,"column":23},"end":{"line":395,"column":null}},"type":"cond-expr","locations":[{"start":{"line":395,"column":49},"end":{"line":395,"column":57}},{"start":{"line":395,"column":57},"end":{"line":395,"column":null}}],"line":395},"43":{"loc":{"start":{"line":400,"column":29},"end":{"line":400,"column":70}},"type":"cond-expr","locations":[{"start":{"line":400,"column":51},"end":{"line":400,"column":63}},{"start":{"line":400,"column":63},"end":{"line":400,"column":70}}],"line":400},"44":{"loc":{"start":{"line":431,"column":8},"end":{"line":435,"column":null}},"type":"cond-expr","locations":[{"start":{"line":432,"column":12},"end":{"line":432,"column":null}},{"start":{"line":433,"column":12},"end":{"line":435,"column":null}}],"line":431},"45":{"loc":{"start":{"line":432,"column":12},"end":{"line":432,"column":null}},"type":"binary-expr","locations":[{"start":{"line":432,"column":12},"end":{"line":432,"column":58}},{"start":{"line":432,"column":58},"end":{"line":432,"column":null}}],"line":432},"46":{"loc":{"start":{"line":433,"column":12},"end":{"line":435,"column":null}},"type":"cond-expr","locations":[{"start":{"line":434,"column":14},"end":{"line":434,"column":null}},{"start":{"line":435,"column":14},"end":{"line":435,"column":null}}],"line":433},"47":{"loc":{"start":{"line":445,"column":8},"end":{"line":450,"column":null}},"type":"if","locations":[{"start":{"line":445,"column":8},"end":{"line":450,"column":null}},{"start":{},"end":{}}],"line":445},"48":{"loc":{"start":{"line":446,"column":10},"end":{"line":447,"column":null}},"type":"binary-expr","locations":[{"start":{"line":446,"column":10},"end":{"line":446,"column":null}},{"start":{"line":447,"column":10},"end":{"line":447,"column":null}}],"line":446},"49":{"loc":{"start":{"line":461,"column":23},"end":{"line":461,"column":49}},"type":"binary-expr","locations":[{"start":{"line":461,"column":23},"end":{"line":461,"column":38}},{"start":{"line":461,"column":38},"end":{"line":461,"column":49}}],"line":461},"50":{"loc":{"start":{"line":461,"column":58},"end":{"line":461,"column":74}},"type":"binary-expr","locations":[{"start":{"line":461,"column":58},"end":{"line":461,"column":66}},{"start":{"line":461,"column":66},"end":{"line":461,"column":74}}],"line":461},"51":{"loc":{"start":{"line":462,"column":33},"end":{"line":462,"column":56}},"type":"binary-expr","locations":[{"start":{"line":462,"column":33},"end":{"line":462,"column":51}},{"start":{"line":462,"column":51},"end":{"line":462,"column":56}}],"line":462},"52":{"loc":{"start":{"line":486,"column":8},"end":{"line":488,"column":null}},"type":"cond-expr","locations":[{"start":{"line":487,"column":12},"end":{"line":487,"column":null}},{"start":{"line":488,"column":12},"end":{"line":488,"column":null}}],"line":486},"53":{"loc":{"start":{"line":487,"column":12},"end":{"line":487,"column":null}},"type":"binary-expr","locations":[{"start":{"line":487,"column":12},"end":{"line":487,"column":70}},{"start":{"line":487,"column":70},"end":{"line":487,"column":null}}],"line":487},"54":{"loc":{"start":{"line":491,"column":17},"end":{"line":493,"column":null}},"type":"cond-expr","locations":[{"start":{"line":492,"column":10},"end":{"line":492,"column":null}},{"start":{"line":493,"column":10},"end":{"line":493,"column":null}}],"line":491}},"s":{"0":0,"1":0,"2":0,"3":0,"4":0,"5":0,"6":0,"7":0,"8":0,"9":0,"10":0,"11":0,"12":0,"13":0,"14":0,"15":0,"16":0,"17":0,"18":0,"19":0,"20":0,"21":0,"22":0,"23":0,"24":0,"25":0,"26":0,"27":0,"28":0,"29":0,"30":0,"31":0,"32":0,"33":0,"34":0,"35":0,"36":0,"37":0,"38":0,"39":0,"40":0,"41":0,"42":0,"43":0,"44":0,"45":0,"46":0,"47":0,"48":0,"49":0,"50":0,"51":0,"52":0,"53":0,"54":0,"55":0,"56":0,"57":0,"58":0,"59":0,"60":0,"61":0,"62":0,"63":0,"64":0,"65":0,"66":0},"f":{"0":0,"1":0,"2":0,"3":0,"4":0,"5":0,"6":0,"7":0,"8":0},"b":{"0":[0,0],"1":[0,0],"2":[0,0],"3":[0,0],"4":[0,0],"5":[0,0],"6":[0],"7":[0,0],"8":[0,0],"9":[0,0],"10":[0,0],"11":[0,0],"12":[0,0],"13":[0,0],"14":[0,0],"15":[0,0],"16":[0,0],"17":[0,0],"18":[0],"19":[0],"20":[0],"21":[0],"22":[0],"23":[0,0],"24":[0,0],"25":[0,0],"26":[0,0],"27":[0,0],"28":[0,0],"29":[0,0],"30":[0,0],"31":[0,0],"32":[0,0],"33":[0,0],"34":[0,0],"35":[0,0],"36":[0,0],"37":[0,0],"38":[0,0],"39":[0,0],"40":[0,0],"41":[0,0],"42":[0,0],"43":[0,0],"44":[0,0],"45":[0,0],"46":[0,0],"47":[0,0],"48":[0,0],"49":[0,0],"50":[0,0],"51":[0,0],"52":[0,0],"53":[0,0],"54":[0,0]},"meta":{"lastBranch":55,"lastFunction":9,"lastStatement":67,"seen":{"s:47:20:47:Infinity":0,"s:49:6:49:Infinity":1,"s:50:6:50:Infinity":2,"s:51:6:51:Infinity":3,"s:55:6:55:Infinity":4,"s:59:6:59:Infinity":5,"s:66:6:66:Infinity":6,"s:74:6:74:Infinity":7,"s:93:0:93:Infinity":8,"s:100:6:100:Infinity":9,"s:102:2:102:Infinity":10,"b:102:61:102:66:102:66:102:Infinity":0,"s:113:45:113:Infinity":11,"s:114:13:114:Infinity":12,"s:122:26:122:Infinity":13,"f:124:9:124:47":0,"s:127:20:129:Infinity":14,"f:129:12:129:13":1,"s:129:19:129:66":15,"b:129:19:129:41:129:41:129:66":1,"b:130:2:130:Infinity:undefined:undefined:undefined:undefined":2,"s:130:2:130:Infinity":16,"s:130:30:130:Infinity":17,"s:131:16:131:Infinity":18,"b:131:69:131:81:131:81:131:Infinity":3,"f:131:31:131:32":2,"s:131:38:131:65":19,"s:132:17:132:Infinity":20,"b:132:39:132:68:132:68:132:Infinity":4,"s:133:18:133:Infinity":21,"b:133:44:133:51:133:51:133:Infinity":5,"s:134:2:140:Infinity":22,"s:159:36:159:Infinity":23,"f:163:16:163:40":3,"s:164:2:164:Infinity":24,"f:164:22:164:23":4,"s:164:29:164:57":25,"f:192:16:192:36":5,"b:192:64:192:Infinity":6,"s:196:14:196:Infinity":26,"b:196:35:196:68:196:68:196:Infinity":7,"s:197:22:197:Infinity":27,"s:199:4:205:Infinity":28,"b:200:8:200:Infinity:201:8:205:Infinity":8,"b:199:4:199:25:199:25:199:Infinity":9,"b:202:10:202:Infinity:203:10:205:Infinity":10,"b:204:12:204:Infinity:205:12:205:Infinity":11,"s:206:2:206:Infinity":29,"b:206:19:206:56:206:56:206:Infinity":12,"s:213:32:213:Infinity":30,"s:223:27:223:Infinity":31,"f:247:9:247:30":6,"s:248:14:248:Infinity":32,"b:249:2:249:Infinity:undefined:undefined:undefined:undefined":13,"s:249:2:249:Infinity":33,"s:249:12:249:Infinity":34,"b:252:2:252:Infinity:undefined:undefined:undefined:undefined":14,"s:252:2:252:Infinity":35,"s:252:18:252:Infinity":36,"b:253:2:258:Infinity:undefined:undefined:undefined:undefined":15,"s:253:2:258:Infinity":37,"s:254:4:257:Infinity":38,"b:259:2:261:Infinity:undefined:undefined:undefined:undefined":16,"s:259:2:261:Infinity":39,"b:259:6:259:24:259:24:259:44":17,"s:260:4:260:Infinity":40,"s:262:2:262:Infinity":41,"f:265:16:265:35":7,"s:274:6:274:Infinity":42,"b:268:17:268:Infinity":18,"b:269:18:269:Infinity":19,"b:271:14:271:Infinity":20,"b:272:24:272:Infinity":21,"b:273:16:273:Infinity":22,"b:277:2:277:Infinity:undefined:undefined:undefined:undefined":23,"s:277:2:277:Infinity":43,"s:277:24:277:Infinity":44,"b:283:2:285:Infinity:undefined:undefined:undefined:undefined":24,"s:283:2:285:Infinity":45,"b:283:6:283:33:283:33:283:83":25,"s:284:4:284:Infinity":46,"s:290:21:290:Infinity":47,"b:290:40:290:61:290:61:290:Infinity":26,"s:301:20:301:Infinity":48,"b:301:42:301:47:301:47:301:Infinity":27,"s:302:21:311:Infinity":49,"b:303:6:303:Infinity:304:6:311:Infinity":28,"s:314:4:319:Infinity":50,"b:314:4:314:Infinity:315:5:319:Infinity":29,"b:316:8:316:Infinity:317:8:319:Infinity":30,"b:318:8:318:Infinity:319:8:319:Infinity":31,"s:326:15:326:Infinity":51,"s:327:37:327:Infinity":52,"b:328:2:353:Infinity:undefined:undefined:undefined:undefined":32,"s:328:2:353:Infinity":53,"b:329:4:336:Infinity:undefined:undefined:undefined:undefined":33,"s:329:4:336:Infinity":54,"s:332:6:335:Infinity":55,"s:338:10:338:Infinity":56,"b:339:4:347:Infinity:undefined:undefined:undefined:undefined":34,"s:339:4:347:Infinity":57,"s:343:6:346:Infinity":58,"s:348:4:348:Infinity":59,"s:349:4:352:Infinity":60,"b:350:41:350:64:350:64:350:65":35,"b:351:37:351:47:351:47:351:53":36,"s:355:2:535:Infinity":61,"b:371:23:371:62:371:62:371:Infinity":37,"b:371:23:371:38:371:38:371:62":38,"b:375:28:375:49:375:49:375:Infinity":39,"b:380:12:380:Infinity:381:12:381:Infinity":40,"b:392:34:392:46:392:46:392:Infinity":41,"b:395:49:395:57:395:57:395:Infinity":42,"b:400:51:400:63:400:63:400:70":43,"b:432:12:432:Infinity:433:12:435:Infinity":44,"b:432:12:432:58:432:58:432:Infinity":45,"b:434:14:434:Infinity:435:14:435:Infinity":46,"f:444:24:444:25":8,"b:445:8:450:Infinity:undefined:undefined:undefined:undefined":47,"s:445:8:450:Infinity":62,"b:446:10:446:Infinity:447:10:447:Infinity":48,"s:449:10:449:Infinity":63,"s:457:22:457:Infinity":64,"s:459:8:466:Infinity":65,"b:461:23:461:38:461:38:461:49":49,"b:461:58:461:66:461:66:461:74":50,"b:462:33:462:51:462:51:462:56":51,"s:467:8:467:Infinity":66,"b:487:12:487:Infinity:488:12:488:Infinity":52,"b:487:12:487:70:487:70:487:Infinity":53,"b:492:10:492:Infinity:493:10:493:Infinity":54}}}
}
