TN:
SF:src/admin-test-runs-reporter.ts
FN:59,classifyGitEntry
FN:95,inferWorkspaceRoot
FN:133,isScratchConfigFile
FN:142,resolveTestRunSource
FN:162,resolveRecordedTestRunSource
FN:186,resolveTestRunCommit
FN:198,isMutationProbeRun
FN:219,computeWorktreeDirty
FN:229,runGit
FN:230,(anonymous_9)
FN:232,(anonymous_10)
FN:235,(anonymous_11)
FN:241,resolveGitContext
FN:264,captureWorktreeSnapshot
FN:317,boundFailureText
FN:322,stringifyFailureValue
FN:326,(anonymous_16)
FN:345,errorField
FN:359,formatTestCaseError
FN:377,readFailureDetailsFile
FN:386,(anonymous_20)
FN:396,(anonymous_21)
FN:403,writeFailureDetails
FN:444,resolveReporterHostLoopLag
FN:469,readReporterHostLoopLag
FN:493,captureReporterSaturationSnapshot
FN:515,toWorkspaceRel
FN:526,shouldRecordTestRunPath
FN:561,(anonymous_28)
FN:565,moduleStatus
FN:595,tryGetPg
FN:597,(anonymous_31)
FN:607,(anonymous_32)
FN:622,closeSharedPg
FN:661,resolveTestRunHarnessSlug
FN:671,resolveTestRunWorkspaceId
FN:675,insertRow
FN:705,(anonymous_37)
FN:705,(anonymous_38)
FN:706,(anonymous_39)
FN:724,buildOutputTail
FN:733,(anonymous_41)
FN:762,collectTestFailureDetails
FN:849,computeIsScratchConfig
FN:872,(anonymous_44)
FN:887,(anonymous_45)
FN:896,(anonymous_46)
FN:919,(anonymous_47)
FN:938,(anonymous_48)
FN:939,(anonymous_49)
FN:943,(anonymous_50)
FN:950,(anonymous_51)
FN:961,(anonymous_52)
FNF:53
FNH:0
FNDA:0,classifyGitEntry
FNDA:0,inferWorkspaceRoot
FNDA:0,isScratchConfigFile
FNDA:0,resolveTestRunSource
FNDA:0,resolveRecordedTestRunSource
FNDA:0,resolveTestRunCommit
FNDA:0,isMutationProbeRun
FNDA:0,computeWorktreeDirty
FNDA:0,runGit
FNDA:0,(anonymous_9)
FNDA:0,(anonymous_10)
FNDA:0,(anonymous_11)
FNDA:0,resolveGitContext
FNDA:0,captureWorktreeSnapshot
FNDA:0,boundFailureText
FNDA:0,stringifyFailureValue
FNDA:0,(anonymous_16)
FNDA:0,errorField
FNDA:0,formatTestCaseError
FNDA:0,readFailureDetailsFile
FNDA:0,(anonymous_20)
FNDA:0,(anonymous_21)
FNDA:0,writeFailureDetails
FNDA:0,resolveReporterHostLoopLag
FNDA:0,readReporterHostLoopLag
FNDA:0,captureReporterSaturationSnapshot
FNDA:0,toWorkspaceRel
FNDA:0,shouldRecordTestRunPath
FNDA:0,(anonymous_28)
FNDA:0,moduleStatus
FNDA:0,tryGetPg
FNDA:0,(anonymous_31)
FNDA:0,(anonymous_32)
FNDA:0,closeSharedPg
FNDA:0,resolveTestRunHarnessSlug
FNDA:0,resolveTestRunWorkspaceId
FNDA:0,insertRow
FNDA:0,(anonymous_37)
FNDA:0,(anonymous_38)
FNDA:0,(anonymous_39)
FNDA:0,buildOutputTail
FNDA:0,(anonymous_41)
FNDA:0,collectTestFailureDetails
FNDA:0,computeIsScratchConfig
FNDA:0,(anonymous_44)
FNDA:0,(anonymous_45)
FNDA:0,(anonymous_46)
FNDA:0,(anonymous_47)
FNDA:0,(anonymous_48)
FNDA:0,(anonymous_49)
FNDA:0,(anonymous_50)
FNDA:0,(anonymous_51)
FNDA:0,(anonymous_52)
DA:61,0
DA:62,0
DA:63,0
DA:64,0
DA:66,0
DA:68,0
DA:69,0
DA:71,0
DA:72,0
DA:73,0
DA:75,0
DA:79,0
DA:80,0
DA:81,0
DA:82,0
DA:83,0
DA:85,0
DA:86,0
DA:88,0
DA:94,0
DA:96,0
DA:107,0
DA:108,0
DA:109,0
DA:110,0
DA:111,0
DA:113,0
DA:114,0
DA:115,0
DA:117,0
DA:118,0
DA:134,0
DA:135,0
DA:136,0
DA:141,0
DA:143,0
DA:144,0
DA:145,0
DA:166,0
DA:187,0
DA:188,0
DA:199,0
DA:220,0
DA:221,0
DA:222,0
DA:223,0
DA:224,0
DA:225,0
DA:228,0
DA:230,0
DA:231,0
DA:232,0
DA:233,0
DA:235,0
DA:237,0
DA:242,0
DA:243,0
DA:244,0
DA:245,0
DA:249,0
DA:253,0
DA:254,0
DA:265,0
DA:266,0
DA:270,0
DA:312,0
DA:314,0
DA:315,0
DA:318,0
DA:319,0
DA:323,0
DA:324,0
DA:325,0
DA:326,0
DA:327,0
DA:328,0
DA:329,0
DA:330,0
DA:332,0
DA:334,0
DA:338,0
DA:339,0
DA:341,0
DA:346,0
DA:347,0
DA:351,0
DA:361,0
DA:362,0
DA:363,0
DA:367,0
DA:368,0
DA:369,0
DA:370,0
DA:371,0
DA:373,0
DA:374,0
DA:378,0
DA:379,0
DA:383,0
DA:384,0
DA:385,0
DA:387,0
DA:388,0
DA:389,0
DA:390,0
DA:391,0
DA:392,0
DA:394,0
DA:396,0
DA:399,0
DA:404,0
DA:405,0
DA:407,0
DA:408,0
DA:409,0
DA:410,0
DA:411,0
DA:412,0
DA:421,0
DA:422,0
DA:423,0
DA:424,0
DA:425,0
DA:427,0
DA:449,0
DA:450,0
DA:451,0
DA:455,0
DA:456,0
DA:457,0
DA:458,0
DA:461,0
DA:462,0
DA:463,0
DA:464,0
DA:467,0
DA:470,0
DA:471,0
DA:472,0
DA:473,0
DA:475,0
DA:478,0
DA:479,0
DA:480,0
DA:482,0
DA:483,0
DA:484,0
DA:485,0
DA:487,0
DA:489,0
DA:490,0
DA:496,0
DA:497,0
DA:498,0
DA:499,0
DA:501,0
DA:503,0
DA:516,0
DA:517,0
DA:520,0
DA:538,0
DA:539,0
DA:540,0
DA:546,0
DA:554,0
DA:555,0
DA:560,0
DA:561,0
DA:562,0
DA:567,0
DA:568,0
DA:570,0
DA:572,0
DA:573,0
DA:574,0
DA:575,0
DA:576,0
DA:596,0
DA:597,0
DA:598,0
DA:601,0
DA:602,0
DA:604,0
DA:607,0
DA:608,0
DA:610,0
DA:611,0
DA:612,0
DA:613,0
DA:616,0
DA:619,0
DA:623,0
DA:624,0
DA:625,0
DA:626,0
DA:627,0
DA:628,0
DA:662,0
DA:672,0
DA:676,0
DA:677,0
DA:678,0
DA:679,0
DA:680,0
DA:681,0
DA:684,0
DA:685,0
DA:689,0
DA:690,0
DA:691,0
DA:692,0
DA:693,0
DA:694,0
DA:696,0
DA:697,0
DA:705,0
DA:728,0
DA:729,0
DA:730,0
DA:731,0
DA:732,0
DA:733,0
DA:738,0
DA:739,0
DA:740,0
DA:741,0
DA:744,0
DA:745,0
DA:749,0
DA:750,0
DA:751,0
DA:752,0
DA:753,0
DA:755,0
DA:757,0
DA:759,0
DA:763,0
DA:771,0
DA:772,0
DA:773,0
DA:776,0
DA:777,0
DA:784,0
DA:785,0
DA:786,0
DA:787,0
DA:788,0
DA:789,0
DA:790,0
DA:791,0
DA:792,0
DA:793,0
DA:794,0
DA:795,0
DA:796,0
DA:797,0
DA:798,0
DA:800,0
DA:821,0
DA:822,0
DA:823,0
DA:824,0
DA:825,0
DA:826,0
DA:827,0
DA:828,0
DA:836,0
DA:850,0
DA:851,0
DA:853,0
DA:860,0
DA:862,0
DA:864,0
DA:867,0
DA:869,0
DA:870,0
DA:879,0
DA:881,0
DA:888,0
DA:889,0
DA:890,0
DA:891,0
DA:892,0
DA:897,0
DA:898,0
DA:899,0
DA:900,0
DA:901,0
DA:902,0
DA:903,0
DA:904,0
DA:906,0
DA:907,0
DA:908,0
DA:910,0
DA:911,0
DA:913,0
DA:920,0
DA:921,0
DA:922,0
DA:924,0
DA:925,0
DA:926,0
DA:927,0
DA:928,0
DA:929,0
DA:930,0
DA:933,0
DA:936,0
DA:937,0
DA:938,0
DA:939,0
DA:944,0
DA:945,0
DA:946,0
DA:947,0
DA:951,0
DA:952,0
DA:956,0
DA:957,0
DA:962,0
DA:963,0
DA:967,0
DA:968,0
LF:324
LH:0
BRDA:63,0,0,0
BRDA:63,0,1,0
BRDA:68,1,0,0
BRDA:68,1,1,0
BRDA:73,2,0,0
BRDA:73,2,1,0
BRDA:81,3,0,0
BRDA:81,3,1,0
BRDA:83,4,0,0
BRDA:83,4,1,0
BRDA:85,5,0,0
BRDA:85,5,1,0
BRDA:95,6,0,0
BRDA:96,7,0,0
BRDA:96,7,1,0
BRDA:109,8,0,0
BRDA:109,8,1,0
BRDA:114,9,0,0
BRDA:114,9,1,0
BRDA:134,10,0,0
BRDA:134,10,1,0
BRDA:136,11,0,0
BRDA:136,11,1,0
BRDA:144,12,0,0
BRDA:144,12,1,0
BRDA:144,13,0,0
BRDA:144,13,1,0
BRDA:145,14,0,0
BRDA:145,14,1,0
BRDA:166,15,0,0
BRDA:166,15,1,0
BRDA:166,16,0,0
BRDA:166,16,1,0
BRDA:188,17,0,0
BRDA:188,17,1,0
BRDA:220,18,0,0
BRDA:220,18,1,0
BRDA:220,19,0,0
BRDA:220,19,1,0
BRDA:221,20,0,0
BRDA:221,20,1,0
BRDA:222,21,0,0
BRDA:222,21,1,0
BRDA:222,22,0,0
BRDA:222,22,1,0
BRDA:223,23,0,0
BRDA:223,23,1,0
BRDA:224,24,0,0
BRDA:224,24,1,0
BRDA:233,25,0,0
BRDA:233,25,1,0
BRDA:243,26,0,0
BRDA:243,26,1,0
BRDA:243,27,0,0
BRDA:243,27,1,0
BRDA:250,28,0,0
BRDA:250,28,1,0
BRDA:250,29,0,0
BRDA:250,29,1,0
BRDA:251,30,0,0
BRDA:251,30,1,0
BRDA:317,31,0,0
BRDA:318,32,0,0
BRDA:318,32,1,0
BRDA:319,33,0,0
BRDA:319,33,1,0
BRDA:323,34,0,0
BRDA:323,34,1,0
BRDA:327,35,0,0
BRDA:327,35,1,0
BRDA:328,36,0,0
BRDA:328,36,1,0
BRDA:328,37,0,0
BRDA:328,37,1,0
BRDA:329,38,0,0
BRDA:329,38,1,0
BRDA:334,39,0,0
BRDA:334,39,1,0
BRDA:347,40,0,0
BRDA:347,40,1,0
BRDA:347,41,0,0
BRDA:347,41,1,0
BRDA:362,42,0,0
BRDA:362,42,1,0
BRDA:363,43,0,0
BRDA:363,43,1,0
BRDA:363,44,0,0
BRDA:363,44,1,0
BRDA:367,45,0,0
BRDA:367,45,1,0
BRDA:370,46,0,0
BRDA:370,46,1,0
BRDA:373,47,0,0
BRDA:373,47,1,0
BRDA:383,48,0,0
BRDA:383,48,1,0
BRDA:383,49,0,0
BRDA:383,49,1,0
BRDA:384,50,0,0
BRDA:384,50,1,0
BRDA:387,51,0,0
BRDA:387,51,1,0
BRDA:387,52,0,0
BRDA:387,52,1,0
BRDA:389,53,0,0
BRDA:389,53,1,0
BRDA:389,54,0,0
BRDA:389,54,1,0
BRDA:389,54,2,0
BRDA:389,54,3,0
BRDA:392,55,0,0
BRDA:392,55,1,0
BRDA:405,56,0,0
BRDA:405,56,1,0
BRDA:405,57,0,0
BRDA:405,57,1,0
BRDA:413,58,0,0
BRDA:413,58,1,0
BRDA:415,59,0,0
BRDA:415,59,1,0
BRDA:415,60,0,0
BRDA:415,60,1,0
BRDA:416,61,0,0
BRDA:416,61,1,0
BRDA:416,62,0,0
BRDA:416,62,1,0
BRDA:417,63,0,0
BRDA:417,63,1,0
BRDA:417,64,0,0
BRDA:417,64,1,0
BRDA:447,65,0,0
BRDA:449,66,0,0
BRDA:449,66,1,0
BRDA:449,67,0,0
BRDA:449,67,1,0
BRDA:450,68,0,0
BRDA:450,68,1,0
BRDA:450,69,0,0
BRDA:450,69,1,0
BRDA:450,69,2,0
BRDA:456,70,0,0
BRDA:456,70,1,0
BRDA:456,71,0,0
BRDA:456,71,1,0
BRDA:456,71,2,0
BRDA:457,72,0,0
BRDA:457,72,1,0
BRDA:457,73,0,0
BRDA:457,73,1,0
BRDA:457,73,2,0
BRDA:458,74,0,0
BRDA:458,74,1,0
BRDA:460,75,0,0
BRDA:460,75,1,0
BRDA:461,76,0,0
BRDA:461,76,1,0
BRDA:461,77,0,0
BRDA:461,77,1,0
BRDA:463,78,0,0
BRDA:463,78,1,0
BRDA:463,79,0,0
BRDA:463,79,1,0
BRDA:469,80,0,0
BRDA:469,81,0,0
BRDA:471,82,0,0
BRDA:471,82,1,0
BRDA:473,83,0,0
BRDA:473,83,1,0
BRDA:473,84,0,0
BRDA:473,84,1,0
BRDA:475,85,0,0
BRDA:475,85,1,0
BRDA:479,86,0,0
BRDA:479,86,1,0
BRDA:479,87,0,0
BRDA:479,87,1,0
BRDA:479,87,2,0
BRDA:538,88,0,0
BRDA:538,88,1,0
BRDA:538,89,0,0
BRDA:538,89,1,0
BRDA:539,90,0,0
BRDA:539,90,1,0
BRDA:539,91,0,0
BRDA:539,91,1,0
BRDA:540,92,0,0
BRDA:540,92,1,0
BRDA:540,93,0,0
BRDA:540,93,1,0
BRDA:546,94,0,0
BRDA:546,94,1,0
BRDA:554,95,0,0
BRDA:554,95,1,0
BRDA:555,96,0,0
BRDA:555,96,1,0
BRDA:560,97,0,0
BRDA:560,97,1,0
BRDA:561,98,0,0
BRDA:561,98,1,0
BRDA:572,99,0,0
BRDA:572,99,1,0
BRDA:572,99,2,0
BRDA:572,99,3,0
BRDA:596,100,0,0
BRDA:596,100,1,0
BRDA:602,101,0,0
BRDA:602,101,1,0
BRDA:604,102,0,0
BRDA:604,102,1,0
BRDA:604,102,2,0
BRDA:610,103,0,0
BRDA:610,103,1,0
BRDA:613,104,0,0
BRDA:613,104,1,0
BRDA:625,105,0,0
BRDA:625,105,1,0
BRDA:628,106,0,0
BRDA:628,106,1,0
BRDA:663,107,0,0
BRDA:663,107,1,0
BRDA:663,107,2,0
BRDA:663,107,3,0
BRDA:672,108,0,0
BRDA:672,108,1,0
BRDA:672,108,2,0
BRDA:685,109,0,0
BRDA:685,109,1,0
BRDA:691,110,0,0
BRDA:691,110,1,0
BRDA:730,111,0,0
BRDA:730,111,1,0
BRDA:731,112,0,0
BRDA:731,112,1,0
BRDA:738,113,0,0
BRDA:738,113,1,0
BRDA:738,114,0,0
BRDA:738,114,1,0
BRDA:744,115,0,0
BRDA:744,115,1,0
BRDA:750,116,0,0
BRDA:750,116,1,0
BRDA:751,117,0,0
BRDA:751,117,1,0
BRDA:752,118,0,0
BRDA:752,118,1,0
BRDA:753,119,0,0
BRDA:753,119,1,0
BRDA:755,120,0,0
BRDA:755,120,1,0
BRDA:757,121,0,0
BRDA:757,121,1,0
BRDA:776,122,0,0
BRDA:776,122,1,0
BRDA:785,123,0,0
BRDA:785,123,1,0
BRDA:787,124,0,0
BRDA:787,124,1,0
BRDA:787,125,0,0
BRDA:787,125,1,0
BRDA:788,126,0,0
BRDA:788,126,1,0
BRDA:789,127,0,0
BRDA:789,127,1,0
BRDA:794,128,0,0
BRDA:794,128,1,0
BRDA:795,129,0,0
BRDA:795,129,1,0
BRDA:796,130,0,0
BRDA:796,130,1,0
BRDA:797,131,0,0
BRDA:797,131,1,0
BRDA:797,132,0,0
BRDA:797,132,1,0
BRDA:800,133,0,0
BRDA:800,133,1,0
BRDA:821,134,0,0
BRDA:821,134,1,0
BRDA:823,135,0,0
BRDA:823,135,1,0
BRDA:824,136,0,0
BRDA:824,136,1,0
BRDA:825,137,0,0
BRDA:825,137,1,0
BRDA:827,138,0,0
BRDA:827,138,1,0
BRDA:880,139,0,0
BRDA:880,139,1,0
BRDA:881,140,0,0
BRDA:881,140,1,0
BRDA:898,141,0,0
BRDA:898,141,1,0
BRDA:900,142,0,0
BRDA:900,142,1,0
BRDA:904,143,0,0
BRDA:904,143,1,0
BRDA:920,144,0,0
BRDA:920,144,1,0
BRDA:922,145,0,0
BRDA:922,145,1,0
BRDA:927,146,0,0
BRDA:927,146,1,0
BRDA:944,147,0,0
BRDA:944,147,1,0
BRF:303
BRH:0
end_of_record
TN:
SF:src/baseline-schema-global-setup.ts
FN:124,seedDependentViewProbe
FN:154,isBaselineContainerHealthy
FN:217,schemaMutationsInMigrationSql
FN:234,(anonymous_3)
FN:234,(anonymous_4)
FN:242,expectedSchemasAfter
FN:276,diffLedgerAgainstSchemas
FN:284,(anonymous_7)
FN:298,findLedgerSchemaDivergence
FN:302,(anonymous_9)
FN:311,(anonymous_10)
FN:313,(anonymous_11)
FN:327,(anonymous_12)
FN:329,(anonymous_13)
FN:338,(anonymous_14)
FN:341,(anonymous_15)
FN:352,findRepoRoot
FN:381,setup
FN:409,(anonymous_18)
FN:410,(anonymous_19)
FN:426,(anonymous_20)
FN:432,(anonymous_21)
FN:433,(anonymous_22)
FN:447,(anonymous_23)
FN:458,(anonymous_24)
FN:468,(anonymous_25)
FN:483,(anonymous_26)
FN:493,(anonymous_27)
FN:518,(anonymous_28)
FN:548,(anonymous_29)
FN:556,(anonymous_30)
FN:567,(anonymous_31)
FNF:32
FNH:0
FNDA:0,seedDependentViewProbe
FNDA:0,isBaselineContainerHealthy
FNDA:0,schemaMutationsInMigrationSql
FNDA:0,(anonymous_3)
FNDA:0,(anonymous_4)
FNDA:0,expectedSchemasAfter
FNDA:0,diffLedgerAgainstSchemas
FNDA:0,(anonymous_7)
FNDA:0,findLedgerSchemaDivergence
FNDA:0,(anonymous_9)
FNDA:0,(anonymous_10)
FNDA:0,(anonymous_11)
FNDA:0,(anonymous_12)
FNDA:0,(anonymous_13)
FNDA:0,(anonymous_14)
FNDA:0,(anonymous_15)
FNDA:0,findRepoRoot
FNDA:0,setup
FNDA:0,(anonymous_18)
FNDA:0,(anonymous_19)
FNDA:0,(anonymous_20)
FNDA:0,(anonymous_21)
FNDA:0,(anonymous_22)
FNDA:0,(anonymous_23)
FNDA:0,(anonymous_24)
FNDA:0,(anonymous_25)
FNDA:0,(anonymous_26)
FNDA:0,(anonymous_27)
FNDA:0,(anonymous_28)
FNDA:0,(anonymous_29)
FNDA:0,(anonymous_30)
FNDA:0,(anonymous_31)
DA:76,0
DA:109,0
DA:125,0
DA:127,0
DA:128,0
DA:132,0
DA:155,0
DA:189,0
DA:190,0
DA:192,0
DA:219,0
DA:220,0
DA:221,0
DA:222,0
DA:224,0
DA:225,0
DA:227,0
DA:228,0
DA:229,0
DA:234,0
DA:246,0
DA:247,0
DA:248,0
DA:249,0
DA:250,0
DA:252,0
DA:253,0
DA:257,0
DA:281,0
DA:284,0
DA:286,0
DA:287,0
DA:288,0
DA:290,0
DA:302,0
DA:303,0
DA:304,0
DA:306,0
DA:307,0
DA:309,0
DA:311,0
DA:312,0
DA:313,0
DA:316,0
DA:317,0
DA:318,0
DA:319,0
DA:320,0
DA:322,0
DA:327,0
DA:328,0
DA:329,0
DA:331,0
DA:333,0
DA:335,0
DA:338,0
DA:341,0
DA:345,0
DA:353,0
DA:354,0
DA:355,0
DA:356,0
DA:357,0
DA:358,0
DA:360,0
DA:363,0
DA:364,0
DA:365,0
DA:370,0
DA:386,0
DA:387,0
DA:390,0
DA:396,0
DA:398,0
DA:400,0
DA:401,0
DA:409,0
DA:410,0
DA:411,0
DA:415,0
DA:417,0
DA:426,0
DA:429,0
DA:430,0
DA:431,0
DA:432,0
DA:433,0
DA:434,0
DA:437,0
DA:439,0
DA:447,0
DA:448,0
DA:458,0
DA:459,0
DA:464,0
DA:465,0
DA:468,0
DA:469,0
DA:478,0
DA:479,0
DA:480,0
DA:481,0
DA:483,0
DA:485,0
DA:493,0
DA:494,0
DA:497,0
DA:503,0
DA:505,0
DA:510,0
DA:518,0
DA:519,0
DA:524,0
DA:525,0
DA:526,0
DA:531,0
DA:532,0
DA:533,0
DA:534,0
DA:546,0
DA:548,0
DA:551,0
DA:554,0
DA:556,0
DA:563,0
DA:567,0
DA:568,0
LF:127
LH:0
BRDA:127,0,0,0
BRDA:127,0,1,0
BRDA:222,1,0,0
BRDA:222,1,1,0
BRDA:222,2,0,0
BRDA:222,2,1,0
BRDA:225,3,0,0
BRDA:225,3,1,0
BRDA:225,4,0,0
BRDA:225,4,1,0
BRDA:228,5,0,0
BRDA:228,5,1,0
BRDA:228,6,0,0
BRDA:228,6,1,0
BRDA:229,7,0,0
BRDA:229,7,1,0
BRDA:249,8,0,0
BRDA:249,8,1,0
BRDA:249,9,0,0
BRDA:249,9,1,0
BRDA:288,10,0,0
BRDA:288,10,1,0
BRDA:306,11,0,0
BRDA:306,11,1,0
BRDA:309,12,0,0
BRDA:309,12,1,0
BRDA:316,13,0,0
BRDA:316,13,1,0
BRDA:318,14,0,0
BRDA:318,14,1,0
BRDA:331,15,0,0
BRDA:331,15,1,0
BRDA:355,16,0,0
BRDA:355,16,1,0
BRDA:357,17,0,0
BRDA:357,17,1,0
BRDA:364,18,0,0
BRDA:364,18,1,0
BRDA:365,19,0,0
BRDA:365,19,1,0
BRDA:386,20,0,0
BRDA:386,20,1,0
BRDA:386,21,0,0
BRDA:386,21,1,0
BRDA:386,21,2,0
BRDA:400,22,0,0
BRDA:400,22,1,0
BRDA:419,23,0,0
BRDA:419,23,1,0
BRDA:464,24,0,0
BRDA:464,24,1,0
BRDA:480,25,0,0
BRDA:480,25,1,0
BRDA:488,26,0,0
BRDA:488,26,1,0
BRDA:532,27,0,0
BRDA:533,28,0,0
BRDA:533,28,1,0
BRDA:563,29,0,0
BRDA:563,29,1,0
BRF:60
BRH:0
end_of_record
TN:
SF:src/console-noise-filter.ts
FN:15,isSilencedConsoleMessage
FNF:1
FNH:0
FNDA:0,isSilencedConsoleMessage
DA:16,0
DA:18,0
DA:32,0
DA:33,0
DA:51,0
DA:52,0
DA:53,0
DA:54,0
DA:84,0
DA:96,0
DA:105,0
DA:118,0
DA:133,0
DA:149,0
DA:166,0
DA:181,0
DA:193,0
DA:208,0
DA:221,0
DA:236,0
DA:257,0
DA:270,0
DA:287,0
DA:308,0
DA:313,0
DA:332,0
DA:340,0
DA:356,0
DA:374,0
DA:394,0
DA:395,0
LF:31
LH:0
BRDA:16,0,0,0
BRDA:16,0,1,0
BRDA:18,1,0,0
BRDA:18,1,1,0
BRDA:32,2,0,0
BRDA:32,2,1,0
BRDA:33,3,0,0
BRDA:33,3,1,0
BRDA:51,4,0,0
BRDA:51,4,1,0
BRDA:52,5,0,0
BRDA:52,5,1,0
BRDA:53,6,0,0
BRDA:53,6,1,0
BRDA:54,7,0,0
BRDA:54,7,1,0
BRDA:84,8,0,0
BRDA:84,8,1,0
BRDA:96,9,0,0
BRDA:96,9,1,0
BRDA:105,10,0,0
BRDA:105,10,1,0
BRDA:118,11,0,0
BRDA:118,11,1,0
BRDA:133,12,0,0
BRDA:133,12,1,0
BRDA:149,13,0,0
BRDA:149,13,1,0
BRDA:166,14,0,0
BRDA:166,14,1,0
BRDA:181,15,0,0
BRDA:181,15,1,0
BRDA:193,16,0,0
BRDA:193,16,1,0
BRDA:208,17,0,0
BRDA:208,17,1,0
BRDA:221,18,0,0
BRDA:221,18,1,0
BRDA:236,19,0,0
BRDA:236,19,1,0
BRDA:257,20,0,0
BRDA:257,20,1,0
BRDA:270,21,0,0
BRDA:270,21,1,0
BRDA:287,22,0,0
BRDA:287,22,1,0
BRDA:287,23,0,0
BRDA:287,23,1,0
BRDA:308,24,0,0
BRDA:308,24,1,0
BRDA:309,25,0,0
BRDA:309,25,1,0
BRDA:309,25,2,0
BRDA:332,26,0,0
BRDA:332,26,1,0
BRDA:340,27,0,0
BRDA:340,27,1,0
BRDA:356,28,0,0
BRDA:356,28,1,0
BRDA:374,29,0,0
BRDA:374,29,1,0
BRDA:394,30,0,0
BRDA:394,30,1,0
BRDA:394,31,0,0
BRDA:394,31,1,0
BRF:65
BRH:0
end_of_record
TN:
SF:src/handle-leak-delta.ts
FN:56,fakeTimerFinding
FN:127,countResources
FN:138,diffCounts
FN:146,(anonymous_3)
FN:158,classifyFile
FN:165,(anonymous_5)
FN:168,(anonymous_6)
FN:169,(anonymous_7)
FN:174,isSourceClean
FN:179,leakWeight
FN:180,(anonymous_10)
FN:184,summarizeCensus
FN:185,(anonymous_12)
FN:185,(anonymous_13)
FN:186,(anonymous_14)
FNF:15
FNH:4
FNDA:1,fakeTimerFinding
FNDA:2,countResources
FNDA:1,diffCounts
FNDA:0,(anonymous_3)
FNDA:1,classifyFile
FNDA:0,(anonymous_5)
FNDA:0,(anonymous_6)
FNDA:0,(anonymous_7)
FNDA:0,isSourceClean
FNDA:0,leakWeight
FNDA:0,(anonymous_10)
FNDA:0,summarizeCensus
FNDA:0,(anonymous_12)
FNDA:0,(anonymous_13)
FNDA:0,(anonymous_14)
DA:53,1
DA:57,1
DA:84,1
DA:128,2
DA:129,10
DA:130,2
DA:139,1
DA:140,1
DA:141,2
DA:142,2
DA:146,1
DA:164,1
DA:165,1
DA:166,1
DA:168,0
DA:169,0
DA:175,0
DA:180,0
DA:185,0
DA:186,0
DA:187,0
DA:188,0
DA:189,0
DA:191,0
LF:24
LH:14
BRDA:57,0,0,0
BRDA:57,0,1,1
BRDA:129,1,0,10
BRDA:129,1,1,4
BRDA:141,2,0,2
BRDA:141,2,1,0
BRDA:141,3,0,2
BRDA:141,3,1,0
BRDA:142,4,0,0
BRDA:142,4,1,2
BRDA:146,5,0,0
BRDA:146,5,1,0
BRDA:162,6,0,1
BRDA:189,7,0,0
BRDA:189,7,1,0
BRDA:194,8,0,0
BRDA:194,8,1,0
BRF:17
BRH:7
end_of_record
TN:
SF:src/hermetic-tmpdir.ts
FN:179,pidFromEntryName
FN:192,creatorIsAlive
FN:194,(anonymous_2)
FN:254,sweepAbandonedHermeticDirs
FN:259,(anonymous_4)
FN:328,sweepStaleTestScratch
FN:346,createHermeticDir
FNF:7
FNH:7
FNDA:1,pidFromEntryName
FNDA:1,creatorIsAlive
FNDA:1,(anonymous_2)
FNDA:2,sweepAbandonedHermeticDirs
FNDA:1,(anonymous_4)
FNDA:1,sweepStaleTestScratch
FNDA:1,createHermeticDir
DA:138,1
DA:146,1
DA:153,1
DA:161,1
DA:171,1
DA:180,1
DA:181,1
DA:182,1
DA:195,1
DA:198,1
DA:199,1
DA:200,1
DA:201,1
DA:203,1
DA:255,2
DA:256,2
DA:257,2
DA:258,2
DA:259,2
DA:260,2
DA:261,2
DA:262,2
DA:265,2
DA:266,2
DA:268,0
DA:274,2
DA:280,2
DA:281,404
DA:282,404
DA:283,403
DA:284,402
DA:285,402
DA:287,402
DA:294,402
DA:296,0
DA:298,402
DA:299,1
DA:300,1
DA:302,401
DA:303,404
DA:304,377
DA:305,377
DA:307,24
DA:308,24
DA:309,24
DA:314,2
DA:332,1
DA:347,1
DA:348,1
DA:349,1
LF:50
LH:48
BRDA:181,0,0,0
BRDA:181,0,1,1
BRDA:194,1,0,1
BRDA:198,2,0,0
BRDA:198,2,1,1
BRDA:198,3,0,1
BRDA:198,3,1,1
BRDA:254,4,0,2
BRDA:255,5,0,2
BRDA:255,5,1,2
BRDA:256,6,0,2
BRDA:256,6,1,2
BRDA:257,7,0,2
BRDA:257,7,1,1
BRDA:258,8,0,2
BRDA:258,8,1,2
BRDA:259,9,0,2
BRDA:259,9,1,1
BRDA:261,10,0,2
BRDA:261,10,1,1
BRDA:274,11,0,0
BRDA:274,11,1,2
BRDA:276,12,0,2
BRDA:276,12,1,2
BRDA:282,13,0,1
BRDA:282,13,1,403
BRDA:283,14,0,1
BRDA:283,14,1,402
BRDA:298,15,0,1
BRDA:298,15,1,401
BRDA:302,16,0,401
BRDA:302,16,1,378
BRDA:302,16,2,1
BRDA:303,17,0,377
BRDA:303,17,1,27
BRDA:330,18,0,1
BRDA:346,19,0,1
BRF:37
BRH:34
end_of_record
TN:
SF:src/hono-test-client.ts
FN:46,honoTestClient
FN:48,(anonymous_1)
FN:49,(anonymous_2)
FN:51,send
FN:69,(anonymous_4)
FN:70,(anonymous_5)
FN:71,(anonymous_6)
FN:72,(anonymous_7)
FN:73,(anonymous_8)
FNF:9
FNH:0
FNDA:0,honoTestClient
FNDA:0,(anonymous_1)
FNDA:0,(anonymous_2)
FNDA:0,send
FNDA:0,(anonymous_4)
FNDA:0,(anonymous_5)
FNDA:0,(anonymous_6)
FNDA:0,(anonymous_7)
FNDA:0,(anonymous_8)
DA:47,0
DA:48,0
DA:49,0
DA:52,0
DA:53,0
DA:54,0
DA:55,0
DA:56,0
DA:58,0
DA:59,0
DA:60,0
DA:61,0
DA:62,0
DA:64,0
DA:67,0
DA:69,0
DA:70,0
DA:71,0
DA:72,0
DA:73,0
LF:20
LH:0
BRDA:46,0,0,0
BRDA:47,1,0,0
BRDA:47,1,1,0
BRDA:48,2,0,0
BRDA:48,2,1,0
BRDA:48,3,0,0
BRDA:48,3,1,0
BRDA:54,4,0,0
BRDA:54,4,1,0
BRDA:55,5,0,0
BRDA:55,5,1,0
BRDA:56,6,0,0
BRDA:56,6,1,0
BRDA:61,7,0,0
BRDA:61,7,1,0
BRDA:61,8,0,0
BRDA:61,8,1,0
BRDA:61,9,0,0
BRDA:61,9,1,0
BRF:19
BRH:0
end_of_record
TN:
SF:src/index.ts
FNF:0
FNH:0
LF:0
LH:0
BRF:0
BRH:0
end_of_record
TN:
SF:src/lane-split.ts
FN:205,isStatefulTestSource
FN:207,(anonymous_1)
FN:208,(anonymous_2)
FN:246,isUnitTestFile
FN:257,listUnitTestFiles
FN:259,(anonymous_5)
FN:296,classifyLanes
FN:343,resolveLaneInclude
FNF:8
FNH:0
FNDA:0,isStatefulTestSource
FNDA:0,(anonymous_1)
FNDA:0,(anonymous_2)
FNDA:0,isUnitTestFile
FNDA:0,listUnitTestFiles
FNDA:0,(anonymous_5)
FNDA:0,classifyLanes
FNDA:0,resolveLaneInclude
DA:76,0
DA:77,0
DA:90,0
DA:165,0
DA:206,0
DA:207,0
DA:208,0
DA:213,0
DA:242,0
DA:244,0
DA:247,0
DA:258,0
DA:259,0
DA:261,0
DA:262,0
DA:264,0
DA:266,0
DA:267,0
DA:268,0
DA:269,0
DA:270,0
DA:273,0
DA:274,0
DA:275,0
DA:277,0
DA:280,0
DA:281,0
DA:284,0
DA:285,0
DA:300,0
DA:301,0
DA:302,0
DA:303,0
DA:305,0
DA:306,0
DA:310,0
DA:311,0
DA:312,0
DA:314,0
DA:316,0
DA:347,0
DA:348,0
DA:349,0
DA:350,0
LF:44
LH:0
BRDA:207,0,0,0
BRDA:207,0,1,0
BRDA:247,1,0,0
BRDA:247,1,1,0
BRDA:268,2,0,0
BRDA:268,2,1,0
BRDA:269,3,0,0
BRDA:269,3,1,0
BRDA:273,4,0,0
BRDA:273,4,1,0
BRDA:275,5,0,0
BRDA:275,5,1,0
BRDA:281,6,0,0
BRDA:281,6,1,0
BRDA:314,7,0,0
BRDA:314,7,1,0
BRDA:349,8,0,0
BRDA:349,8,1,0
BRDA:350,9,0,0
BRDA:350,9,1,0
BRF:20
BRH:0
end_of_record
TN:
SF:src/leak-baseline.ts
FN:150,relativizeReport
FN:152,(anonymous_1)
FN:153,(anonymous_2)
FN:157,(anonymous_3)
FN:167,formatFireKey
FN:178,lensUnits
FN:197,observedEntries
FN:214,compareToBaseline
FN:242,(anonymous_8)
FN:293,ratchetDown
FN:341,(anonymous_10)
FN:357,describeStaleSpan
FN:378,seedBaseline
FN:396,parseBaseline
FN:418,serializeBaseline
FN:437,renderRatchetReport
FN:448,(anonymous_16)
FN:460,(anonymous_17)
FNF:18
FNH:0
FNDA:0,relativizeReport
FNDA:0,(anonymous_1)
FNDA:0,(anonymous_2)
FNDA:0,(anonymous_3)
FNDA:0,formatFireKey
FNDA:0,lensUnits
FNDA:0,observedEntries
FNDA:0,compareToBaseline
FNDA:0,(anonymous_8)
FNDA:0,ratchetDown
FNDA:0,(anonymous_10)
FNDA:0,describeStaleSpan
FNDA:0,seedBaseline
FNDA:0,parseBaseline
FNDA:0,serializeBaseline
FNDA:0,renderRatchetReport
FNDA:0,(anonymous_16)
FNDA:0,(anonymous_17)
DA:88,0
DA:151,0
DA:152,0
DA:153,0
DA:154,0
DA:157,0
DA:168,0
DA:179,0
DA:180,0
DA:181,0
DA:182,0
DA:183,0
DA:185,0
DA:198,0
DA:199,0
DA:200,0
DA:201,0
DA:204,0
DA:215,0
DA:216,0
DA:218,0
DA:219,0
DA:220,0
DA:221,0
DA:222,0
DA:227,0
DA:228,0
DA:229,0
DA:234,0
DA:235,0
DA:236,0
DA:237,0
DA:238,0
DA:239,0
DA:242,0
DA:244,0
DA:245,0
DA:246,0
DA:247,0
DA:248,0
DA:249,0
DA:250,0
DA:251,0
DA:252,0
DA:254,0
DA:255,0
DA:256,0
DA:260,0
DA:261,0
DA:269,0
DA:271,0
DA:298,0
DA:299,0
DA:304,0
DA:305,0
DA:308,0
DA:309,0
DA:310,0
DA:312,0
DA:313,0
DA:314,0
DA:315,0
DA:316,0
DA:318,0
DA:319,0
DA:320,0
DA:322,0
DA:323,0
DA:324,0
DA:325,0
DA:326,0
DA:331,0
DA:334,0
DA:335,0
DA:336,0
DA:337,0
DA:338,0
DA:339,0
DA:341,0
DA:342,0
DA:345,0
DA:358,0
DA:359,0
DA:360,0
DA:361,0
DA:362,0
DA:363,0
DA:379,0
DA:380,0
DA:382,0
DA:383,0
DA:385,0
DA:386,0
DA:387,0
DA:388,0
DA:390,0
DA:391,0
DA:392,0
DA:397,0
DA:398,0
DA:399,0
DA:400,0
DA:401,0
DA:402,0
DA:403,0
DA:404,0
DA:405,0
DA:406,0
DA:408,0
DA:409,0
DA:410,0
DA:411,0
DA:412,0
DA:414,0
DA:419,0
DA:420,0
DA:421,0
DA:422,0
DA:423,0
DA:425,0
DA:438,0
DA:439,0
DA:440,0
DA:448,0
DA:449,0
DA:450,0
DA:451,0
DA:452,0
DA:460,0
DA:461,0
DA:462,0
DA:463,0
DA:464,0
DA:470,0
DA:473,0
DA:474,0
DA:480,0
DA:483,0
DA:484,0
DA:488,0
LF:140
LH:0
BRDA:151,0,0,0
BRDA:151,0,1,0
BRDA:152,1,0,0
BRDA:152,1,1,0
BRDA:182,2,0,0
BRDA:182,2,1,0
BRDA:220,3,0,0
BRDA:220,3,1,0
BRDA:221,4,0,0
BRDA:221,4,1,0
BRDA:221,5,0,0
BRDA:221,5,1,0
BRDA:228,6,0,0
BRDA:228,6,1,0
BRDA:238,7,0,0
BRDA:238,7,1,0
BRDA:238,8,0,0
BRDA:238,8,1,0
BRDA:246,9,0,0
BRDA:246,9,1,0
BRDA:249,10,0,0
BRDA:249,10,1,0
BRDA:250,11,0,0
BRDA:250,11,1,0
BRDA:250,12,0,0
BRDA:250,12,1,0
BRDA:255,13,0,0
BRDA:255,13,1,0
BRDA:261,14,0,0
BRDA:261,14,1,0
BRDA:269,15,0,0
BRDA:269,15,1,0
BRDA:269,16,0,0
BRDA:269,16,1,0
BRDA:276,17,0,0
BRDA:276,17,1,0
BRDA:298,18,0,0
BRDA:298,18,1,0
BRDA:304,19,0,0
BRDA:304,19,1,0
BRDA:314,20,0,0
BRDA:314,20,1,0
BRDA:318,21,0,0
BRDA:318,21,1,0
BRDA:318,22,0,0
BRDA:318,22,1,0
BRDA:324,23,0,0
BRDA:324,23,1,0
BRDA:337,24,0,0
BRDA:337,24,1,0
BRDA:342,25,0,0
BRDA:342,25,1,0
BRDA:342,26,0,0
BRDA:342,26,1,0
BRDA:359,27,0,0
BRDA:359,27,1,0
BRDA:359,28,0,0
BRDA:359,28,1,0
BRDA:361,29,0,0
BRDA:361,29,1,0
BRDA:379,30,0,0
BRDA:379,30,1,0
BRDA:382,31,0,0
BRDA:382,31,1,0
BRDA:388,32,0,0
BRDA:388,32,1,0
BRDA:388,33,0,0
BRDA:388,33,1,0
BRDA:397,34,0,0
BRDA:397,34,1,0
BRDA:397,35,0,0
BRDA:397,35,1,0
BRDA:399,36,0,0
BRDA:399,36,1,0
BRDA:399,37,0,0
BRDA:399,37,1,0
BRDA:402,38,0,0
BRDA:402,38,1,0
BRDA:403,39,0,0
BRDA:403,39,1,0
BRDA:404,40,0,0
BRDA:404,40,1,0
BRDA:405,41,0,0
BRDA:405,41,1,0
BRDA:405,42,0,0
BRDA:405,42,1,0
BRDA:409,43,0,0
BRDA:409,43,1,0
BRDA:411,44,0,0
BRDA:411,44,1,0
BRDA:414,45,0,0
BRDA:414,45,1,0
BRDA:441,46,0,0
BRDA:441,46,1,0
BRDA:443,47,0,0
BRDA:443,47,1,0
BRDA:448,48,0,0
BRDA:448,48,1,0
BRDA:449,49,0,0
BRDA:449,49,1,0
BRDA:453,50,0,0
BRDA:453,50,1,0
BRDA:460,51,0,0
BRDA:460,51,1,0
BRDA:461,52,0,0
BRDA:461,52,1,0
BRDA:465,53,0,0
BRDA:465,53,1,0
BRDA:473,54,0,0
BRDA:473,54,1,0
BRDA:475,55,0,0
BRDA:475,55,1,0
BRDA:480,56,0,0
BRDA:480,56,1,0
BRDA:483,57,0,0
BRDA:483,57,1,0
BRF:116
BRH:0
end_of_record
TN:
SF:src/leak-census-aggregate.ts
FN:172,splitByLens
FN:180,(anonymous_1)
FN:185,isRecord
FN:197,parseCensusJsonl
FN:222,dedupeByFile
FN:249,mergePostMortemFires
FN:259,(anonymous_6)
FN:263,buildCensusReport
FN:276,(anonymous_8)
FN:283,(anonymous_9)
FN:288,(anonymous_10)
FN:313,aggregateCensusDir
FN:322,(anonymous_12)
FN:366,renderCensusReport
FN:400,(anonymous_14)
FN:420,(anonymous_15)
FN:431,(anonymous_16)
FNF:17
FNH:0
FNDA:0,splitByLens
FNDA:0,(anonymous_1)
FNDA:0,isRecord
FNDA:0,parseCensusJsonl
FNDA:0,dedupeByFile
FNDA:0,mergePostMortemFires
FNDA:0,(anonymous_6)
FNDA:0,buildCensusReport
FNDA:0,(anonymous_8)
FNDA:0,(anonymous_9)
FNDA:0,(anonymous_10)
FNDA:0,aggregateCensusDir
FNDA:0,(anonymous_12)
FNDA:0,renderCensusReport
FNDA:0,(anonymous_14)
FNDA:0,(anonymous_15)
FNDA:0,(anonymous_16)
DA:139,0
DA:150,0
DA:173,0
DA:174,0
DA:175,0
DA:176,0
DA:177,0
DA:179,0
DA:180,0
DA:182,0
DA:186,0
DA:187,0
DA:188,0
DA:198,0
DA:199,0
DA:200,0
DA:201,0
DA:202,0
DA:203,0
DA:204,0
DA:205,0
DA:206,0
DA:208,0
DA:211,0
DA:226,0
DA:227,0
DA:228,0
DA:229,0
DA:230,0
DA:231,0
DA:232,0
DA:234,0
DA:235,0
DA:237,0
DA:250,0
DA:251,0
DA:252,0
DA:253,0
DA:254,0
DA:255,0
DA:256,0
DA:259,0
DA:270,0
DA:271,0
DA:276,0
DA:277,0
DA:278,0
DA:279,0
DA:280,0
DA:282,0
DA:283,0
DA:284,0
DA:288,0
DA:320,0
DA:321,0
DA:322,0
DA:324,0
DA:326,0
DA:327,0
DA:328,0
DA:329,0
DA:330,0
DA:331,0
DA:332,0
DA:333,0
DA:334,0
DA:335,0
DA:336,0
DA:337,0
DA:338,0
DA:339,0
DA:341,0
DA:343,0
DA:345,0
DA:346,0
DA:347,0
DA:349,0
DA:350,0
DA:351,0
DA:353,0
DA:367,0
DA:368,0
DA:369,0
DA:370,0
DA:375,0
DA:376,0
DA:377,0
DA:378,0
DA:385,0
DA:386,0
DA:387,0
DA:388,0
DA:390,0
DA:394,0
DA:399,0
DA:400,0
DA:401,0
DA:402,0
DA:403,0
DA:404,0
DA:405,0
DA:407,0
DA:408,0
DA:409,0
DA:411,0
DA:412,0
DA:415,0
DA:417,0
DA:418,0
DA:419,0
DA:420,0
DA:421,0
DA:424,0
DA:425,0
DA:430,0
DA:431,0
DA:432,0
DA:435,0
LF:118
LH:0
BRDA:176,0,0,0
BRDA:176,0,1,0
BRDA:180,1,0,0
BRDA:180,1,1,0
BRDA:186,2,0,0
BRDA:186,2,1,0
BRDA:186,3,0,0
BRDA:186,3,1,0
BRDA:188,4,0,0
BRDA:188,4,1,0
BRDA:188,4,2,0
BRDA:202,5,0,0
BRDA:202,5,1,0
BRDA:205,6,0,0
BRDA:205,6,1,0
BRDA:230,7,0,0
BRDA:230,7,1,0
BRDA:235,8,0,0
BRDA:235,8,1,0
BRDA:252,9,0,0
BRDA:252,9,1,0
BRDA:255,10,0,0
BRDA:255,10,1,0
BRDA:265,11,0,0
BRDA:276,12,0,0
BRDA:276,12,1,0
BRDA:276,13,0,0
BRDA:276,13,1,0
BRDA:279,14,0,0
BRDA:279,14,1,0
BRDA:280,15,0,0
BRDA:280,15,1,0
BRDA:287,16,0,0
BRDA:287,16,1,0
BRDA:292,17,0,0
BRDA:292,17,1,0
BRDA:294,18,0,0
BRDA:294,18,1,0
BRDA:300,19,0,0
BRDA:300,19,1,0
BRDA:302,20,0,0
BRDA:302,20,1,0
BRDA:315,21,0,0
BRDA:322,22,0,0
BRDA:322,22,1,0
BRDA:337,23,0,0
BRDA:337,23,1,0
BRDA:337,24,0,0
BRDA:337,24,1,0
BRDA:345,25,0,0
BRDA:345,25,1,0
BRDA:346,26,0,0
BRDA:346,26,1,0
BRDA:346,27,0,0
BRDA:346,27,1,0
BRDA:347,28,0,0
BRDA:347,28,1,0
BRDA:347,29,0,0
BRDA:347,29,1,0
BRDA:371,30,0,0
BRDA:371,30,1,0
BRDA:377,31,0,0
BRDA:377,31,1,0
BRDA:378,32,0,0
BRDA:378,32,1,0
BRDA:385,33,0,0
BRDA:385,33,1,0
BRDA:403,34,0,0
BRDA:403,34,1,0
BRDA:407,35,0,0
BRDA:407,35,1,0
BRDA:411,36,0,0
BRDA:411,36,1,0
BRDA:417,37,0,0
BRDA:417,37,1,0
BRDA:424,38,0,0
BRDA:424,38,1,0
BRDA:426,39,0,0
BRDA:426,39,1,0
BRF:79
BRH:0
end_of_record
TN:
SF:src/make-fixture.ts
FN:36,nextCounter
FN:42,defaultForColumn
FN:114,makeFixture
FN:136,makeFixtures
FN:139,(anonymous_4)
FN:150,_resetFixtureCounters
FNF:6
FNH:0
FNDA:0,nextCounter
FNDA:0,defaultForColumn
FNDA:0,makeFixture
FNDA:0,makeFixtures
FNDA:0,(anonymous_4)
FNDA:0,_resetFixtureCounters
DA:34,0
DA:37,0
DA:38,0
DA:39,0
DA:44,0
DA:46,0
DA:48,0
DA:49,0
DA:57,0
DA:58,0
DA:60,0
DA:61,0
DA:62,0
DA:63,0
DA:68,0
DA:75,0
DA:81,0
DA:83,0
DA:88,0
DA:90,0
DA:93,0
DA:96,0
DA:98,0
DA:100,0
DA:104,0
DA:105,0
DA:106,0
DA:107,0
DA:118,0
DA:119,0
DA:120,0
DA:121,0
DA:122,0
DA:123,0
DA:124,0
DA:126,0
DA:127,0
DA:129,0
DA:139,0
DA:141,0
DA:142,0
DA:143,0
DA:151,0
LF:43
LH:0
BRDA:37,0,0,0
BRDA:37,0,1,0
BRDA:44,1,0,0
BRDA:44,1,1,0
BRDA:46,2,0,0
BRDA:46,2,1,0
BRDA:48,3,0,0
BRDA:48,3,1,0
BRDA:49,4,0,0
BRDA:49,4,1,0
BRDA:49,4,2,0
BRDA:49,4,3,0
BRDA:49,4,4,0
BRDA:49,4,5,0
BRDA:49,4,6,0
BRDA:49,4,7,0
BRDA:49,4,8,0
BRDA:49,4,9,0
BRDA:49,4,10,0
BRDA:49,4,11,0
BRDA:49,4,12,0
BRDA:49,4,13,0
BRDA:49,4,14,0
BRDA:49,4,15,0
BRDA:49,4,16,0
BRDA:49,4,17,0
BRDA:49,4,18,0
BRDA:49,4,19,0
BRDA:49,4,20,0
BRDA:49,4,21,0
BRDA:49,4,22,0
BRDA:49,4,23,0
BRDA:57,5,0,0
BRDA:57,5,1,0
BRDA:57,6,0,0
BRDA:57,6,1,0
BRDA:57,6,2,0
BRDA:60,7,0,0
BRDA:60,7,1,0
BRDA:61,8,0,0
BRDA:61,8,1,0
BRDA:62,9,0,0
BRDA:62,9,1,0
BRDA:75,10,0,0
BRDA:75,10,1,0
BRDA:76,11,0,0
BRDA:76,11,1,0
BRDA:76,11,2,0
BRDA:76,11,3,0
BRDA:104,12,0,0
BRDA:104,12,1,0
BRDA:105,13,0,0
BRDA:105,13,1,0
BRDA:106,14,0,0
BRDA:106,14,1,0
BRDA:116,15,0,0
BRDA:122,16,0,0
BRDA:122,16,1,0
BRDA:127,17,0,0
BRDA:127,17,1,0
BRDA:139,18,0,0
BRF:61
BRH:0
end_of_record
TN:
SF:src/mock-sql.ts
FN:103,renderQueryText
FN:108,(anonymous_1)
FN:113,routeLabel
FN:117,matches
FN:121,resolveRows
FN:126,unmatchedError
FN:130,(anonymous_6)
FN:147,mockSqlThrowOnUnmatched
FN:155,(anonymous_8)
FN:160,(anonymous_9)
FN:177,(anonymous_10)
FN:179,(anonymous_11)
FN:179,(anonymous_12)
FNF:13
FNH:13
FNDA:24,renderQueryText
FNDA:28,(anonymous_1)
FNDA:39,routeLabel
FNDA:23,matches
FNDA:18,resolveRows
FNDA:5,unmatchedError
FNDA:5,(anonymous_6)
FNDA:17,mockSqlThrowOnUnmatched
FNDA:23,(anonymous_8)
FNDA:23,(anonymous_9)
FNDA:1,(anonymous_10)
FNDA:2,(anonymous_11)
FNDA:4,(anonymous_12)
DA:100,1
DA:107,24
DA:108,28
DA:114,39
DA:118,23
DA:122,18
DA:123,18
DA:128,5
DA:129,5
DA:130,5
DA:132,5
DA:151,17
DA:152,17
DA:153,17
DA:155,17
DA:159,23
DA:160,23
DA:161,23
DA:166,23
DA:168,23
DA:169,15
DA:170,15
DA:172,8
DA:173,5
DA:176,17
DA:177,1
DA:179,4
LF:27
LH:27
BRDA:108,0,0,5
BRDA:108,0,1,23
BRDA:114,1,0,39
BRDA:114,1,1,34
BRDA:118,2,0,13
BRDA:118,2,1,10
BRDA:122,3,0,8
BRDA:122,3,1,10
BRDA:128,4,0,0
BRDA:128,4,1,5
BRDA:129,5,0,4
BRDA:129,5,1,1
BRDA:149,6,0,17
BRDA:151,7,0,17
BRDA:151,7,1,16
BRDA:164,8,0,15
BRDA:164,8,1,8
BRDA:168,9,0,15
BRDA:168,9,1,8
BRDA:172,10,0,3
BRDA:172,10,1,5
BRF:21
BRH:20
end_of_record
TN:
SF:src/msw.ts
FN:10,setupMsw
FN:11,(anonymous_1)
FN:12,(anonymous_2)
FN:13,(anonymous_3)
FNF:4
FNH:0
FNDA:0,setupMsw
FNDA:0,(anonymous_1)
FNDA:0,(anonymous_2)
FNDA:0,(anonymous_3)
DA:8,0
DA:11,0
DA:12,0
DA:13,0
LF:4
LH:0
BRF:0
BRH:0
end_of_record
TN:
SF:src/nest-test-app.ts
FN:49,bootNestTestApp
FN:60,(anonymous_1)
FNF:2
FNH:0
FNDA:0,bootNestTestApp
FNDA:0,(anonymous_1)
DA:50,0
DA:51,0
DA:52,0
DA:53,0
DA:54,0
DA:55,0
DA:56,0
DA:60,0
LF:8
LH:0
BRDA:51,0,0,0
BRDA:51,0,1,0
BRDA:54,1,0,0
BRDA:54,1,1,0
BRF:4
BRH:0
end_of_record
TN:
SF:src/nuqs-mock.ts
FN:37,genericParser
FN:44,(anonymous_1)
FN:45,(anonymous_2)
FN:46,(anonymous_3)
FN:50,(anonymous_4)
FN:69,(anonymous_5)
FN:70,(anonymous_6)
FN:71,(anonymous_7)
FN:72,(anonymous_8)
FN:73,(anonymous_9)
FN:74,(anonymous_10)
FN:91,createNuqsMock
FN:95,setterFor
FN:96,(anonymous_13)
FN:104,(anonymous_14)
FN:108,(anonymous_15)
FN:112,(anonymous_16)
FN:116,(anonymous_17)
FNF:18
FNH:0
FNDA:0,genericParser
FNDA:0,(anonymous_1)
FNDA:0,(anonymous_2)
FNDA:0,(anonymous_3)
FNDA:0,(anonymous_4)
FNDA:0,(anonymous_5)
FNDA:0,(anonymous_6)
FNDA:0,(anonymous_7)
FNDA:0,(anonymous_8)
FNDA:0,(anonymous_9)
FNDA:0,(anonymous_10)
FNDA:0,createNuqsMock
FNDA:0,setterFor
FNDA:0,(anonymous_13)
FNDA:0,(anonymous_14)
FNDA:0,(anonymous_15)
FNDA:0,(anonymous_16)
FNDA:0,(anonymous_17)
DA:43,0
DA:44,0
DA:45,0
DA:46,0
DA:48,0
DA:50,0
DA:55,0
DA:68,0
DA:69,0
DA:70,0
DA:71,0
DA:72,0
DA:73,0
DA:74,0
DA:78,0
DA:92,0
DA:93,0
DA:96,0
DA:97,0
DA:98,0
DA:102,0
DA:105,0
DA:106,0
DA:109,0
DA:110,0
DA:112,0
DA:113,0
DA:114,0
DA:116,0
DA:117,0
LF:30
LH:0
BRDA:45,0,0,0
BRDA:45,0,1,0
BRDA:45,1,0,0
BRDA:45,1,1,0
BRDA:91,2,0,0
BRDA:97,3,0,0
BRDA:97,3,1,0
BRDA:105,4,0,0
BRDA:105,4,1,0
BRDA:105,5,0,0
BRDA:105,5,1,0
BRDA:110,6,0,0
BRDA:110,6,1,0
BRDA:110,7,0,0
BRDA:110,7,1,0
BRF:15
BRH:0
end_of_record
TN:
SF:src/pg-container.ts
FN:25,substrateFailfastThreshold
FN:44,describeContainer
FN:45,(anonymous_2)
FN:53,(anonymous_3)
FN:54,(anonymous_4)
FN:55,(anonymous_5)
FN:69,withContainerRecoveryReResolution
FN:155,getTestPg
FN:159,(anonymous_8)
FN:167,(anonymous_9)
FN:170,(anonymous_10)
FN:184,(anonymous_11)
FN:188,(anonymous_12)
FN:218,(anonymous_13)
FN:220,(anonymous_14)
FN:268,(anonymous_15)
FN:331,(anonymous_16)
FN:345,(anonymous_17)
FN:356,(anonymous_18)
FN:361,(anonymous_19)
FN:369,(anonymous_20)
FN:376,(anonymous_21)
FN:408,teardownTestPg
FN:431,withTestSchema
FNF:24
FNH:0
FNDA:0,substrateFailfastThreshold
FNDA:0,describeContainer
FNDA:0,(anonymous_2)
FNDA:0,(anonymous_3)
FNDA:0,(anonymous_4)
FNDA:0,(anonymous_5)
FNDA:0,withContainerRecoveryReResolution
FNDA:0,getTestPg
FNDA:0,(anonymous_8)
FNDA:0,(anonymous_9)
FNDA:0,(anonymous_10)
FNDA:0,(anonymous_11)
FNDA:0,(anonymous_12)
FNDA:0,(anonymous_13)
FNDA:0,(anonymous_14)
FNDA:0,(anonymous_15)
FNDA:0,(anonymous_16)
FNDA:0,(anonymous_17)
FNDA:0,(anonymous_18)
FNDA:0,(anonymous_19)
FNDA:0,(anonymous_20)
FNDA:0,(anonymous_21)
FNDA:0,teardownTestPg
FNDA:0,withTestSchema
DA:14,0
DA:26,0
DA:27,0
DA:28,0
DA:30,0
DA:45,0
DA:46,0
DA:47,0
DA:48,0
DA:50,0
DA:53,0
DA:54,0
DA:55,0
DA:56,0
DA:75,0
DA:76,0
DA:77,0
DA:82,0
DA:83,0
DA:84,0
DA:85,0
DA:86,0
DA:88,0
DA:89,0
DA:93,0
DA:95,0
DA:96,0
DA:110,0
DA:122,0
DA:153,0
DA:156,0
DA:157,0
DA:158,0
DA:159,0
DA:167,0
DA:168,0
DA:172,0
DA:173,0
DA:175,0
DA:184,0
DA:187,0
DA:192,0
DA:193,0
DA:196,0
DA:202,0
DA:203,0
DA:216,0
DA:219,0
DA:221,0
DA:325,0
DA:326,0
DA:328,0
DA:329,0
DA:334,0
DA:335,0
DA:336,0
DA:337,0
DA:339,0
DA:345,0
DA:348,0
DA:349,0
DA:350,0
DA:354,0
DA:356,0
DA:357,0
DA:365,0
DA:373,0
DA:374,0
DA:380,0
DA:384,0
DA:385,0
DA:388,0
DA:389,0
DA:409,0
DA:410,0
DA:411,0
DA:412,0
DA:413,0
DA:432,0
DA:433,0
DA:434,0
LF:81
LH:0
BRDA:27,0,0,0
BRDA:27,0,1,0
BRDA:28,1,0,0
BRDA:28,1,1,0
BRDA:28,2,0,0
BRDA:28,2,1,0
BRDA:48,3,0,0
BRDA:48,3,1,0
BRDA:73,4,0,0
BRDA:75,5,0,0
BRDA:75,5,1,0
BRDA:76,6,0,0
BRDA:76,6,1,0
BRDA:76,7,0,0
BRDA:76,7,1,0
BRDA:88,8,0,0
BRDA:88,8,1,0
BRDA:89,9,0,0
BRDA:89,9,1,0
BRDA:90,10,0,0
BRDA:90,10,1,0
BRDA:157,11,0,0
BRDA:157,11,1,0
BRDA:158,12,0,0
BRDA:158,12,1,0
BRDA:177,13,0,0
BRDA:177,13,1,0
BRDA:203,14,0,0
BRDA:203,14,1,0
BRDA:341,15,0,0
BRDA:341,15,1,0
BRDA:348,16,0,0
BRDA:348,16,1,0
BRDA:350,17,0,0
BRDA:350,17,1,0
BRDA:351,18,0,0
BRDA:351,18,1,0
BRDA:409,19,0,0
BRDA:409,19,1,0
BRDA:410,20,0,0
BRDA:410,20,1,0
BRF:41
BRH:0
end_of_record
TN:
SF:src/pg-migrate.ts
FN:42,swapDbName
FN:55,isConnectTimeout
FN:75,withConnectRetry
FN:80,(anonymous_3)
FN:80,(anonymous_4)
FN:94,createFreshDb
FN:97,(anonymous_6)
FN:98,(anonymous_7)
FN:127,quoteIdentifier
FN:131,quoteLiteral
FN:135,markDatabaseDropDeferred
FN:146,(anonymous_11)
FN:150,sweepDeferredDatabaseDrops
FN:180,dropDatabaseWithLock
FN:211,(anonymous_14)
FN:212,(anonymous_15)
FN:217,makeDrop
FN:218,(anonymous_17)
FN:226,(anonymous_18)
FN:227,(anonymous_19)
FN:237,splitStatements
FN:242,(anonymous_21)
FN:243,(anonymous_22)
FN:247,applySqlFiles
FN:248,(anonymous_24)
FN:309,templateLockTimeoutMs
FN:317,isLockTimeout
FN:322,isStatementTimeout
FN:327,terminateBackends
FN:333,buildTemplate
FN:347,(anonymous_30)
FN:348,(anonymous_31)
FN:372,(anonymous_32)
FN:405,(anonymous_33)
FN:416,(anonymous_34)
FN:417,(anonymous_35)
FN:439,getOrBuildTemplate
FN:451,(anonymous_37)
FN:458,createDbFromTemplate
FN:463,(anonymous_39)
FN:464,(anonymous_40)
FN:489,createFreshTestDb
FN:503,(anonymous_42)
FN:514,createMigratedTestDb
FN:515,(anonymous_44)
FN:519,findRepoRoot
FN:544,provisionRestartTestDb
FN:548,(anonymous_47)
FNF:48
FNH:0
FNDA:0,swapDbName
FNDA:0,isConnectTimeout
FNDA:0,withConnectRetry
FNDA:0,(anonymous_3)
FNDA:0,(anonymous_4)
FNDA:0,createFreshDb
FNDA:0,(anonymous_6)
FNDA:0,(anonymous_7)
FNDA:0,quoteIdentifier
FNDA:0,quoteLiteral
FNDA:0,markDatabaseDropDeferred
FNDA:0,(anonymous_11)
FNDA:0,sweepDeferredDatabaseDrops
FNDA:0,dropDatabaseWithLock
FNDA:0,(anonymous_14)
FNDA:0,(anonymous_15)
FNDA:0,makeDrop
FNDA:0,(anonymous_17)
FNDA:0,(anonymous_18)
FNDA:0,(anonymous_19)
FNDA:0,splitStatements
FNDA:0,(anonymous_21)
FNDA:0,(anonymous_22)
FNDA:0,applySqlFiles
FNDA:0,(anonymous_24)
FNDA:0,templateLockTimeoutMs
FNDA:0,isLockTimeout
FNDA:0,isStatementTimeout
FNDA:0,terminateBackends
FNDA:0,buildTemplate
FNDA:0,(anonymous_30)
FNDA:0,(anonymous_31)
FNDA:0,(anonymous_32)
FNDA:0,(anonymous_33)
FNDA:0,(anonymous_34)
FNDA:0,(anonymous_35)
FNDA:0,getOrBuildTemplate
FNDA:0,(anonymous_37)
FNDA:0,createDbFromTemplate
FNDA:0,(anonymous_39)
FNDA:0,(anonymous_40)
FNDA:0,createFreshTestDb
FNDA:0,(anonymous_42)
FNDA:0,createMigratedTestDb
FNDA:0,(anonymous_44)
FNDA:0,findRepoRoot
FNDA:0,provisionRestartTestDb
FNDA:0,(anonymous_47)
DA:43,0
DA:44,0
DA:45,0
DA:56,0
DA:57,0
DA:58,0
DA:79,0
DA:80,0
DA:82,0
DA:83,0
DA:84,0
DA:86,0
DA:87,0
DA:88,0
DA:91,0
DA:95,0
DA:96,0
DA:97,0
DA:98,0
DA:99,0
DA:100,0
DA:102,0
DA:105,0
DA:115,0
DA:116,0
DA:117,0
DA:118,0
DA:119,0
DA:121,0
DA:128,0
DA:132,0
DA:136,0
DA:137,0
DA:138,0
DA:146,0
DA:152,0
DA:153,0
DA:164,0
DA:167,0
DA:168,0
DA:169,0
DA:170,0
DA:174,0
DA:181,0
DA:182,0
DA:183,0
DA:186,0
DA:187,0
DA:188,0
DA:190,0
DA:192,0
DA:197,0
DA:198,0
DA:200,0
DA:201,0
DA:202,0
DA:205,0
DA:206,0
DA:208,0
DA:211,0
DA:212,0
DA:218,0
DA:226,0
DA:227,0
DA:228,0
DA:229,0
DA:231,0
DA:238,0
DA:241,0
DA:242,0
DA:243,0
DA:248,0
DA:249,0
DA:250,0
DA:251,0
DA:252,0
DA:253,0
DA:255,0
DA:259,0
DA:298,0
DA:306,0
DA:307,0
DA:310,0
DA:311,0
DA:312,0
DA:314,0
DA:318,0
DA:319,0
DA:323,0
DA:324,0
DA:328,0
DA:338,0
DA:339,0
DA:340,0
DA:341,0
DA:347,0
DA:348,0
DA:349,0
DA:356,0
DA:357,0
DA:358,0
DA:360,0
DA:361,0
DA:367,0
DA:369,0
DA:370,0
DA:372,0
DA:373,0
DA:376,0
DA:377,0
DA:381,0
DA:387,0
DA:391,0
DA:392,0
DA:393,0
DA:395,0
DA:400,0
DA:403,0
DA:404,0
DA:405,0
DA:409,0
DA:410,0
DA:411,0
DA:412,0
DA:416,0
DA:417,0
DA:418,0
DA:421,0
DA:422,0
DA:423,0
DA:426,0
DA:429,0
DA:431,0
DA:444,0
DA:445,0
DA:446,0
DA:447,0
DA:451,0
DA:452,0
DA:455,0
DA:459,0
DA:460,0
DA:463,0
DA:464,0
DA:465,0
DA:469,0
DA:471,0
DA:474,0
DA:491,0
DA:492,0
DA:495,0
DA:496,0
DA:498,0
DA:499,0
DA:500,0
DA:501,0
DA:503,0
DA:504,0
DA:507,0
DA:515,0
DA:520,0
DA:521,0
DA:522,0
DA:526,0
DA:528,0
DA:529,0
DA:530,0
DA:532,0
DA:545,0
DA:546,0
DA:547,0
DA:549,0
DA:550,0
DA:556,0
DA:557,0
DA:558,0
DA:560,0
LF:177
LH:0
BRDA:57,0,0,0
BRDA:57,0,1,0
BRDA:58,1,0,0
BRDA:58,1,1,0
BRDA:58,2,0,0
BRDA:58,2,1,0
BRDA:77,3,0,0
BRDA:79,4,0,0
BRDA:79,4,1,0
BRDA:80,5,0,0
BRDA:80,5,1,0
BRDA:87,6,0,0
BRDA:87,6,1,0
BRDA:87,7,0,0
BRDA:87,7,1,0
BRDA:94,8,0,0
BRDA:186,9,0,0
BRDA:186,9,1,0
BRDA:200,10,0,0
BRDA:200,10,1,0
BRDA:208,11,0,0
BRDA:208,11,1,0
BRDA:238,12,0,0
BRDA:238,12,1,0
BRDA:243,13,0,0
BRDA:243,13,1,0
BRDA:252,14,0,0
BRDA:252,14,1,0
BRDA:310,15,0,0
BRDA:310,15,1,0
BRDA:311,16,0,0
BRDA:311,16,1,0
BRDA:311,17,0,0
BRDA:311,17,1,0
BRDA:319,18,0,0
BRDA:319,18,1,0
BRDA:319,19,0,0
BRDA:319,19,1,0
BRDA:324,20,0,0
BRDA:324,20,1,0
BRDA:324,21,0,0
BRDA:324,21,1,0
BRDA:336,22,0,0
BRDA:360,23,0,0
BRDA:360,23,1,0
BRDA:387,24,0,0
BRDA:387,24,1,0
BRDA:392,25,0,0
BRDA:392,25,1,0
BRDA:442,26,0,0
BRDA:445,27,0,0
BRDA:445,27,1,0
BRDA:452,28,0,0
BRDA:452,28,1,0
BRDA:489,29,0,0
BRDA:491,30,0,0
BRDA:491,30,1,0
BRDA:495,31,0,0
BRDA:495,31,1,0
BRDA:499,32,0,0
BRDA:499,32,1,0
BRDA:519,33,0,0
BRDA:522,34,0,0
BRDA:522,34,1,0
BRDA:522,35,0,0
BRDA:522,35,1,0
BRDA:529,36,0,0
BRDA:529,36,1,0
BRDA:557,37,0,0
BRDA:557,37,1,0
BRDA:557,37,2,0
BRDA:557,37,3,0
BRF:72
BRH:0
end_of_record
TN:
SF:src/pg-reachability.ts
FN:54,probePgReachable
FN:63,(anonymous_1)
FN:75,(anonymous_2)
FN:77,(anonymous_3)
FN:88,assertPgReachable
FN:124,withPgStartupRetry
FN:136,(anonymous_6)
FNF:7
FNH:0
FNDA:0,probePgReachable
FNDA:0,(anonymous_1)
FNDA:0,(anonymous_2)
FNDA:0,(anonymous_3)
FNDA:0,assertPgReachable
FNDA:0,withPgStartupRetry
FNDA:0,(anonymous_6)
DA:35,0
DA:37,0
DA:58,0
DA:60,0
DA:61,0
DA:66,0
DA:67,0
DA:68,0
DA:70,0
DA:71,0
DA:72,0
DA:73,0
DA:75,0
DA:77,0
DA:93,0
DA:94,0
DA:95,0
DA:128,0
DA:129,0
DA:130,0
DA:131,0
DA:133,0
DA:134,0
DA:135,0
DA:136,0
LF:25
LH:0
BRDA:56,0,0,0
BRDA:70,1,0,0
BRDA:70,1,1,0
BRDA:72,2,0,0
BRDA:72,2,1,0
BRDA:72,3,0,0
BRDA:72,3,1,0
BRDA:91,4,0,0
BRDA:94,5,0,0
BRDA:94,5,1,0
BRDA:126,6,0,0
BRDA:133,7,0,0
BRDA:133,7,1,0
BRDA:135,8,0,0
BRDA:135,8,1,0
BRDA:135,9,0,0
BRDA:135,9,1,0
BRF:17
BRH:0
end_of_record
TN:
SF:src/pg.ts
FNF:0
FNH:0
LF:0
LH:0
BRF:0
BRH:0
end_of_record
TN:
SF:src/redis-container.ts
FN:14,getTestRedis
FN:16,(anonymous_1)
FN:27,teardownTestRedis
FNF:3
FNH:0
FNDA:0,getTestRedis
FNDA:0,(anonymous_1)
FNDA:0,teardownTestRedis
DA:12,0
DA:15,0
DA:16,0
DA:17,0
DA:23,0
DA:24,0
DA:28,0
DA:29,0
DA:30,0
DA:31,0
LF:10
LH:0
BRDA:15,0,0,0
BRDA:15,0,1,0
BRDA:28,1,0,0
BRDA:28,1,1,0
BRF:4
BRH:0
end_of_record
TN:
SF:src/repo-file.ts
FN:28,resolveRepoFile
FN:45,readRepoFile
FNF:2
FNH:0
FNDA:0,resolveRepoFile
FNDA:0,readRepoFile
DA:29,0
DA:30,0
DA:31,0
DA:32,0
DA:33,0
DA:34,0
DA:35,0
DA:40,0
DA:46,0
LF:9
LH:0
BRDA:32,0,0,0
BRDA:32,0,1,0
BRDA:34,1,0,0
BRDA:34,1,1,0
BRF:4
BRH:0
end_of_record
TN:
SF:src/silenced-console-census.ts
FN:70,(anonymous_0)
FN:104,(anonymous_1)
FN:114,recordSilencedMessage
FN:117,(anonymous_3)
FN:129,recordExemplar
FN:142,readSilencedConsoleCensus
FN:147,readSilencedConsoleExemplars
FN:148,(anonymous_7)
FN:152,resetSilencedConsoleCensus
FN:169,summariseSilencedConsole
FNF:10
FNH:4
FNDA:1,(anonymous_0)
FNDA:1,(anonymous_1)
FNDA:0,recordSilencedMessage
FNDA:0,(anonymous_3)
FNDA:0,recordExemplar
FNDA:0,readSilencedConsoleCensus
FNDA:0,readSilencedConsoleExemplars
FNDA:0,(anonymous_7)
FNDA:1,resetSilencedConsoleCensus
FNDA:1,summariseSilencedConsole
DA:48,1
DA:56,1
DA:68,1
DA:70,1
DA:74,1
DA:99,1
DA:100,1
DA:102,1
DA:104,1
DA:115,0
DA:116,0
DA:117,0
DA:118,0
DA:119,0
DA:122,0
DA:130,0
DA:131,0
DA:132,0
DA:133,0
DA:135,0
DA:136,0
DA:143,0
DA:148,0
DA:153,1
DA:154,1
DA:170,1
DA:171,1
DA:172,1
DA:173,1
DA:174,1
DA:175,0
DA:176,0
DA:177,0
DA:180,1
DA:181,0
LF:35
LH:17
BRDA:116,0,0,0
BRDA:116,0,1,0
BRDA:118,1,0,0
BRDA:118,1,1,0
BRDA:119,2,0,0
BRDA:119,2,1,0
BRDA:122,3,0,0
BRDA:122,3,1,0
BRDA:131,4,0,0
BRDA:131,4,1,0
BRDA:135,5,0,0
BRDA:135,5,1,0
BRDA:137,6,0,0
BRDA:137,6,1,0
BRDA:173,7,0,1
BRDA:173,7,1,1
BRDA:174,8,0,1
BRDA:174,8,1,0
BRDA:176,9,0,0
BRDA:176,9,1,0
BRDA:180,10,0,1
BRDA:180,10,1,0
BRF:22
BRH:4
end_of_record
TN:
SF:src/substrate-circuit-breaker.ts
FN:47,(anonymous_0)
FN:70,(anonymous_1)
FN:84,(anonymous_2)
FN:89,(anonymous_3)
FN:98,(anonymous_4)
FN:103,(anonymous_5)
FN:114,(anonymous_6)
FNF:7
FNH:0
FNDA:0,(anonymous_0)
FNDA:0,(anonymous_1)
FNDA:0,(anonymous_2)
FNDA:0,(anonymous_3)
FNDA:0,(anonymous_4)
FNDA:0,(anonymous_5)
FNDA:0,(anonymous_6)
DA:47,0
DA:51,0
DA:52,0
DA:59,0
DA:60,0
DA:75,0
DA:76,0
DA:77,0
DA:78,0
DA:79,0
DA:85,0
DA:90,0
DA:99,0
DA:104,0
DA:115,0
DA:116,0
DA:117,0
DA:119,0
DA:121,0
DA:126,0
DA:127,0
LF:21
LH:0
BRDA:73,0,0,0
BRDA:78,1,0,0
BRDA:78,1,1,0
BRDA:78,2,0,0
BRDA:78,2,1,0
BRDA:99,3,0,0
BRDA:99,3,1,0
BRDA:115,4,0,0
BRDA:115,4,1,0
BRDA:117,5,0,0
BRDA:117,5,1,0
BRDA:119,6,0,0
BRDA:119,6,1,0
BRF:13
BRH:0
end_of_record
TN:
SF:src/testcontainer-start-lock.ts
FN:14,intEnv
FN:21,sleep
FN:22,(anonymous_2)
FN:35,lockRoot
FN:39,safeName
FN:43,readOwner
FN:59,isOwnerProcessConfirmedDead
FN:97,withTestcontainerStartLock
FN:135,(anonymous_8)
FN:136,(anonymous_9)
FNF:10
FNH:0
FNDA:0,intEnv
FNDA:0,sleep
FNDA:0,(anonymous_2)
FNDA:0,lockRoot
FNDA:0,safeName
FNDA:0,readOwner
FNDA:0,isOwnerProcessConfirmedDead
FNDA:0,withTestcontainerStartLock
FNDA:0,(anonymous_8)
FNDA:0,(anonymous_9)
DA:10,0
DA:11,0
DA:12,0
DA:15,0
DA:16,0
DA:17,0
DA:18,0
DA:22,0
DA:36,0
DA:40,0
DA:44,0
DA:45,0
DA:47,0
DA:61,0
DA:62,0
DA:64,0
DA:67,0
DA:68,0
DA:70,0
DA:72,0
DA:73,0
DA:74,0
DA:75,0
DA:76,0
DA:78,0
DA:102,0
DA:103,0
DA:106,0
DA:107,0
DA:108,0
DA:112,0
DA:113,0
DA:114,0
DA:115,0
DA:122,0
DA:124,0
DA:125,0
DA:126,0
DA:127,0
DA:128,0
DA:130,0
DA:131,0
DA:133,0
DA:134,0
DA:135,0
DA:136,0
DA:137,0
DA:138,0
DA:139,0
DA:153,0
DA:154,0
DA:155,0
DA:158,0
DA:159,0
DA:160,0
DA:165,0
DA:169,0
DA:170,0
DA:172,0
LF:59
LH:0
BRDA:16,0,0,0
BRDA:16,0,1,0
BRDA:18,1,0,0
BRDA:18,1,1,0
BRDA:18,2,0,0
BRDA:18,2,1,0
BRDA:36,3,0,0
BRDA:36,3,1,0
BRDA:72,4,0,0
BRDA:72,4,1,0
BRDA:72,5,0,0
BRDA:72,5,1,0
BRDA:73,6,0,0
BRDA:73,6,1,0
BRDA:100,7,0,0
BRDA:102,8,0,0
BRDA:102,8,1,0
BRDA:108,9,0,0
BRDA:108,9,1,0
BRDA:112,10,0,0
BRDA:112,10,1,0
BRDA:113,11,0,0
BRDA:113,11,1,0
BRDA:131,12,0,0
BRDA:131,12,1,0
BRDA:137,13,0,0
BRDA:137,13,1,0
BRDA:153,14,0,0
BRDA:153,14,1,0
BRDA:158,15,0,0
BRDA:158,15,1,0
BRF:31
BRH:0
end_of_record
TN:
SF:src/timer-leak-ledger.ts
FN:115,installTimerLedger
FN:132,(anonymous_1)
FN:133,armWrapper
FN:138,firedWrapper
FN:160,(anonymous_4)
FN:161,clearWrapper
FN:176,(anonymous_6)
FNF:7
FNH:6
FNDA:1,installTimerLedger
FNDA:3,(anonymous_1)
FNDA:1,armWrapper
FNDA:0,firedWrapper
FNDA:3,(anonymous_4)
FNDA:1,clearWrapper
FNDA:1,(anonymous_6)
DA:98,1
DA:116,1
DA:121,1
DA:123,1
DA:132,1
DA:133,3
DA:134,1
DA:137,1
DA:141,0
DA:144,0
DA:145,0
DA:146,0
DA:152,0
DA:155,1
DA:156,1
DA:157,1
DA:160,1
DA:161,3
DA:162,1
DA:163,1
DA:166,1
DA:167,1
DA:168,1
DA:169,1
DA:170,1
DA:171,1
DA:172,1
DA:175,1
DA:179,1
DA:183,1
DA:184,1
DA:185,1
DA:186,1
DA:187,1
DA:188,1
DA:190,1
DA:191,1
DA:192,0
DA:193,0
DA:195,1
DA:196,1
LF:41
LH:34
BRDA:115,0,0,1
BRDA:137,1,0,0
BRDA:137,1,1,0
BRDA:141,2,0,0
BRDA:141,2,1,0
BRDA:144,3,0,0
BRDA:144,3,1,0
BRDA:144,4,0,0
BRDA:144,4,1,0
BRDA:146,5,0,0
BRDA:146,5,1,0
BRDA:170,6,0,1
BRDA:170,6,1,0
BRDA:187,7,0,1
BRDA:187,7,1,0
BRDA:188,8,0,1
BRDA:188,8,1,0
BRDA:193,9,0,0
BRDA:193,9,1,0
BRF:19
BRH:4
end_of_record
TN:
SF:src/tmpdir-guard.ts
FN:79,positiveEnvNumber
FN:93,tmpdirHasCriticalHeadroom
FN:96,(anonymous_2)
FN:152,tmpdirIsInsideRepo
FN:167,isWritableDir
FN:189,scrubStrayEmptyGitMarker
FN:212,tmpdirNeedsOverride
FN:232,ensurePapercuspTmpdir
FN:241,(anonymous_8)
FNF:9
FNH:0
FNDA:0,positiveEnvNumber
FNDA:0,tmpdirHasCriticalHeadroom
FNDA:0,(anonymous_2)
FNDA:0,tmpdirIsInsideRepo
FNDA:0,isWritableDir
FNDA:0,scrubStrayEmptyGitMarker
FNDA:0,tmpdirNeedsOverride
FNDA:0,ensurePapercuspTmpdir
FNDA:0,(anonymous_8)
DA:57,0
DA:64,0
DA:84,0
DA:85,0
DA:96,0
DA:98,0
DA:99,0
DA:100,0
DA:101,0
DA:102,0
DA:103,0
DA:109,0
DA:113,0
DA:119,0
DA:124,0
DA:126,0
DA:135,0
DA:144,0
DA:153,0
DA:154,0
DA:155,0
DA:156,0
DA:157,0
DA:158,0
DA:168,0
DA:169,0
DA:170,0
DA:171,0
DA:172,0
DA:174,0
DA:190,0
DA:191,0
DA:192,0
DA:193,0
DA:213,0
DA:214,0
DA:215,0
DA:216,0
DA:217,0
DA:218,0
DA:237,0
DA:240,0
DA:242,0
DA:244,0
DA:249,0
DA:252,0
DA:253,0
DA:254,0
DA:256,0
DA:258,0
DA:259,0
DA:260,0
DA:266,0
LF:53
LH:0
BRDA:85,0,0,0
BRDA:85,0,1,0
BRDA:85,1,0,0
BRDA:85,1,1,0
BRDA:95,2,0,0
BRDA:96,3,0,0
BRDA:103,4,0,0
BRDA:103,4,1,0
BRDA:104,5,0,0
BRDA:104,5,1,0
BRDA:104,5,2,0
BRDA:104,5,3,0
BRDA:124,6,0,0
BRDA:124,6,1,0
BRDA:155,7,0,0
BRDA:155,7,1,0
BRDA:155,8,0,0
BRDA:155,8,1,0
BRDA:157,9,0,0
BRDA:157,9,1,0
BRDA:192,10,0,0
BRDA:192,10,1,0
BRDA:192,11,0,0
BRDA:192,11,1,0
BRDA:213,12,0,0
BRDA:213,12,1,0
BRDA:214,13,0,0
BRDA:214,13,1,0
BRDA:215,14,0,0
BRDA:215,14,1,0
BRDA:216,15,0,0
BRDA:216,15,1,0
BRDA:217,16,0,0
BRDA:217,16,1,0
BRDA:233,17,0,0
BRDA:234,18,0,0
BRDA:240,19,0,0
BRDA:240,19,1,0
BRDA:244,20,0,0
BRDA:244,20,1,0
BRDA:245,21,0,0
BRDA:245,21,1,0
BRDA:245,21,2,0
BRDA:258,22,0,0
BRDA:258,22,1,0
BRDA:258,23,0,0
BRDA:258,23,1,0
BRF:47
BRH:0
end_of_record
TN:
SF:src/typesense-container.ts
FN:45,getTestTypesense
FN:47,(anonymous_1)
FN:67,teardownTestTypesense
FNF:3
FNH:0
FNDA:0,getTestTypesense
FNDA:0,(anonymous_1)
FNDA:0,teardownTestTypesense
DA:13,0
DA:20,0
DA:43,0
DA:46,0
DA:47,0
DA:48,0
DA:61,0
DA:62,0
DA:63,0
DA:64,0
DA:68,0
DA:69,0
DA:70,0
DA:71,0
LF:14
LH:0
BRDA:46,0,0,0
BRDA:46,0,1,0
BRDA:68,1,0,0
BRDA:68,1,1,0
BRF:4
BRH:0
end_of_record
TN:
SF:src/vitest-config.ts
FN:124,guardLayeredTestPathUnderUnit
FN:129,(anonymous_1)
FN:131,(anonymous_2)
FN:163,findMisroutedReproTests
FN:164,(anonymous_4)
FN:192,sharedHostWorkerCap
FN:247,resolveRequestedLane
FN:265,defineVitestConfig
FN:444,(anonymous_8)
FNF:9
FNH:0
FNDA:0,guardLayeredTestPathUnderUnit
FNDA:0,(anonymous_1)
FNDA:0,(anonymous_2)
FNDA:0,findMisroutedReproTests
FNDA:0,(anonymous_4)
FNDA:0,sharedHostWorkerCap
FNDA:0,resolveRequestedLane
FNDA:0,defineVitestConfig
FNDA:0,(anonymous_8)
DA:47,0
DA:49,0
DA:50,0
DA:51,0
DA:55,0
DA:59,0
DA:66,0
DA:74,0
DA:93,0
DA:100,0
DA:102,0
DA:113,0
DA:114,0
DA:122,0
DA:127,0
DA:129,0
DA:130,0
DA:131,0
DA:132,0
DA:133,0
DA:134,0
DA:159,0
DA:164,0
DA:196,0
DA:197,0
DA:199,0
DA:206,0
DA:213,0
DA:223,0
DA:248,0
DA:249,0
DA:252,0
DA:253,0
DA:254,0
DA:259,0
DA:260,0
DA:262,0
DA:274,0
DA:277,0
DA:283,0
DA:284,0
DA:290,0
DA:301,0
DA:302,0
DA:314,0
DA:326,0
DA:327,0
DA:328,0
DA:329,0
DA:332,0
DA:338,0
DA:339,0
DA:343,0
DA:348,0
DA:349,0
DA:355,0
DA:445,0
DA:449,0
DA:457,0
DA:459,0
DA:467,0
LF:61
LH:0
BRDA:102,0,0,0
BRDA:102,0,1,0
BRDA:129,1,0,0
BRDA:129,1,1,0
BRDA:130,2,0,0
BRDA:130,2,1,0
BRDA:131,3,0,0
BRDA:131,3,1,0
BRDA:132,4,0,0
BRDA:132,4,1,0
BRDA:133,5,0,0
BRDA:133,5,1,0
BRDA:192,6,0,0
BRDA:196,7,0,0
BRDA:196,7,1,0
BRDA:199,8,0,0
BRDA:199,8,1,0
BRDA:199,9,0,0
BRDA:199,9,1,0
BRDA:201,10,0,0
BRDA:201,10,1,0
BRDA:203,11,0,0
BRDA:203,11,1,0
BRDA:206,12,0,0
BRDA:206,12,1,0
BRDA:249,13,0,0
BRDA:249,13,1,0
BRDA:252,14,0,0
BRDA:252,14,1,0
BRDA:253,15,0,0
BRDA:253,15,1,0
BRDA:259,16,0,0
BRDA:259,16,1,0
BRDA:259,17,0,0
BRDA:259,17,1,0
BRDA:268,18,0,0
BRDA:269,19,0,0
BRDA:271,20,0,0
BRDA:272,21,0,0
BRDA:273,22,0,0
BRDA:277,23,0,0
BRDA:277,23,1,0
BRDA:283,24,0,0
BRDA:283,24,1,0
BRDA:283,25,0,0
BRDA:283,25,1,0
BRDA:290,26,0,0
BRDA:290,26,1,0
BRDA:301,27,0,0
BRDA:301,27,1,0
BRDA:302,28,0,0
BRDA:302,28,1,0
BRDA:314,29,0,0
BRDA:314,29,1,0
BRDA:315,30,0,0
BRDA:315,30,1,0
BRDA:317,31,0,0
BRDA:317,31,1,0
BRDA:328,32,0,0
BRDA:328,32,1,0
BRDA:329,33,0,0
BRDA:329,33,1,0
BRDA:339,34,0,0
BRDA:339,34,1,0
BRDA:350,35,0,0
BRDA:350,35,1,0
BRDA:351,36,0,0
BRDA:351,36,1,0
BRDA:371,37,0,0
BRDA:371,37,1,0
BRDA:371,38,0,0
BRDA:371,38,1,0
BRDA:375,39,0,0
BRDA:375,39,1,0
BRDA:379,40,0,0
BRDA:379,40,1,0
BRDA:392,41,0,0
BRDA:392,41,1,0
BRDA:395,42,0,0
BRDA:395,42,1,0
BRDA:400,43,0,0
BRDA:400,43,1,0
BRDA:431,44,0,0
BRDA:431,44,1,0
BRDA:432,45,0,0
BRDA:432,45,1,0
BRDA:433,46,0,0
BRDA:433,46,1,0
BRDA:445,47,0,0
BRDA:445,47,1,0
BRDA:446,48,0,0
BRDA:446,48,1,0
BRDA:461,49,0,0
BRDA:461,49,1,0
BRDA:461,50,0,0
BRDA:461,50,1,0
BRDA:462,51,0,0
BRDA:462,51,1,0
BRDA:486,52,0,0
BRDA:486,52,1,0
BRDA:487,53,0,0
BRDA:487,53,1,0
BRDA:491,54,0,0
BRDA:491,54,1,0
BRF:104
BRH:0
end_of_record
